<?xml version="1.0"?>
<testsuites>
  <testsuite name="PhantomJS 1.9.8 (Mac OS X 0.0.0)" package="" timestamp="2016-05-16T13:42:54" id="0" hostname="Edmunds-MacBook-Pro.local" tests="258" errors="0" failures="0" time="0.279">
    <properties>
      <property name="browser.fullName" value="Mozilla/5.0 (Macintosh; Intel Mac OS X) AppleWebKit/534.34 (KHTML, like Gecko) PhantomJS/1.9.8 Safari/534.34"/>
    </properties>
    <testcase name="it creates a new field" time="0.001" classname="PhantomJS 1.9.8 (Mac OS X 0.0.0).OLCS_addAnother given a stubbed DOM and the component is invoked when the user clicks the &apos;Add another&apos; button"/>
    <testcase name="with correctly incremented values" time="0.002" classname="PhantomJS 1.9.8 (Mac OS X 0.0.0).OLCS_addAnother given a stubbed DOM and the component is invoked when the user clicks the &apos;Add another&apos; button"/>
    <testcase name="should be defined" time="0" classname="PhantomJS 1.9.8 (Mac OS X 0.0.0).OLCS_cascadeForm"/>
    <testcase name="should be a function" time="0.001" classname="PhantomJS 1.9.8 (Mac OS X 0.0.0).OLCS_cascadeForm"/>
    <testcase name="should bind the correct change listener to the form" time="0.001" classname="PhantomJS 1.9.8 (Mac OS X 0.0.0).OLCS_cascadeForm Given a stubbed DOM When initialised with valid options"/>
    <testcase name="should show the first fieldset" time="0" classname="PhantomJS 1.9.8 (Mac OS X 0.0.0).OLCS_cascadeForm Given a stubbed DOM When initialised with valid options"/>
    <testcase name="should not fire the first fieldset&apos;s show event" time="0.001" classname="PhantomJS 1.9.8 (Mac OS X 0.0.0).OLCS_cascadeForm Given a stubbed DOM When initialised with valid options"/>
    <testcase name="should hide the second fieldset" time="0" classname="PhantomJS 1.9.8 (Mac OS X 0.0.0).OLCS_cascadeForm Given a stubbed DOM When initialised with valid options"/>
    <testcase name="should fire the second fieldset&apos;s hide event" time="0" classname="PhantomJS 1.9.8 (Mac OS X 0.0.0).OLCS_cascadeForm Given a stubbed DOM When initialised with valid options"/>
    <testcase name="should hide the third fieldset" time="0.001" classname="PhantomJS 1.9.8 (Mac OS X 0.0.0).OLCS_cascadeForm Given a stubbed DOM When initialised with valid options"/>
    <testcase name="should show the fourth fieldset" time="0.001" classname="PhantomJS 1.9.8 (Mac OS X 0.0.0).OLCS_cascadeForm Given a stubbed DOM When initialised with valid options"/>
    <testcase name="should hide the fourth input" time="0" classname="PhantomJS 1.9.8 (Mac OS X 0.0.0).OLCS_cascadeForm Given a stubbed DOM When initialised with valid options"/>
    <testcase name="should hide the fourth input&apos;s validation wrapper" time="0" classname="PhantomJS 1.9.8 (Mac OS X 0.0.0).OLCS_cascadeForm Given a stubbed DOM When initialised with valid options"/>
    <testcase name="should show the first fieldset" time="0" classname="PhantomJS 1.9.8 (Mac OS X 0.0.0).OLCS_cascadeForm Given a stubbed DOM When initialised with valid options When giving the first input a value"/>
    <testcase name="should show the second fieldset" time="0.001" classname="PhantomJS 1.9.8 (Mac OS X 0.0.0).OLCS_cascadeForm Given a stubbed DOM When initialised with valid options When giving the first input a value"/>
    <testcase name="should hide the third fieldset" time="0" classname="PhantomJS 1.9.8 (Mac OS X 0.0.0).OLCS_cascadeForm Given a stubbed DOM When initialised with valid options When giving the first input a value"/>
    <testcase name="should show the fourth input" time="0.001" classname="PhantomJS 1.9.8 (Mac OS X 0.0.0).OLCS_cascadeForm Given a stubbed DOM When initialised with valid options When giving the first input a value"/>
    <testcase name="should show the fourth input&apos;s validation wrapper" time="0" classname="PhantomJS 1.9.8 (Mac OS X 0.0.0).OLCS_cascadeForm Given a stubbed DOM When initialised with valid options When giving the first input a value"/>
    <testcase name="should show the first fieldset" time="0.001" classname="PhantomJS 1.9.8 (Mac OS X 0.0.0).OLCS_cascadeForm Given a stubbed DOM When initialised with valid options When giving the first input a value When giving the second input a specific value"/>
    <testcase name="should show the second fieldset" time="0.001" classname="PhantomJS 1.9.8 (Mac OS X 0.0.0).OLCS_cascadeForm Given a stubbed DOM When initialised with valid options When giving the first input a value When giving the second input a specific value"/>
    <testcase name="should show the third fieldset" time="0.001" classname="PhantomJS 1.9.8 (Mac OS X 0.0.0).OLCS_cascadeForm Given a stubbed DOM When initialised with valid options When giving the first input a value When giving the second input a specific value"/>
    <testcase name="should show the third fieldset&apos;s first label" time="0.001" classname="PhantomJS 1.9.8 (Mac OS X 0.0.0).OLCS_cascadeForm Given a stubbed DOM When initialised with valid options When giving the first input a value When giving the second input a specific value"/>
    <testcase name="should hide the third fieldset&apos;s second label" time="0.001" classname="PhantomJS 1.9.8 (Mac OS X 0.0.0).OLCS_cascadeForm Given a stubbed DOM When initialised with valid options When giving the first input a value When giving the second input a specific value"/>
    <testcase name="should show the first fieldset" time="0.001" classname="PhantomJS 1.9.8 (Mac OS X 0.0.0).OLCS_cascadeForm Given a stubbed DOM When initialised with valid options When giving the first input a value When giving the second input a specific value When updating the first input&apos;s value"/>
    <testcase name="should show the second fieldset" time="0" classname="PhantomJS 1.9.8 (Mac OS X 0.0.0).OLCS_cascadeForm Given a stubbed DOM When initialised with valid options When giving the first input a value When giving the second input a specific value When updating the first input&apos;s value"/>
    <testcase name="should show the third fieldset" time="0.001" classname="PhantomJS 1.9.8 (Mac OS X 0.0.0).OLCS_cascadeForm Given a stubbed DOM When initialised with valid options When giving the first input a value When giving the second input a specific value When updating the first input&apos;s value"/>
    <testcase name="should show the third fieldset&apos;s first label" time="0.001" classname="PhantomJS 1.9.8 (Mac OS X 0.0.0).OLCS_cascadeForm Given a stubbed DOM When initialised with valid options When giving the first input a value When giving the second input a specific value When updating the first input&apos;s value"/>
    <testcase name="should show the third fieldset&apos;s second label" time="0.001" classname="PhantomJS 1.9.8 (Mac OS X 0.0.0).OLCS_cascadeForm Given a stubbed DOM When initialised with valid options When giving the first input a value When giving the second input a specific value When updating the first input&apos;s value"/>
    <testcase name="should invoke the supplied submit handler" time="0" classname="PhantomJS 1.9.8 (Mac OS X 0.0.0).OLCS_cascadeForm Given a stubbed DOM When initialised with valid options When submitting the form">
      <skipped/>
    </testcase>
    <testcase name="should throw the correct error" time="0.001" classname="PhantomJS 1.9.8 (Mac OS X 0.0.0).OLCS_cascadeForm Given a stubbed DOM When initialised with an invalid ruleset selector"/>
    <testcase name="should be defined" time="0" classname="PhantomJS 1.9.8 (Mac OS X 0.0.0).OLCS_cascadeInput"/>
    <testcase name="should be a function" time="0.001" classname="PhantomJS 1.9.8 (Mac OS X 0.0.0).OLCS_cascadeInput"/>
    <testcase name="throws the correct error" time="0" classname="PhantomJS 1.9.8 (Mac OS X 0.0.0).OLCS_cascadeInput Given a stubbed DOM When initialised with no process callback"/>
    <testcase name="invokes the process method" time="0.001" classname="PhantomJS 1.9.8 (Mac OS X 0.0.0).OLCS_cascadeInput Given a stubbed DOM When initialised with valid options When the source value changes"/>
    <testcase name="updates the destination options" time="0.003" classname="PhantomJS 1.9.8 (Mac OS X 0.0.0).OLCS_cascadeInput Given a stubbed DOM When initialised with valid options When the source value changes When the process method returns"/>
    <testcase name="invokes jQuery.get" time="0.004" classname="PhantomJS 1.9.8 (Mac OS X 0.0.0).OLCS_cascadeInput Given a stubbed DOM When initialised with a URL option Given a stubbed ajax mechanism When the source value changes"/>
    <testcase name="with the correct arguments" time="0.001" classname="PhantomJS 1.9.8 (Mac OS X 0.0.0).OLCS_cascadeInput Given a stubbed DOM When initialised with a URL option Given a stubbed ajax mechanism When the source value changes"/>
    <testcase name="should be a function" time="0.001" classname="PhantomJS 1.9.8 (Mac OS X 0.0.0).OLCS_characterCount"/>
    <testcase name="then a character count should be inserted into the DOM" time="0.001" classname="PhantomJS 1.9.8 (Mac OS X 0.0.0).OLCS_characterCount given a stubbed DOM with an empty textarea when invoked with a selector"/>
    <testcase name="and the character count should be &apos;0&apos;" time="0.001" classname="PhantomJS 1.9.8 (Mac OS X 0.0.0).OLCS_characterCount given a stubbed DOM with an empty textarea when invoked with a selector"/>
    <testcase name="then the character count should reflect the number of characters in the textarea" time="0" classname="PhantomJS 1.9.8 (Mac OS X 0.0.0).OLCS_characterCount given a stubbed DOM with an empty textarea when invoked with a selector when the textarea is updated"/>
    <testcase name="then the character count should immediately display the number of characters in the textarea" time="0.002" classname="PhantomJS 1.9.8 (Mac OS X 0.0.0).OLCS_characterCount given a stubbed DOM with prepopulated textarea when invoked with a selector"/>
    <testcase name="should be defined" time="0.002" classname="PhantomJS 1.9.8 (Mac OS X 0.0.0).OLCS_conditionalButton"/>
    <testcase name="should be a function" time="0.002" classname="PhantomJS 1.9.8 (Mac OS X 0.0.0).OLCS_conditionalButton"/>
    <testcase name="binds a change handler to the correct selectors" time="0.002" classname="PhantomJS 1.9.8 (Mac OS X 0.0.0).OLCS_conditionalButton Given a stubbed DOM when initialised with valid options"/>
    <testcase name="should be defined" time="0" classname="PhantomJS 1.9.8 (Mac OS X 0.0.0).OLCS_crudTableHandler"/>
    <testcase name="should be a function" time="0.001" classname="PhantomJS 1.9.8 (Mac OS X 0.0.0).OLCS_crudTableHandler"/>
    <testcase name="binds a click handler to the correct selectors" time="0" classname="PhantomJS 1.9.8 (Mac OS X 0.0.0).OLCS_crudTableHandler Given a stubbed DOM when initialised"/>
    <testcase name="marks the button as being pressed" time="0" classname="PhantomJS 1.9.8 (Mac OS X 0.0.0).OLCS_crudTableHandler Given a stubbed DOM when initialised When triggering the on click handler">
      <skipped/>
    </testcase>
    <testcase name="should be a function" time="0" classname="PhantomJS 1.9.8 (Mac OS X 0.0.0).OLCS_dataTooltip"/>
    <testcase name="the parent should now have the class &apos;tooltip-parent&apos;" time="0" classname="PhantomJS 1.9.8 (Mac OS X 0.0.0).OLCS_dataTooltip Given a stubbed DOM with the tooltip data attribute When invoked Test that the tooltip is correctly created"/>
    <testcase name="and the tooltip content should be created" time="0" classname="PhantomJS 1.9.8 (Mac OS X 0.0.0).OLCS_dataTooltip Given a stubbed DOM with the tooltip data attribute When invoked Test that the tooltip is correctly created"/>
    <testcase name="should be a function" time="0.001" classname="PhantomJS 1.9.8 (Mac OS X 0.0.0).OLCS_disableForm"/>
    <testcase name="The submit buttons should have the &apos;disabled&apos; class" time="0.004" classname="PhantomJS 1.9.8 (Mac OS X 0.0.0).OLCS_disableForm Given a form with multiple submit buttons When invoked using basic options and page is rendered When a regular submit button is clicked"/>
    <testcase name="The clicked button should have correct loading text" time="0.001" classname="PhantomJS 1.9.8 (Mac OS X 0.0.0).OLCS_disableForm Given a form with multiple submit buttons When invoked using basic options and page is rendered When a regular submit button is clicked"/>
    <testcase name="All other submit buttons should remain unaffected" time="0.001" classname="PhantomJS 1.9.8 (Mac OS X 0.0.0).OLCS_disableForm Given a form with multiple submit buttons When invoked using basic options and page is rendered When a regular submit button is clicked"/>
    <testcase name="The clicked button should have correct loading text" time="0" classname="PhantomJS 1.9.8 (Mac OS X 0.0.0).OLCS_disableForm Given a form with multiple submit buttons When invoked using basic options and page is rendered When a submit button with the &apos;data-onclick-become&apos; attribute is clicked"/>
    <testcase name="should be defined" time="0.001" classname="PhantomJS 1.9.8 (Mac OS X 0.0.0).OLCS_eventEmitter"/>
    <testcase name="should expose the correct public interface" time="0.001" classname="PhantomJS 1.9.8 (Mac OS X 0.0.0).OLCS_eventEmitter"/>
    <testcase name="triggers the handler correctly" time="0.001" classname="PhantomJS 1.9.8 (Mac OS X 0.0.0).OLCS_eventEmitter on Given an emit matching the namespace with no arguments"/>
    <testcase name="triggers the handler again" time="0" classname="PhantomJS 1.9.8 (Mac OS X 0.0.0).OLCS_eventEmitter on Given an emit matching the namespace with no arguments When triggered again"/>
    <testcase name="triggers the handler correctly" time="0" classname="PhantomJS 1.9.8 (Mac OS X 0.0.0).OLCS_eventEmitter on Given an emit matching the namespace with arguments"/>
    <testcase name="triggers the handler correctly" time="0" classname="PhantomJS 1.9.8 (Mac OS X 0.0.0).OLCS_eventEmitter once Given an emit matching the namespace with no arguments"/>
    <testcase name="does not trigger the handler again" time="0.001" classname="PhantomJS 1.9.8 (Mac OS X 0.0.0).OLCS_eventEmitter once Given an emit matching the namespace with no arguments When triggered again"/>
    <testcase name="should be defined" time="0" classname="PhantomJS 1.9.8 (Mac OS X 0.0.0).OLCS_fileUpload"/>
    <testcase name="should be a function" time="0.001" classname="PhantomJS 1.9.8 (Mac OS X 0.0.0).OLCS_fileUpload"/>
    <testcase name="should hide the submit button" time="0.002" classname="PhantomJS 1.9.8 (Mac OS X 0.0.0).OLCS_fileUpload When initialised Given a stubbed DOM Given the DOM is in a clean state when initialised with &apos;multiple&apos; options"/>
    <testcase name="should be defined" time="0" classname="PhantomJS 1.9.8 (Mac OS X 0.0.0).OLCS_formHandler"/>
    <testcase name="should be a function" time="0.001" classname="PhantomJS 1.9.8 (Mac OS X 0.0.0).OLCS_formHandler"/>
    <testcase name="hides the submit button" time="0.004" classname="PhantomJS 1.9.8 (Mac OS X 0.0.0).OLCS_formHandler Given a stubbed DOM when initialised with valid options with no filter option"/>
    <testcase name="invokes an AJAX request" time="0" classname="PhantomJS 1.9.8 (Mac OS X 0.0.0).OLCS_formHandler Given a stubbed DOM when initialised with valid options with no filter option Given a stubbed OLCS_submitForm component When submitting the target form"/>
    <testcase name="inserts the response into the correct container" time="0" classname="PhantomJS 1.9.8 (Mac OS X 0.0.0).OLCS_formHandler Given a stubbed DOM when initialised with valid options with no filter option Given a stubbed OLCS_submitForm component When submitting the target form Given the request returns successfully"/>
    <testcase name="invokes an AJAX request" time="0.001" classname="PhantomJS 1.9.8 (Mac OS X 0.0.0).OLCS_formHandler Given a stubbed DOM when initialised with valid options with no filter option Given a stubbed OLCS_submitForm component When triggering the form&apos;s onchange event"/>
    <testcase name="inserts the response into the correct container" time="0.001" classname="PhantomJS 1.9.8 (Mac OS X 0.0.0).OLCS_formHandler Given a stubbed DOM when initialised with valid options with a filter option Given a stubbed OLCS_submitForm component When submitting the target form Given the request returns successfully"/>
    <testcase name="unbinds all listeners" time="0.001" classname="PhantomJS 1.9.8 (Mac OS X 0.0.0).OLCS_formHandler Given a stubbed DOM unbind Given an initialised component When the handler is unbound"/>
    <testcase name="should be defined" time="0.001" classname="PhantomJS 1.9.8 (Mac OS X 0.0.0).OLCS_formHelper"/>
    <testcase name="should be a function" time="0" classname="PhantomJS 1.9.8 (Mac OS X 0.0.0).OLCS_formHelper"/>
    <testcase name="should also expose various helper functions" time="0.008" classname="PhantomJS 1.9.8 (Mac OS X 0.0.0).OLCS_formHelper"/>
    <testcase name="invokes the expected jQuery selector" time="0.005" classname="PhantomJS 1.9.8 (Mac OS X 0.0.0).OLCS_formHelper Given a stubbed jQuery object fieldset"/>
    <testcase name="returns the result from $.find" time="0.001" classname="PhantomJS 1.9.8 (Mac OS X 0.0.0).OLCS_formHelper Given a stubbed jQuery object fieldset"/>
    <testcase name="invokes the expected jQuery selector" time="0.001" classname="PhantomJS 1.9.8 (Mac OS X 0.0.0).OLCS_formHelper Given a stubbed jQuery object input"/>
    <testcase name="returns the result from $.find" time="0" classname="PhantomJS 1.9.8 (Mac OS X 0.0.0).OLCS_formHelper Given a stubbed jQuery object input"/>
    <testcase name="invokes the fieldset method" time="0" classname="PhantomJS 1.9.8 (Mac OS X 0.0.0).OLCS_formHelper Given a stubbed jQuery object When invoking the helper function With a single argument"/>
    <testcase name="invokes the input method" time="0.001" classname="PhantomJS 1.9.8 (Mac OS X 0.0.0).OLCS_formHelper Given a stubbed jQuery object When invoking the helper function With two arguments"/>
    <testcase name="adds a hidden input with the value of the button" time="0" classname="PhantomJS 1.9.8 (Mac OS X 0.0.0).OLCS_formHelper Given a stubbed DOM pressButton"/>
    <testcase name="returns the correct result" time="0.001" classname="PhantomJS 1.9.8 (Mac OS X 0.0.0).OLCS_formHelper Given a stubbed DOM pressButton buttonPressed When invoked on the button which has been pressed"/>
    <testcase name="returns the correct result" time="0.001" classname="PhantomJS 1.9.8 (Mac OS X 0.0.0).OLCS_formHelper Given a stubbed DOM pressButton buttonPressed When invoked on a button which has not been pressed"/>
    <testcase name="returns the correct result" time="0.001" classname="PhantomJS 1.9.8 (Mac OS X 0.0.0).OLCS_formHelper Given a stubbed DOM isChecked When invoked on a radio button which is checked"/>
    <testcase name="returns the correct result" time="0" classname="PhantomJS 1.9.8 (Mac OS X 0.0.0).OLCS_formHelper Given a stubbed DOM isChecked When invoked on a radio button which does not exist"/>
    <testcase name="returns the correct result" time="0" classname="PhantomJS 1.9.8 (Mac OS X 0.0.0).OLCS_formHelper Given a stubbed DOM isSelected When invoked on a select element checking a selected value"/>
    <testcase name="returns the correct result" time="0" classname="PhantomJS 1.9.8 (Mac OS X 0.0.0).OLCS_formHelper Given a stubbed DOM isSelected When invoked on a select element checking an unselected value"/>
    <testcase name="returns true" time="0" classname="PhantomJS 1.9.8 (Mac OS X 0.0.0).OLCS_formHelper Given a stubbed DOM containsErrors Given a stubbed DOM with errors When invoked"/>
    <testcase name="returns false" time="0" classname="PhantomJS 1.9.8 (Mac OS X 0.0.0).OLCS_formHelper Given a stubbed DOM containsErrors Given a stubbed DOM without errors When invoked"/>
    <testcase name="removes the expected elements" time="0.003" classname="PhantomJS 1.9.8 (Mac OS X 0.0.0).OLCS_formHelper Given a stubbed DOM clearErrors Given a stubbed DOM When invoked"/>
    <testcase name="does not remove the expected list element" time="0" classname="PhantomJS 1.9.8 (Mac OS X 0.0.0).OLCS_formHelper Given a stubbed DOM clearErrors Given a stubbed DOM When invoked"/>
    <testcase name="removes any validation wrapper classes" time="0.004" classname="PhantomJS 1.9.8 (Mac OS X 0.0.0).OLCS_formHelper Given a stubbed DOM clearErrors Given a stubbed DOM When invoked"/>
    <testcase name="checks the correct element" time="0.001" classname="PhantomJS 1.9.8 (Mac OS X 0.0.0).OLCS_formHelper selectRadio Given a stubbed DOM When invoked"/>
    <testcase name="does not check the other elements" time="0.001" classname="PhantomJS 1.9.8 (Mac OS X 0.0.0).OLCS_formHelper selectRadio Given a stubbed DOM When invoked"/>
    <testcase name="should be defined" time="0" classname="PhantomJS 1.9.8 (Mac OS X 0.0.0).OLCS_modalForm"/>
    <testcase name="should be a function" time="0.001" classname="PhantomJS 1.9.8 (Mac OS X 0.0.0).OLCS_modalForm"/>
    <testcase name="shows a modal" time="0.001" classname="PhantomJS 1.9.8 (Mac OS X 0.0.0).OLCS_modalForm Given a stubbed modal Given a stubbed form handler when invoked"/>
    <testcase name="binds a form handler" time="0" classname="PhantomJS 1.9.8 (Mac OS X 0.0.0).OLCS_modalForm Given a stubbed modal Given a stubbed form handler when invoked"/>
    <testcase name="unbinds the form handler" time="0" classname="PhantomJS 1.9.8 (Mac OS X 0.0.0).OLCS_modalForm Given a stubbed modal Given a stubbed form handler when invoked when closing the modal">
      <skipped/>
    </testcase>
    <testcase name="should be defined" time="0" classname="PhantomJS 1.9.8 (Mac OS X 0.0.0).OLCS_modal"/>
    <testcase name="should expose the correct public interface" time="0.002" classname="PhantomJS 1.9.8 (Mac OS X 0.0.0).OLCS_modal"/>
    <testcase name="shows the modal overlay" time="0" classname="PhantomJS 1.9.8 (Mac OS X 0.0.0).OLCS_modal show"/>
    <testcase name="shows the modal wrapper" time="0.001" classname="PhantomJS 1.9.8 (Mac OS X 0.0.0).OLCS_modal show"/>
    <testcase name="applies the correct title" time="0.001" classname="PhantomJS 1.9.8 (Mac OS X 0.0.0).OLCS_modal show"/>
    <testcase name="applies the correct body" time="0" classname="PhantomJS 1.9.8 (Mac OS X 0.0.0).OLCS_modal show"/>
    <testcase name="hides the modal overlay" time="0.001" classname="PhantomJS 1.9.8 (Mac OS X 0.0.0).OLCS_modal show hide"/>
    <testcase name="hides the modal wrapper" time="0.005" classname="PhantomJS 1.9.8 (Mac OS X 0.0.0).OLCS_modal show hide"/>
    <testcase name="emits the correct event" time="0.001" classname="PhantomJS 1.9.8 (Mac OS X 0.0.0).OLCS_modal show hide"/>
    <testcase name="should have a close button" time="0" classname="PhantomJS 1.9.8 (Mac OS X 0.0.0).OLCS_modal Given a stubbed DOM with a modal close button"/>
    <testcase name="should have a modal wrapper" time="0" classname="PhantomJS 1.9.8 (Mac OS X 0.0.0).OLCS_modal Given a stubbed DOM with a modal close button"/>
    <testcase name="invokes the modal&apos;s hide method" time="0" classname="PhantomJS 1.9.8 (Mac OS X 0.0.0).OLCS_modal Given a stubbed DOM with a modal close button When clicking the modal close button"/>
    <testcase name="should be defined" time="0" classname="PhantomJS 1.9.8 (Mac OS X 0.0.0).OLCS_multiFilter"/>
    <testcase name="should be a function" time="0" classname="PhantomJS 1.9.8 (Mac OS X 0.0.0).OLCS_multiFilter"/>
    <testcase name="removes all the destination&apos;s options" time="0.001" classname="PhantomJS 1.9.8 (Mac OS X 0.0.0).OLCS_multiFilter Given a stubbed DOM When invoked"/>
    <testcase name="shows the correct destination optgroup" time="0" classname="PhantomJS 1.9.8 (Mac OS X 0.0.0).OLCS_multiFilter Given a stubbed DOM When invoked When selecting the first from value"/>
    <testcase name="shows the correct destination options" time="0.001" classname="PhantomJS 1.9.8 (Mac OS X 0.0.0).OLCS_multiFilter Given a stubbed DOM When invoked When selecting the first from value"/>
    <testcase name="selects the second item in the destination dropdown" time="0.001" classname="PhantomJS 1.9.8 (Mac OS X 0.0.0).OLCS_multiFilter Given a stubbed DOM When invoked When selecting the first from value When selecting the second item in the destination dropdown"/>
    <testcase name="shows the correct destination optgroups" time="0.001" classname="PhantomJS 1.9.8 (Mac OS X 0.0.0).OLCS_multiFilter Given a stubbed DOM When invoked When selecting the first from value When selecting the second item in the destination dropdown When adding the second from value"/>
    <testcase name="shows the correct destination options" time="0" classname="PhantomJS 1.9.8 (Mac OS X 0.0.0).OLCS_multiFilter Given a stubbed DOM When invoked When selecting the first from value When selecting the second item in the destination dropdown When adding the second from value"/>
    <testcase name="keeps the second item in the destination selected" time="0.001" classname="PhantomJS 1.9.8 (Mac OS X 0.0.0).OLCS_multiFilter Given a stubbed DOM When invoked When selecting the first from value When selecting the second item in the destination dropdown When adding the second from value"/>
    <testcase name="should be a function" time="0.001" classname="PhantomJS 1.9.8 (Mac OS X 0.0.0).OLCS_normaliseResponse"/>
    <testcase name="throws the expected error" time="0.004" classname="PhantomJS 1.9.8 (Mac OS X 0.0.0).OLCS_normaliseResponse When invoked with no arguments"/>
    <testcase name="returns a function" time="0" classname="PhantomJS 1.9.8 (Mac OS X 0.0.0).OLCS_normaliseResponse When invoked with a single function argument"/>
    <testcase name="returns the unmodified response" time="0.001" classname="PhantomJS 1.9.8 (Mac OS X 0.0.0).OLCS_normaliseResponse When invoked with a single function argument When invoking the returned function With an object"/>
    <testcase name="returns the correct default response code" time="0.001" classname="PhantomJS 1.9.8 (Mac OS X 0.0.0).OLCS_normaliseResponse When invoked with a single function argument When invoking the returned function With a string With no known DOM elements"/>
    <testcase name="returns an empty title" time="0" classname="PhantomJS 1.9.8 (Mac OS X 0.0.0).OLCS_normaliseResponse When invoked with a single function argument When invoking the returned function With a string With no known DOM elements"/>
    <testcase name="returns the original response as the body property" time="0" classname="PhantomJS 1.9.8 (Mac OS X 0.0.0).OLCS_normaliseResponse When invoked with a single function argument When invoking the returned function With a string With no known DOM elements"/>
    <testcase name="returns no errors" time="0.001" classname="PhantomJS 1.9.8 (Mac OS X 0.0.0).OLCS_normaliseResponse When invoked with a single function argument When invoking the returned function With a string With no known DOM elements"/>
    <testcase name="returns no warnings" time="0.001" classname="PhantomJS 1.9.8 (Mac OS X 0.0.0).OLCS_normaliseResponse When invoked with a single function argument When invoking the returned function With a string With no known DOM elements"/>
    <testcase name="returns the correct default response code" time="0.001" classname="PhantomJS 1.9.8 (Mac OS X 0.0.0).OLCS_normaliseResponse When invoked with a single function argument When invoking the returned function With a string With known DOM elements With a simple body"/>
    <testcase name="returns the corret title" time="0.001" classname="PhantomJS 1.9.8 (Mac OS X 0.0.0).OLCS_normaliseResponse When invoked with a single function argument When invoking the returned function With a string With known DOM elements With a simple body"/>
    <testcase name="returns the correct body" time="0" classname="PhantomJS 1.9.8 (Mac OS X 0.0.0).OLCS_normaliseResponse When invoked with a single function argument When invoking the returned function With a string With known DOM elements With a simple body"/>
    <testcase name="returns no errors" time="0" classname="PhantomJS 1.9.8 (Mac OS X 0.0.0).OLCS_normaliseResponse When invoked with a single function argument When invoking the returned function With a string With known DOM elements With a simple body"/>
    <testcase name="returns no warnings" time="0.001" classname="PhantomJS 1.9.8 (Mac OS X 0.0.0).OLCS_normaliseResponse When invoked with a single function argument When invoking the returned function With a string With known DOM elements With a simple body"/>
    <testcase name="returns the inner body" time="0" classname="PhantomJS 1.9.8 (Mac OS X 0.0.0).OLCS_normaliseResponse When invoked with a single function argument When invoking the returned function With a string With known DOM elements With an inner body"/>
    <testcase name="should be a function" time="0" classname="PhantomJS 1.9.8 (Mac OS X 0.0.0).OLCS_notices"/>
    <testcase name="It should add a &apos;Close button&apos; to each notice" time="0.001" classname="PhantomJS 1.9.8 (Mac OS X 0.0.0).OLCS_notices Given a stubbed DOM with more than one notice Given a fake clock When invoked And the page has rendered"/>
    <testcase name="It removes the expected element" time="0.005" classname="PhantomJS 1.9.8 (Mac OS X 0.0.0).OLCS_notices Given a stubbed DOM with more than one notice Given a fake clock When invoked And the page has rendered When the first notice&apos;s close button is clicked"/>
    <testcase name="It removes the container from them DOM" time="0.001" classname="PhantomJS 1.9.8 (Mac OS X 0.0.0).OLCS_notices Given a stubbed DOM with more than one notice Given a fake clock When invoked And the page has rendered When the first notice&apos;s close button is clicked When the last remaining element&apos;s close button is clicked"/>
    <testcase name="It removes the container from them DOM" time="0.001" classname="PhantomJS 1.9.8 (Mac OS X 0.0.0).OLCS_notices Given a stubbed DOM with more than one notice Given a fake clock When invoked And the page has rendered After 10 seconds has passed"/>
    <testcase name="The notice container should still be present" time="0.001" classname="PhantomJS 1.9.8 (Mac OS X 0.0.0).OLCS_notices Given a stubbed DOM with the class of either &apos;modal&apos; or &apos;one-fifth--right Given a fake clock When invoked and the page has rendered After 14000ms seconds has passed"/>
    <testcase name="should be defined" time="0" classname="PhantomJS 1.9.8 (Mac OS X 0.0.0).OLCS_postcodeSearch"/>
    <testcase name="should be a function" time="0.001" classname="PhantomJS 1.9.8 (Mac OS X 0.0.0).OLCS_postcodeSearch"/>
    <testcase name="should hide the address fields" time="0.002" classname="PhantomJS 1.9.8 (Mac OS X 0.0.0).OLCS_postcodeSearch When initialised Given a stubbed DOM Given the DOM is in a clean state When the component is notified of a new DOM"/>
    <testcase name="should show the manual address button" time="0.001" classname="PhantomJS 1.9.8 (Mac OS X 0.0.0).OLCS_postcodeSearch When initialised Given a stubbed DOM Given the DOM is in a clean state When the component is notified of a new DOM"/>
    <testcase name="should invoke a form AJAX submission" time="0.001" classname="PhantomJS 1.9.8 (Mac OS X 0.0.0).OLCS_postcodeSearch When initialised Given a stubbed DOM Given the DOM is in a clean state When the component is notified of a new DOM When clicking the find button"/>
    <testcase name="throws an error as there is no valid root selector found" time="0.001" classname="PhantomJS 1.9.8 (Mac OS X 0.0.0).OLCS_postcodeSearch When initialised Given a stubbed DOM Given the DOM is in a clean state When the component is notified of a new DOM When clicking the find button Given the AJAX request returns successfully"/>
    <testcase name="should show the address fields" time="0.001" classname="PhantomJS 1.9.8 (Mac OS X 0.0.0).OLCS_postcodeSearch When initialised Given a stubbed DOM Given the DOM is in a clean state When the component is notified of a new DOM When clicking the enter address manually button"/>
    <testcase name="should hide the manual address button" time="0" classname="PhantomJS 1.9.8 (Mac OS X 0.0.0).OLCS_postcodeSearch When initialised Given a stubbed DOM Given the DOM is in a clean state When the component is notified of a new DOM When clicking the enter address manually button"/>
    <testcase name="should convert the input to uppercase and add a space" time="0.001" classname="PhantomJS 1.9.8 (Mac OS X 0.0.0).OLCS_postcodeSearch When initialised Given a stubbed DOM Given the the input field has an incorrectly formatted postcode When clicking the find button"/>
    <testcase name="should show the address fields" time="0.002" classname="PhantomJS 1.9.8 (Mac OS X 0.0.0).OLCS_postcodeSearch When initialised Given a stubbed DOM Given some address fields have data When the component is notified"/>
    <testcase name="should hide the manual address button" time="0" classname="PhantomJS 1.9.8 (Mac OS X 0.0.0).OLCS_postcodeSearch When initialised Given a stubbed DOM Given some address fields have data When the component is notified"/>
    <testcase name="should not hide the address fields" time="0.008" classname="PhantomJS 1.9.8 (Mac OS X 0.0.0).OLCS_postcodeSearch When initialised Given a stubbed DOM Given the DOM is in a clean state but has no find button When the component is notified of a new DOM"/>
    <testcase name="should be defined" time="0" classname="PhantomJS 1.9.8 (Mac OS X 0.0.0).OLCS_preloader"/>
    <testcase name="should expose the correct public interface" time="0.001" classname="PhantomJS 1.9.8 (Mac OS X 0.0.0).OLCS_preloader"/>
    <testcase name="it shows the expetced preloader" time="0.001" classname="PhantomJS 1.9.8 (Mac OS X 0.0.0).OLCS_preloader Given a stubbed empty DOM when the &apos;show&apos; method is invoked with a &apos;modal&apos; option"/>
    <testcase name="it shows the expected preloader" time="0.001" classname="PhantomJS 1.9.8 (Mac OS X 0.0.0).OLCS_preloader Given a stubbed DOM with a &apos;_table__wrapper&apos; when the &apos;show&apos; method is invoked with a &apos;table&apos; option"/>
    <testcase name="it shows the expected preloader" time="0.001" classname="PhantomJS 1.9.8 (Mac OS X 0.0.0).OLCS_preloader Given a stubbed DOM containing an element with the classes &apos;js-find&apos; and &apos;js-active&apos; when the &apos;show&apos; method is invoked with an &apos;inline&apos; option"/>
    <testcase name="it doesn&apos;t show another preloader" time="0.001" classname="PhantomJS 1.9.8 (Mac OS X 0.0.0).OLCS_preloader Given a stubbed DOM with an existing preloader showing when the &apos;show&apos; method is invoked"/>
    <testcase name="it hides the preloader" time="0.001" classname="PhantomJS 1.9.8 (Mac OS X 0.0.0).OLCS_preloader Given a stubbed DOM with an existing preloader showing when the &apos;hide&apos; method is invoked"/>
    <testcase name="should be defined" time="0" classname="PhantomJS 1.9.8 (Mac OS X 0.0.0).OLCS_queryString"/>
    <testcase name="should expose the correct public interface" time="0.001" classname="PhantomJS 1.9.8 (Mac OS X 0.0.0).OLCS_queryString"/>
    <testcase name="returns an empty object" time="0.001" classname="PhantomJS 1.9.8 (Mac OS X 0.0.0).OLCS_queryString parse When invoked with a string With no query string delimiter"/>
    <testcase name="returns the expected object" time="0.001" classname="PhantomJS 1.9.8 (Mac OS X 0.0.0).OLCS_queryString parse When invoked with a string With a query string delimiter With a standard query string"/>
    <testcase name="returns the expected object" time="0.001" classname="PhantomJS 1.9.8 (Mac OS X 0.0.0).OLCS_queryString parse When invoked with a string With a query string delimiter With some keys without values"/>
    <testcase name="should be a function" time="0.001" classname="PhantomJS 1.9.8 (Mac OS X 0.0.0).OLCS_ready"/>
    <testcase name="throws the correct error" time="0.001" classname="PhantomJS 1.9.8 (Mac OS X 0.0.0).OLCS_ready When invoked without a function"/>
    <testcase name="invokes jQuery&apos;s on ready handler with the function" time="0.005" classname="PhantomJS 1.9.8 (Mac OS X 0.0.0).OLCS_ready Given a stubbed jQuery object When invoked with a function"/>
    <testcase name="does not invoke on ready again" time="0" classname="PhantomJS 1.9.8 (Mac OS X 0.0.0).OLCS_ready Given a stubbed jQuery object When invoked with a function When invoked again with the same function"/>
    <testcase name="should be a function" time="0.001" classname="PhantomJS 1.9.8 (Mac OS X 0.0.0).OLCS_filterResponse"/>
    <testcase name="throws the expected error" time="0" classname="PhantomJS 1.9.8 (Mac OS X 0.0.0).OLCS_filterResponse When invoked with invalid arguments"/>
    <testcase name="returns a function" time="0.001" classname="PhantomJS 1.9.8 (Mac OS X 0.0.0).OLCS_filterResponse When invoked with valid arguments"/>
    <testcase name="should render the correct filtered content" time="0.002" classname="PhantomJS 1.9.8 (Mac OS X 0.0.0).OLCS_filterResponse When invoked with valid arguments When invoking the returned function With the filter as the top-level element"/>
    <testcase name="should render the correct filtered content" time="0.001" classname="PhantomJS 1.9.8 (Mac OS X 0.0.0).OLCS_filterResponse When invoked with valid arguments When invoking the returned function With the filter as a nested element"/>
    <testcase name="should render the correct filtered content" time="0.001" classname="PhantomJS 1.9.8 (Mac OS X 0.0.0).OLCS_filterResponse When invoked with valid arguments When invoking the returned function With the filter not present at all"/>
    <testcase name="should render the response body" time="0.001" classname="PhantomJS 1.9.8 (Mac OS X 0.0.0).OLCS_filterResponse When invoked with no filter When invoking the returned function"/>
    <testcase name="should be a function" time="0" classname="PhantomJS 1.9.8 (Mac OS X 0.0.0).OLCS_searchFilter"/>
    <testcase name="the content should be visible" time="0.001" classname="PhantomJS 1.9.8 (Mac OS X 0.0.0).OLCS_searchFilter Given a stubbed DOM"/>
    <testcase name="the title should have appropriate aria-expanded attribute" time="0.001" classname="PhantomJS 1.9.8 (Mac OS X 0.0.0).OLCS_searchFilter Given a stubbed DOM When invoked"/>
    <testcase name="the title should have appropriate aria-controls attribute" time="0.001" classname="PhantomJS 1.9.8 (Mac OS X 0.0.0).OLCS_searchFilter Given a stubbed DOM When invoked"/>
    <testcase name="the content should have appropriate aria-hidden attribute" time="0.001" classname="PhantomJS 1.9.8 (Mac OS X 0.0.0).OLCS_searchFilter Given a stubbed DOM When invoked"/>
    <testcase name="the content should have appropriate aria-labelledby attribute" time="0" classname="PhantomJS 1.9.8 (Mac OS X 0.0.0).OLCS_searchFilter Given a stubbed DOM When invoked"/>
    <testcase name="the content should be hidden" time="0.001" classname="PhantomJS 1.9.8 (Mac OS X 0.0.0).OLCS_searchFilter Given a stubbed DOM When invoked"/>
    <testcase name="the title should have appropriate aria-expanded attribute" time="0.001" classname="PhantomJS 1.9.8 (Mac OS X 0.0.0).OLCS_searchFilter Given a stubbed DOM When invoked When the title is clicked to open"/>
    <testcase name="the content should have appropriate aria-hidden attribute" time="0" classname="PhantomJS 1.9.8 (Mac OS X 0.0.0).OLCS_searchFilter Given a stubbed DOM When invoked When the title is clicked to open"/>
    <testcase name="the content should be visible" time="0.006" classname="PhantomJS 1.9.8 (Mac OS X 0.0.0).OLCS_searchFilter Given a stubbed DOM When invoked When the title is clicked to open"/>
    <testcase name="the title should have appropriate aria-expanded attribute" time="0.001" classname="PhantomJS 1.9.8 (Mac OS X 0.0.0).OLCS_searchFilter Given a stubbed DOM When invoked When the title has been clicked to close"/>
    <testcase name="the content should have appropriate aria-hidden attribute" time="0.001" classname="PhantomJS 1.9.8 (Mac OS X 0.0.0).OLCS_searchFilter Given a stubbed DOM When invoked When the title has been clicked to close"/>
    <testcase name="the content should be hidden" time="0.001" classname="PhantomJS 1.9.8 (Mac OS X 0.0.0).OLCS_searchFilter Given a stubbed DOM When invoked When the title has been clicked to close"/>
    <testcase name="should be a function" time="0.001" classname="PhantomJS 1.9.8 (Mac OS X 0.0.0).OLCS_selectBox"/>
    <testcase name="applies the selected class to the checked radio&apos;s parent" time="0" classname="PhantomJS 1.9.8 (Mac OS X 0.0.0).OLCS_selectBox Given a stubbed DOM When invoked"/>
    <testcase name="does not apply the selected class to the non-checked radio&apos;s parent" time="0" classname="PhantomJS 1.9.8 (Mac OS X 0.0.0).OLCS_selectBox Given a stubbed DOM When invoked"/>
    <testcase name="does not apply the selected class to checkbox input&apos;s parent" time="0.001" classname="PhantomJS 1.9.8 (Mac OS X 0.0.0).OLCS_selectBox Given a stubbed DOM When invoked"/>
    <testcase name="applies the selected class to the checked radio&apos;s parent" time="0" classname="PhantomJS 1.9.8 (Mac OS X 0.0.0).OLCS_selectBox Given a stubbed DOM When invoked When selecting the other radio button"/>
    <testcase name="removes the selected class from the non-checked radio&apos;s parent" time="0.001" classname="PhantomJS 1.9.8 (Mac OS X 0.0.0).OLCS_selectBox Given a stubbed DOM When invoked When selecting the other radio button"/>
    <testcase name="applies the selected class to its parent" time="0.001" classname="PhantomJS 1.9.8 (Mac OS X 0.0.0).OLCS_selectBox Given a stubbed DOM When invoked When checking the checkbox"/>
    <testcase name="removes the selected class to its parent" time="0.001" classname="PhantomJS 1.9.8 (Mac OS X 0.0.0).OLCS_selectBox Given a stubbed DOM When invoked When checking the checkbox When unchecking the checkbox"/>
    <testcase name="should be defined" time="0" classname="PhantomJS 1.9.8 (Mac OS X 0.0.0).OLCS_submitForm"/>
    <testcase name="should be a function" time="0.001" classname="PhantomJS 1.9.8 (Mac OS X 0.0.0).OLCS_submitForm"/>
    <testcase name="invokes OLCS.ajax with the expected parameters" time="0.002" classname="PhantomJS 1.9.8 (Mac OS X 0.0.0).OLCS_submitForm Given a stubbed OLCS_ajax method When invoked with a form and success callback"/>
    <testcase name="invokes OLCS.ajax with the expected parameters" time="0.012" classname="PhantomJS 1.9.8 (Mac OS X 0.0.0).OLCS_submitForm Given a stubbed OLCS_ajax method When invoked with an extra error callback"/>
    <testcase name="should be defined" time="0" classname="PhantomJS 1.9.8 (Mac OS X 0.0.0).OLCS_tableCheckAll"/>
    <testcase name="should be a function" time="0" classname="PhantomJS 1.9.8 (Mac OS X 0.0.0).OLCS_tableCheckAll"/>
    <testcase name="should check all other checkboxes" time="0.002" classname="PhantomJS 1.9.8 (Mac OS X 0.0.0).OLCS_tableCheckAll Given a stubbed DOM with 2 tables When initialised with default options When the checkall checkbox is checked"/>
    <testcase name="should not check checkboxes from the other table" time="0.002" classname="PhantomJS 1.9.8 (Mac OS X 0.0.0).OLCS_tableCheckAll Given a stubbed DOM with 2 tables When initialised with default options When the checkall checkbox is checked"/>
    <testcase name="should uncheck all other checkboxes" time="0.002" classname="PhantomJS 1.9.8 (Mac OS X 0.0.0).OLCS_tableCheckAll Given a stubbed DOM with 2 tables When initialised with default options When the checkall checkbox is checked and then unchecked"/>
    <testcase name="should not check checkboxes from the other table" time="0.002" classname="PhantomJS 1.9.8 (Mac OS X 0.0.0).OLCS_tableCheckAll Given a stubbed DOM with 2 tables When initialised with default options When the checkall checkbox is checked and then unchecked"/>
    <testcase name="should have no effect on any other checkboxes" time="0" classname="PhantomJS 1.9.8 (Mac OS X 0.0.0).OLCS_tableCheckAll Given a stubbed DOM with 2 tables When initialised with default options When another checkbox within the table is checked"/>
    <testcase name="should check all checkboxes including the originally checked checkbox" time="0.002" classname="PhantomJS 1.9.8 (Mac OS X 0.0.0).OLCS_tableCheckAll Given a stubbed DOM with 2 tables When initialised with default options When the checkall checkbox in table2 is checked and there is already a checked checkbox"/>
    <testcase name="should not check checkboxes from the other table" time="0.007" classname="PhantomJS 1.9.8 (Mac OS X 0.0.0).OLCS_tableCheckAll Given a stubbed DOM with 2 tables When initialised with default options When the checkall checkbox in table2 is checked and there is already a checked checkbox"/>
    <testcase name="should check all checkboxes including the originally checked checkbox" time="0.001" classname="PhantomJS 1.9.8 (Mac OS X 0.0.0).OLCS_tableCheckAll Given a stubbed DOM with 2 tables When initialised with default options When the checkall checkbox in table2 is unchecked and there is already an unchecked checkbox"/>
    <testcase name="should not check checkboxes from the other table" time="0.002" classname="PhantomJS 1.9.8 (Mac OS X 0.0.0).OLCS_tableCheckAll Given a stubbed DOM with 2 tables When initialised with default options When the checkall checkbox in table2 is unchecked and there is already an unchecked checkbox"/>
    <testcase name="should check all other checkboxes" time="0.002" classname="PhantomJS 1.9.8 (Mac OS X 0.0.0).OLCS_tableCheckAll Given a stubbed DOM with 2 tables with an alternatively named checkall checkbox When initialised with custom options When the selectall checkbox is checked"/>
    <testcase name="should not check checkboxes from the other table" time="0.002" classname="PhantomJS 1.9.8 (Mac OS X 0.0.0).OLCS_tableCheckAll Given a stubbed DOM with 2 tables with an alternatively named checkall checkbox When initialised with custom options When the selectall checkbox is checked"/>
    <testcase name="should uncheck all other checkboxes" time="0.002" classname="PhantomJS 1.9.8 (Mac OS X 0.0.0).OLCS_tableCheckAll Given a stubbed DOM with 2 tables with an alternatively named checkall checkbox When initialised with custom options When the selectall checkbox is checked and then unchecked"/>
    <testcase name="should not check checkboxes from the other table" time="0.001" classname="PhantomJS 1.9.8 (Mac OS X 0.0.0).OLCS_tableCheckAll Given a stubbed DOM with 2 tables with an alternatively named checkall checkbox When initialised with custom options When the selectall checkbox is checked and then unchecked"/>
    <testcase name="should have no effect on any other checkboxes" time="0.001" classname="PhantomJS 1.9.8 (Mac OS X 0.0.0).OLCS_tableCheckAll Given a stubbed DOM with 2 tables with an alternatively named checkall checkbox When initialised with custom options When another checkbox within the table is checked"/>
    <testcase name="should check all checkboxes including the originally checked checkbox" time="0.007" classname="PhantomJS 1.9.8 (Mac OS X 0.0.0).OLCS_tableCheckAll Given a stubbed DOM with 2 tables with an alternatively named checkall checkbox When initialised with custom options When the selectall checkbox in table2 is checked and there is already a checked checkbox"/>
    <testcase name="should not check checkboxes from the other table" time="0.002" classname="PhantomJS 1.9.8 (Mac OS X 0.0.0).OLCS_tableCheckAll Given a stubbed DOM with 2 tables with an alternatively named checkall checkbox When initialised with custom options When the selectall checkbox in table2 is checked and there is already a checked checkbox"/>
    <testcase name="should check all checkboxes including the originally checked checkbox" time="0.001" classname="PhantomJS 1.9.8 (Mac OS X 0.0.0).OLCS_tableCheckAll Given a stubbed DOM with 2 tables with an alternatively named checkall checkbox When initialised with custom options When the selectall checkbox in table2 is unchecked and there is already an unchecked checkbox"/>
    <testcase name="should not check checkboxes from the other table" time="0.002" classname="PhantomJS 1.9.8 (Mac OS X 0.0.0).OLCS_tableCheckAll Given a stubbed DOM with 2 tables with an alternatively named checkall checkbox When initialised with custom options When the selectall checkbox in table2 is unchecked and there is already an unchecked checkbox"/>
    <testcase name="should be a function" time="0.001" classname="PhantomJS 1.9.8 (Mac OS X 0.0.0).OLCS_tableRows"/>
    <testcase name="triggers the click of its main action" time="0" classname="PhantomJS 1.9.8 (Mac OS X 0.0.0).OLCS_tableRows When invoked Given a stubbed DOM with a table row which contains a single action When the table row is clicked">
      <skipped/>
    </testcase>
    <testcase name="attaches a class of &apos;hover&apos; to the table row" time="0.001" classname="PhantomJS 1.9.8 (Mac OS X 0.0.0).OLCS_tableRows When invoked Given a stubbed DOM with a table row which contains a single action When a mouse enters a table row"/>
    <testcase name="doesn&apos;t trigger the click of its main action" time="0" classname="PhantomJS 1.9.8 (Mac OS X 0.0.0).OLCS_tableRows When invoked Given a stubbed DOM with a table row which contains more than one action When the table row is clicked"/>
    <testcase name="doesn&apos;t attach a class of &apos;hover&apos; to the table row" time="0.001" classname="PhantomJS 1.9.8 (Mac OS X 0.0.0).OLCS_tableRows When invoked Given a stubbed DOM with a table row which contains more than one action When a mouse enters a table row"/>
    <testcase name="triggers the click of its select box" time="0" classname="PhantomJS 1.9.8 (Mac OS X 0.0.0).OLCS_tableRows When invoked Given a stubbed DOM with a table row which contains a select element When a td is clicked that contains a select box"/>
    <testcase name="should be defined" time="0" classname="PhantomJS 1.9.8 (Mac OS X 0.0.0).OLCS_tableHandler"/>
    <testcase name="should be a function" time="0" classname="PhantomJS 1.9.8 (Mac OS X 0.0.0).OLCS_tableHandler"/>
    <testcase name="binds a click handler to the correct selectors" time="0.001" classname="PhantomJS 1.9.8 (Mac OS X 0.0.0).OLCS_tableHandler Given a stubbed DOM when initialised with valid options"/>
    <testcase name="invokes the expected method" time="0" classname="PhantomJS 1.9.8 (Mac OS X 0.0.0).OLCS_tableHandler Given a stubbed DOM when initialised with valid options Given a stubbed ajax mechanism When clicking a relevant link"/>
    <testcase name="with the expected object" time="0.007" classname="PhantomJS 1.9.8 (Mac OS X 0.0.0).OLCS_tableHandler Given a stubbed DOM when initialised with valid options Given a stubbed ajax mechanism When clicking a relevant link"/>
    <testcase name="emits the correct update event" time="0" classname="PhantomJS 1.9.8 (Mac OS X 0.0.0).OLCS_tableHandler Given a stubbed DOM when initialised with valid options Given a stubbed ajax mechanism When clicking a relevant link When triggering the ajax complete handler"/>
    <testcase name="should be a function" time="0" classname="PhantomJS 1.9.8 (Mac OS X 0.0.0).OLCS_textareaPlaceholder"/>
    <testcase name="The textarea should now have no value" time="0" classname="PhantomJS 1.9.8 (Mac OS X 0.0.0).OLCS_textareaPlaceholder Given a textarea element with a value equal to the placeholder attribute When invoked using basic options"/>
    <testcase name="The textarea should have an appropriate placeholder" time="0.001" classname="PhantomJS 1.9.8 (Mac OS X 0.0.0).OLCS_textareaPlaceholder Given a textarea element with a value equal to the placeholder attribute When invoked using basic options"/>
    <testcase name="should be a function" time="0.001" classname="PhantomJS 1.9.8 (Mac OS X 0.0.0).OLCS_toggleElement"/>
    <testcase name="throws the expected error" time="0.001" classname="PhantomJS 1.9.8 (Mac OS X 0.0.0).OLCS_toggleElement Given a stubbed DOM with a trigger and a hidden target element When invoked without any options"/>
    <testcase name="throws the expected error" time="0.001" classname="PhantomJS 1.9.8 (Mac OS X 0.0.0).OLCS_toggleElement Given a stubbed DOM with a trigger and a hidden target element When invoked without a triggerSelector"/>
    <testcase name="throws the expected error" time="0.001" classname="PhantomJS 1.9.8 (Mac OS X 0.0.0).OLCS_toggleElement Given a stubbed DOM with a trigger and a hidden target element When invoked without a targetSelector"/>
    <testcase name="the trigger should now have the class &apos;active&apos;" time="0.001" classname="PhantomJS 1.9.8 (Mac OS X 0.0.0).OLCS_toggleElement Given a stubbed DOM with a trigger and a hidden target element When invoked with valid options When the trigger element is clicked and the target element is hidden"/>
    <testcase name="and the target element should be shown" time="0.001" classname="PhantomJS 1.9.8 (Mac OS X 0.0.0).OLCS_toggleElement Given a stubbed DOM with a trigger and a hidden target element When invoked with valid options When the trigger element is clicked and the target element is hidden"/>
    <testcase name="the target is no longer shown" time="0.001" classname="PhantomJS 1.9.8 (Mac OS X 0.0.0).OLCS_toggleElement Given a stubbed DOM with a trigger and a hidden target element When invoked with valid options When the target element is showing and the document is clicked"/>
    <testcase name="and the trigger no longer has the class &apos;active&apos;" time="0" classname="PhantomJS 1.9.8 (Mac OS X 0.0.0).OLCS_toggleElement Given a stubbed DOM with a trigger and a hidden target element When invoked with valid options When the target element is showing and the document is clicked"/>
    <testcase name="should be a function" time="0" classname="PhantomJS 1.9.8 (Mac OS X 0.0.0).OLCS_tooltip"/>
    <testcase name="The parent should have an &apos;aria-hidden&apos; attribute" time="0" classname="PhantomJS 1.9.8 (Mac OS X 0.0.0).OLCS_tooltip Given a stubbed tooltip element When the tooltip is hovered Test that the &apos;aria-hidden&apos; attribute is properly set"/>
    <testcase name="The &apos;aria-hidden&apos; attribute should be false" time="0.001" classname="PhantomJS 1.9.8 (Mac OS X 0.0.0).OLCS_tooltip Given a stubbed tooltip element When the tooltip is hovered Test that the &apos;aria-hidden&apos; attribute is properly set"/>
    <testcase name="The parent should have an &apos;aria-hidden&apos; attribute" time="0.001" classname="PhantomJS 1.9.8 (Mac OS X 0.0.0).OLCS_tooltip Given a stubbed tooltip element When the tooltip is hovered When the tooltip is un-hovered Test that the &apos;aria-hidden&apos; attribute is properly set"/>
    <testcase name="The &apos;aria-hidden&apos; attribute should be true" time="0.001" classname="PhantomJS 1.9.8 (Mac OS X 0.0.0).OLCS_tooltip Given a stubbed tooltip element When the tooltip is hovered When the tooltip is un-hovered Test that the &apos;aria-hidden&apos; attribute is properly set"/>
    <testcase name="should be defined" time="0" classname="PhantomJS 1.9.8 (Mac OS X 0.0.0).OLCS_url"/>
    <testcase name="should expose the correct public interface" time="0.001" classname="PhantomJS 1.9.8 (Mac OS X 0.0.0).OLCS_url"/>
    <testcase name="should return true when given matching paths" time="0" classname="PhantomJS 1.9.8 (Mac OS X 0.0.0).OLCS_url isSame"/>
    <testcase name="should return true when given matching paths with inconsistent trailing slashes" time="0.001" classname="PhantomJS 1.9.8 (Mac OS X 0.0.0).OLCS_url isSame"/>
    <testcase name="should return false when given non-matching paths" time="0.006" classname="PhantomJS 1.9.8 (Mac OS X 0.0.0).OLCS_url isSame"/>
    <system-out><![CDATA[
]]></system-out>
    <system-err/>
  </testsuite>
</testsuites>
