<?xml version="1.0" ?>
<!DOCTYPE coverage SYSTEM "http://cobertura.sourceforge.net/xml/coverage-04.dtd">
<coverage lines-valid="1331"  lines-covered="906"  line-rate="0.6807"  branches-valid="572"  branches-covered="305"  branch-rate="0.5332"  timestamp="1464260154525" complexity="0" version="0.1">
<sources>
	<source>/Users/esr360/Sites/OLCS/olcs-static</source>
</sources>
<packages>
	<package name="components"  line-rate="0.6807"  branch-rate="0.5332" >
	<classes>
		<class name="accessibility.js"  filename="assets/_js/components/accessibility.js"  line-rate="0.1765"  branch-rate="0.5" >
		<methods>
			<method name="(anonymous_1)"  hits="1"  signature="()V" >
				<lines><line number="9"  hits="1" /></lines>
			</method>
			<method name="init"  hits="0"  signature="()V" >
				<lines><line number="13"  hits="0" /></lines>
			</method>
			<method name="(anonymous_3)"  hits="0"  signature="()V" >
				<lines><line number="25"  hits="0" /></lines>
			</method>
			<method name="(anonymous_4)"  hits="0"  signature="()V" >
				<lines><line number="55"  hits="0" /></lines>
			</method>
			<method name="(anonymous_5)"  hits="0"  signature="()V" >
				<lines><line number="61"  hits="0" /></lines>
			</method>
			<method name="(anonymous_6)"  hits="0"  signature="()V" >
				<lines><line number="78"  hits="0" /></lines>
			</method>
		</methods>
		<lines>
			<line number="1"  hits="1"  branch="true"  condition-coverage="100% (2/2)" />
			<line number="9"  hits="1"  branch="false" />
			<line number="13"  hits="1"  branch="false" />
			<line number="15"  hits="0"  branch="false" />
			<line number="25"  hits="0"  branch="false" />
			<line number="33"  hits="0"  branch="true"  condition-coverage="0% (0/2)" />
			<line number="35"  hits="0"  branch="false" />
			<line number="37"  hits="0"  branch="false" />
			<line number="49"  hits="0"  branch="false" />
			<line number="55"  hits="0"  branch="false" />
			<line number="56"  hits="0"  branch="false" />
			<line number="57"  hits="0"  branch="false" />
			<line number="61"  hits="0"  branch="false" />
			<line number="62"  hits="0"  branch="false" />
			<line number="63"  hits="0"  branch="false" />
			<line number="78"  hits="0"  branch="false" />
			<line number="79"  hits="0"  branch="false" />
		</lines>
		</class>
		<class name="addAnother.js"  filename="assets/_js/components/addAnother.js"  line-rate="1"  branch-rate="0.5" >
		<methods>
			<method name="(anonymous_1)"  hits="1"  signature="()V" >
				<lines><line number="11"  hits="1" /></lines>
			</method>
			<method name="init"  hits="2"  signature="()V" >
				<lines><line number="18"  hits="2" /></lines>
			</method>
			<method name="cloneLastField"  hits="3"  signature="()V" >
				<lines><line number="20"  hits="3" /></lines>
			</method>
			<method name="incrementString"  hits="6"  signature="()V" >
				<lines><line number="25"  hits="6" /></lines>
			</method>
			<method name="(anonymous_5)"  hits="6"  signature="()V" >
				<lines><line number="26"  hits="6" /></lines>
			</method>
			<method name="updateValues"  hits="3"  signature="()V" >
				<lines><line number="32"  hits="3" /></lines>
			</method>
			<method name="(anonymous_7)"  hits="3"  signature="()V" >
				<lines><line number="46"  hits="3" /></lines>
			</method>
		</methods>
		<lines>
			<line number="1"  hits="1"  branch="true"  condition-coverage="50% (1/2)" />
			<line number="11"  hits="1"  branch="false" />
			<line number="15"  hits="1"  branch="false" />
			<line number="16"  hits="1"  branch="false" />
			<line number="18"  hits="1"  branch="false" />
			<line number="20"  hits="1"  branch="false" />
			<line number="21"  hits="3"  branch="false" />
			<line number="22"  hits="3"  branch="false" />
			<line number="25"  hits="1"  branch="false" />
			<line number="26"  hits="6"  branch="false" />
			<line number="27"  hits="6"  branch="false" />
			<line number="29"  hits="6"  branch="false" />
			<line number="32"  hits="1"  branch="false" />
			<line number="33"  hits="3"  branch="false" />
			<line number="34"  hits="3"  branch="false" />
			<line number="35"  hits="3"  branch="false" />
			<line number="36"  hits="3"  branch="false" />
			<line number="38"  hits="3"  branch="false" />
			<line number="43"  hits="3"  branch="false" />
			<line number="46"  hits="2"  branch="false" />
			<line number="47"  hits="3"  branch="false" />
			<line number="48"  hits="3"  branch="false" />
			<line number="49"  hits="3"  branch="false" />
			<line number="50"  hits="3"  branch="false" />
			<line number="51"  hits="3"  branch="false" />
		</lines>
		</class>
		<class name="ajax.js"  filename="assets/_js/components/ajax.js"  line-rate="0.31579999999999997"  branch-rate="0.125" >
		<methods>
			<method name="(anonymous_1)"  hits="1"  signature="()V" >
				<lines><line number="10"  hits="1" /></lines>
			</method>
			<method name="ajax"  hits="3"  signature="()V" >
				<lines><line number="23"  hits="3" /></lines>
			</method>
			<method name="(anonymous_3)"  hits="0"  signature="()V" >
				<lines><line number="34"  hits="0" /></lines>
			</method>
			<method name="(anonymous_4)"  hits="0"  signature="()V" >
				<lines><line number="69"  hits="0" /></lines>
			</method>
			<method name="(anonymous_5)"  hits="0"  signature="()V" >
				<lines><line number="78"  hits="0" /></lines>
			</method>
			<method name="(anonymous_6)"  hits="1"  signature="()V" >
				<lines><line number="91"  hits="1" /></lines>
			</method>
		</methods>
		<lines>
			<line number="1"  hits="1"  branch="true"  condition-coverage="50% (1/2)" />
			<line number="10"  hits="1"  branch="false" />
			<line number="14"  hits="1"  branch="false" />
			<line number="17"  hits="1"  branch="false" />
			<line number="21"  hits="1"  branch="false" />
			<line number="23"  hits="1"  branch="false" />
			<line number="25"  hits="3"  branch="false" />
			<line number="29"  hits="3"  branch="false" />
			<line number="33"  hits="3"  branch="false" />
			<line number="35"  hits="0"  branch="false" />
			<line number="36"  hits="0"  branch="false" />
			<line number="37"  hits="0"  branch="false" />
			<line number="38"  hits="0"  branch="false" />
			<line number="40"  hits="0"  branch="false" />
			<line number="44"  hits="0"  branch="true"  condition-coverage="0% (0/2)" />
			<line number="45"  hits="0"  branch="true"  condition-coverage="0% (0/2)" />
			<line number="46"  hits="0"  branch="false" />
			<line number="48"  hits="0"  branch="false" />
			<line number="49"  hits="0"  branch="true"  condition-coverage="0% (0/2)" />
			<line number="50"  hits="0"  branch="false" />
			<line number="52"  hits="0"  branch="false" />
			<line number="53"  hits="0"  branch="false" />
			<line number="54"  hits="0"  branch="false" />
			<line number="57"  hits="0"  branch="false" />
			<line number="60"  hits="0"  branch="false" />
			<line number="62"  hits="0"  branch="true"  condition-coverage="0% (0/2)" />
			<line number="63"  hits="0"  branch="false" />
			<line number="66"  hits="0"  branch="false" />
			<line number="70"  hits="0"  branch="false" />
			<line number="74"  hits="0"  branch="true"  condition-coverage="0% (0/2)" />
			<line number="75"  hits="0"  branch="false" />
			<line number="79"  hits="0"  branch="false" />
			<line number="83"  hits="0"  branch="true"  condition-coverage="0% (0/2)" />
			<line number="84"  hits="0"  branch="false" />
			<line number="87"  hits="0"  branch="false" />
			<line number="92"  hits="1"  branch="true"  condition-coverage="50% (1/2)" />
			<line number="93"  hits="1"  branch="false" />
			<line number="98"  hits="3"  branch="false" />
		</lines>
		</class>
		<class name="browser.js"  filename="assets/_js/components/browser.js"  line-rate="1"  branch-rate="0.75" >
		<methods>
			<method name="(anonymous_1)"  hits="1"  signature="()V" >
				<lines><line number="10"  hits="1" /></lines>
			</method>
		</methods>
		<lines>
			<line number="1"  hits="1"  branch="true"  condition-coverage="50% (1/2)" />
			<line number="10"  hits="1"  branch="false" />
			<line number="14"  hits="1"  branch="false" />
			<line number="16"  hits="1"  branch="true"  condition-coverage="100% (2/2)" />
			<line number="18"  hits="1"  branch="false" />
			<line number="20"  hits="1"  branch="false" />
			<line number="22"  hits="1"  branch="true"  condition-coverage="50% (1/2)" />
			<line number="24"  hits="1"  branch="true"  condition-coverage="100% (2/2)" />
			<line number="26"  hits="1"  branch="false" />
		</lines>
		</class>
		<class name="cascadeForm.js"  filename="assets/_js/components/cascadeForm.js"  line-rate="0.9091"  branch-rate="0.8112999999999999" >
		<methods>
			<method name="(anonymous_1)"  hits="1"  signature="()V" >
				<lines><line number="12"  hits="1" /></lines>
			</method>
			<method name="init"  hits="25"  signature="()V" >
				<lines><line number="16"  hits="25" /></lines>
			</method>
			<method name="clearFieldset"  hits="72"  signature="()V" >
				<lines><line number="25"  hits="72" /></lines>
			</method>
			<method name="clear"  hits="80"  signature="()V" >
				<lines><line number="28"  hits="80" /></lines>
			</method>
			<method name="(anonymous_5)"  hits="140"  signature="()V" >
				<lines><line number="30"  hits="140" /></lines>
			</method>
			<method name="checkForm"  hits="2070"  signature="()V" >
				<lines><line number="43"  hits="2070" /></lines>
			</method>
			<method name="triggerRule"  hits="12416"  signature="()V" >
				<lines><line number="72"  hits="12416" /></lines>
			</method>
			<method name="findContainer"  hits="12513"  signature="()V" >
				<lines><line number="125"  hits="12513" /></lines>
			</method>
			<method name="(anonymous_9)"  hits="0"  signature="()V" >
				<lines><line number="190"  hits="0" /></lines>
			</method>
		</methods>
		<lines>
			<line number="1"  hits="1"  branch="true"  condition-coverage="50% (1/2)" />
			<line number="12"  hits="1"  branch="false" />
			<line number="16"  hits="1"  branch="false" />
			<line number="18"  hits="25"  branch="true"  condition-coverage="50% (1/2)" />
			<line number="19"  hits="25"  branch="false" />
			<line number="20"  hits="25"  branch="false" />
			<line number="21"  hits="25"  branch="true"  condition-coverage="50% (1/2)" />
			<line number="22"  hits="25"  branch="false" />
			<line number="23"  hits="25"  branch="true"  condition-coverage="100% (2/2)" />
			<line number="25"  hits="1"  branch="false" />
			<line number="28"  hits="72"  branch="false" />
			<line number="29"  hits="80"  branch="false" />
			<line number="30"  hits="80"  branch="false" />
			<line number="31"  hits="140"  branch="false" />
			<line number="32"  hits="140"  branch="true"  condition-coverage="50% (1/2)" />
			<line number="33"  hits="0"  branch="false" />
			<line number="37"  hits="80"  branch="false" />
			<line number="43"  hits="1"  branch="false" />
			<line number="44"  hits="2070"  branch="false" />
			<line number="45"  hits="8277"  branch="false" />
			<line number="49"  hits="8277"  branch="true"  condition-coverage="100% (2/2)" />
			<line number="50"  hits="4138"  branch="false" />
			<line number="51"  hits="4138"  branch="false" />
			<line number="56"  hits="4139"  branch="false" />
			<line number="57"  hits="8278"  branch="false" />
			<line number="58"  hits="8278"  branch="false" />
			<line number="72"  hits="1"  branch="false" />
			<line number="74"  hits="12416"  branch="false" />
			<line number="75"  hits="12416"  branch="false" />
			<line number="76"  hits="12416"  branch="false" />
			<line number="78"  hits="12416"  branch="true"  condition-coverage="100% (2/2)" />
			<line number="79"  hits="8276"  branch="false" />
			<line number="81"  hits="4140"  branch="false" />
			<line number="84"  hits="12416"  branch="false" />
			<line number="90"  hits="12415"  branch="true"  condition-coverage="100% (4/4)" />
			<line number="91"  hits="2069"  branch="false" />
			<line number="94"  hits="12415"  branch="true"  condition-coverage="100% (4/4)" />
			<line number="95"  hits="45"  branch="false" />
			<line number="96"  hits="12370"  branch="true"  condition-coverage="100% (4/4)" />
			<line number="97"  hits="82"  branch="false" />
			<line number="99"  hits="12415"  branch="false" />
			<line number="107"  hits="12415"  branch="true"  condition-coverage="100% (2/2)" />
			<line number="108"  hits="127"  branch="false" />
			<line number="109"  hits="127"  branch="false" />
			<line number="112"  hits="12415"  branch="true"  condition-coverage="100% (2/2)" />
			<line number="113"  hits="45"  branch="false" />
			<line number="114"  hits="12370"  branch="true"  condition-coverage="100% (2/2)" />
			<line number="115"  hits="82"  branch="false" />
			<line number="125"  hits="1"  branch="false" />
			<line number="127"  hits="12513"  branch="true"  condition-coverage="100% (2/2)" />
			<line number="128"  hits="8374"  branch="false" />
			<line number="131"  hits="4139"  branch="false" />
			<line number="134"  hits="4139"  branch="true"  condition-coverage="75% (3/4)" />
			<line number="135"  hits="0"  branch="false" />
			<line number="138"  hits="4139"  branch="true"  condition-coverage="100% (2/2)" />
			<line number="140"  hits="1"  branch="false" />
			<line number="142"  hits="1"  branch="true"  condition-coverage="20% (1/5)" />
			<line number="144"  hits="0"  branch="false" />
			<line number="146"  hits="0"  branch="false" />
			<line number="148"  hits="0"  branch="false" />
			<line number="150"  hits="0"  branch="false" />
			<line number="152"  hits="1"  branch="false" />
			<line number="156"  hits="4138"  branch="true"  condition-coverage="100% (2/2)" />
			<line number="158"  hits="2069"  branch="false" />
			<line number="159"  hits="2069"  branch="false" />
			<line number="166"  hits="2069"  branch="false" />
			<line number="175"  hits="25"  branch="true"  condition-coverage="50% (1/2)" />
			<line number="176"  hits="25"  branch="false" />
			<line number="177"  hits="97"  branch="false" />
			<line number="178"  hits="97"  branch="true"  condition-coverage="100% (2/2)" />
			<line number="179"  hits="72"  branch="false" />
			<line number="184"  hits="97"  branch="false" />
			<line number="188"  hits="25"  branch="true"  condition-coverage="100% (2/2)" />
			<line number="190"  hits="24"  branch="false" />
			<line number="191"  hits="0"  branch="false" />
			<line number="195"  hits="25"  branch="false" />
			<line number="197"  hits="25"  branch="false" />
		</lines>
		</class>
		<class name="cascadeInput.js"  filename="assets/_js/components/cascadeInput.js"  line-rate="0.8571"  branch-rate="0.66" >
		<methods>
			<method name="(anonymous_1)"  hits="1"  signature="()V" >
				<lines><line number="11"  hits="1" /></lines>
			</method>
			<method name="init"  hits="5"  signature="()V" >
				<lines><line number="15"  hits="5" /></lines>
			</method>
			<method name="(anonymous_3)"  hits="2"  signature="()V" >
				<lines><line number="29"  hits="2" /></lines>
			</method>
			<method name="(anonymous_4)"  hits="4"  signature="()V" >
				<lines><line number="49"  hits="4" /></lines>
			</method>
			<method name="done"  hits="1"  signature="()V" >
				<lines><line number="61"  hits="1" /></lines>
			</method>
			<method name="(anonymous_6)"  hits="2"  signature="()V" >
				<lines><line number="76"  hits="2" /></lines>
			</method>
		</methods>
		<lines>
			<line number="1"  hits="1"  branch="true"  condition-coverage="50% (1/2)" />
			<line number="11"  hits="1"  branch="false" />
			<line number="15"  hits="1"  branch="false" />
			<line number="17"  hits="5"  branch="true"  condition-coverage="100% (2/2)" />
			<line number="18"  hits="5"  branch="true"  condition-coverage="50% (1/2)" />
			<line number="19"  hits="5"  branch="true"  condition-coverage="100% (2/2)" />
			<line number="20"  hits="5"  branch="true"  condition-coverage="100% (2/2)" />
			<line number="21"  hits="5"  branch="false" />
			<line number="22"  hits="5"  branch="true"  condition-coverage="100% (2/2)" />
			<line number="23"  hits="5"  branch="true"  condition-coverage="100% (2/2)" />
			<line number="24"  hits="5"  branch="true"  condition-coverage="100% (2/2)" />
			<line number="28"  hits="5"  branch="true"  condition-coverage="100% (2/2)" />
			<line number="29"  hits="2"  branch="false" />
			<line number="34"  hits="2"  branch="true"  condition-coverage="50% (2/4)" />
			<line number="35"  hits="0"  branch="false" />
			<line number="38"  hits="2"  branch="false" />
			<line number="45"  hits="5"  branch="true"  condition-coverage="100% (2/2)" />
			<line number="46"  hits="1"  branch="false" />
			<line number="49"  hits="4"  branch="false" />
			<line number="51"  hits="4"  branch="false" />
			<line number="52"  hits="4"  branch="true"  condition-coverage="50% (1/2)" />
			<line number="57"  hits="4"  branch="true"  condition-coverage="50% (1/2)" />
			<line number="58"  hits="4"  branch="false" />
			<line number="61"  hits="1"  branch="false" />
			<line number="63"  hits="1"  branch="false" />
			<line number="65"  hits="1"  branch="true"  condition-coverage="50% (1/2)" />
			<line number="66"  hits="0"  branch="false" />
			<line number="67"  hits="0"  branch="false" />
			<line number="70"  hits="1"  branch="true"  condition-coverage="50% (1/2)" />
			<line number="71"  hits="0"  branch="false" />
			<line number="74"  hits="1"  branch="true"  condition-coverage="50% (1/2)" />
			<line number="75"  hits="1"  branch="false" />
			<line number="76"  hits="1"  branch="false" />
			<line number="77"  hits="2"  branch="true"  condition-coverage="50% (2/4)" />
			<line number="78"  hits="0"  branch="false" />
			<line number="80"  hits="2"  branch="false" />
			<line number="83"  hits="1"  branch="false" />
			<line number="86"  hits="1"  branch="true"  condition-coverage="50% (2/4)" />
			<line number="87"  hits="0"  branch="false" />
			<line number="90"  hits="1"  branch="true"  condition-coverage="50% (1/2)" />
			<line number="91"  hits="1"  branch="false" />
			<line number="94"  hits="1"  branch="true"  condition-coverage="50% (1/2)" />
			<line number="95"  hits="1"  branch="false" />
			<line number="99"  hits="4"  branch="true"  condition-coverage="50% (1/2)" />
			<line number="100"  hits="4"  branch="true"  condition-coverage="50% (1/2)" />
			<line number="101"  hits="0"  branch="false" />
			<line number="103"  hits="4"  branch="false" />
			<line number="105"  hits="4"  branch="false" />
			<line number="109"  hits="4"  branch="false" />
		</lines>
		</class>
		<class name="characterCount.js"  filename="assets/_js/components/characterCount.js"  line-rate="1"  branch-rate="0.75" >
		<methods>
			<method name="(anonymous_1)"  hits="1"  signature="()V" >
				<lines><line number="9"  hits="1" /></lines>
			</method>
			<method name="init"  hits="4"  signature="()V" >
				<lines><line number="13"  hits="4" /></lines>
			</method>
			<method name="(anonymous_3)"  hits="1"  signature="()V" >
				<lines><line number="21"  hits="1" /></lines>
			</method>
		</methods>
		<lines>
			<line number="1"  hits="1"  branch="true"  condition-coverage="50% (1/2)" />
			<line number="9"  hits="1"  branch="false" />
			<line number="13"  hits="1"  branch="false" />
			<line number="15"  hits="4"  branch="false" />
			<line number="16"  hits="4"  branch="true"  condition-coverage="100% (2/2)" />
			<line number="17"  hits="4"  branch="false" />
			<line number="19"  hits="4"  branch="false" />
			<line number="21"  hits="4"  branch="false" />
			<line number="22"  hits="1"  branch="false" />
			<line number="23"  hits="1"  branch="false" />
		</lines>
		</class>
		<class name="complexPredicate.js"  filename="assets/_js/components/complexPredicate.js"  line-rate="0.15789999999999998"  branch-rate="0.07139999999999999" >
		<methods>
			<method name="(anonymous_1)"  hits="1"  signature="()V" >
				<lines><line number="7"  hits="1" /></lines>
			</method>
			<method name="init"  hits="0"  signature="()V" >
				<lines><line number="11"  hits="0" /></lines>
			</method>
			<method name="(anonymous_3)"  hits="0"  signature="()V" >
				<lines><line number="30"  hits="0" /></lines>
			</method>
			<method name="checkComplexPredicate"  hits="0"  signature="()V" >
				<lines><line number="35"  hits="0" /></lines>
			</method>
		</methods>
		<lines>
			<line number="1"  hits="1"  branch="true"  condition-coverage="50% (1/2)" />
			<line number="7"  hits="1"  branch="false" />
			<line number="11"  hits="1"  branch="false" />
			<line number="12"  hits="0"  branch="false" />
			<line number="14"  hits="0"  branch="true"  condition-coverage="0% (0/2)" />
			<line number="15"  hits="0"  branch="false" />
			<line number="20"  hits="0"  branch="true"  condition-coverage="0% (0/2)" />
			<line number="21"  hits="0"  branch="false" />
			<line number="24"  hits="0"  branch="true"  condition-coverage="0% (0/2)" />
			<line number="25"  hits="0"  branch="false" />
			<line number="28"  hits="0"  branch="true"  condition-coverage="0% (0/2)" />
			<line number="29"  hits="0"  branch="false" />
			<line number="30"  hits="0"  branch="false" />
			<line number="31"  hits="0"  branch="false" />
			<line number="35"  hits="0"  branch="false" />
			<line number="37"  hits="0"  branch="true"  condition-coverage="0% (0/4)" />
			<line number="38"  hits="0"  branch="false" />
			<line number="41"  hits="0"  branch="false" />
			<line number="43"  hits="0"  branch="false" />
		</lines>
		</class>
		<class name="conditionalButton.js"  filename="assets/_js/components/conditionalButton.js"  line-rate="0.5484"  branch-rate="0.5" >
		<methods>
			<method name="(anonymous_1)"  hits="1"  signature="()V" >
				<lines><line number="7"  hits="1" /></lines>
			</method>
			<method name="init"  hits="1"  signature="()V" >
				<lines><line number="11"  hits="1" /></lines>
			</method>
			<method name="checkButton"  hits="0"  signature="()V" >
				<lines><line number="34"  hits="0" /></lines>
			</method>
			<method name="(anonymous_4)"  hits="0"  signature="()V" >
				<lines><line number="43"  hits="0" /></lines>
			</method>
			<method name="(anonymous_5)"  hits="0"  signature="()V" >
				<lines><line number="53"  hits="0" /></lines>
			</method>
			<method name="setup"  hits="0"  signature="()V" >
				<lines><line number="57"  hits="0" /></lines>
			</method>
		</methods>
		<lines>
			<line number="1"  hits="1"  branch="true"  condition-coverage="50% (1/2)" />
			<line number="7"  hits="1"  branch="false" />
			<line number="11"  hits="1"  branch="false" />
			<line number="12"  hits="1"  branch="false" />
			<line number="13"  hits="1"  branch="false" />
			<line number="15"  hits="1"  branch="true"  condition-coverage="50% (2/4)" />
			<line number="16"  hits="0"  branch="false" />
			<line number="19"  hits="1"  branch="true"  condition-coverage="100% (2/2)" />
			<line number="21"  hits="1"  branch="true"  condition-coverage="50% (1/2)" />
			<line number="22"  hits="0"  branch="false" />
			<line number="24"  hits="1"  branch="false" />
			<line number="27"  hits="1"  branch="false" />
			<line number="28"  hits="1"  branch="true"  condition-coverage="100% (2/2)" />
			<line number="29"  hits="1"  branch="false" />
			<line number="31"  hits="1"  branch="true"  condition-coverage="50% (1/2)" />
			<line number="32"  hits="0"  branch="false" />
			<line number="34"  hits="1"  branch="false" />
			<line number="35"  hits="0"  branch="false" />
			<line number="36"  hits="0"  branch="false" />
			<line number="38"  hits="0"  branch="false" />
			<line number="40"  hits="0"  branch="true"  condition-coverage="0% (0/2)" />
			<line number="41"  hits="0"  branch="false" />
			<line number="43"  hits="0"  branch="false" />
			<line number="44"  hits="0"  branch="true"  condition-coverage="0% (0/2)" />
			<line number="45"  hits="0"  branch="false" />
			<line number="47"  hits="0"  branch="false" />
			<line number="53"  hits="1"  branch="false" />
			<line number="54"  hits="0"  branch="false" />
			<line number="57"  hits="1"  branch="false" />
			<line number="58"  hits="0"  branch="false" />
			<line number="63"  hits="1"  branch="false" />
		</lines>
		</class>
		<class name="crudTableHandler.js"  filename="assets/_js/components/crudTableHandler.js"  line-rate="0.4118"  branch-rate="0.22219999999999998" >
		<methods>
			<method name="(anonymous_1)"  hits="1"  signature="()V" >
				<lines><line number="7"  hits="1" /></lines>
			</method>
			<method name="init"  hits="1"  signature="()V" >
				<lines><line number="11"  hits="1" /></lines>
			</method>
			<method name="reloadParent"  hits="0"  signature="()V" >
				<lines><line number="30"  hits="0" /></lines>
			</method>
			<method name="(anonymous_4)"  hits="0"  signature="()V" >
				<lines><line number="33"  hits="0" /></lines>
			</method>
			<method name="handleCrudClick"  hits="0"  signature="()V" >
				<lines><line number="40"  hits="0" /></lines>
			</method>
			<method name="handleCrudAction"  hits="0"  signature="()V" >
				<lines><line number="48"  hits="0" /></lines>
			</method>
			<method name="handleCrudResponse"  hits="0"  signature="()V" >
				<lines><line number="73"  hits="0" /></lines>
			</method>
		</methods>
		<lines>
			<line number="1"  hits="1"  branch="true"  condition-coverage="50% (1/2)" />
			<line number="7"  hits="1"  branch="false" />
			<line number="11"  hits="1"  branch="false" />
			<line number="13"  hits="1"  branch="true"  condition-coverage="50% (1/2)" />
			<line number="14"  hits="0"  branch="false" />
			<line number="17"  hits="1"  branch="true"  condition-coverage="100% (2/2)" />
			<line number="23"  hits="1"  branch="false" />
			<line number="24"  hits="1"  branch="false" />
			<line number="25"  hits="1"  branch="false" />
			<line number="27"  hits="1"  branch="false" />
			<line number="30"  hits="1"  branch="false" />
			<line number="31"  hits="0"  branch="false" />
			<line number="34"  hits="0"  branch="false" />
			<line number="40"  hits="1"  branch="false" />
			<line number="41"  hits="0"  branch="false" />
			<line number="43"  hits="0"  branch="false" />
			<line number="44"  hits="0"  branch="false" />
			<line number="48"  hits="1"  branch="false" />
			<line number="51"  hits="0"  branch="true"  condition-coverage="0% (0/4)" />
			<line number="52"  hits="0"  branch="false" />
			<line number="56"  hits="0"  branch="false" />
			<line number="58"  hits="0"  branch="false" />
			<line number="68"  hits="0"  branch="false" />
			<line number="73"  hits="1"  branch="false" />
			<line number="77"  hits="0"  branch="true"  condition-coverage="0% (0/2)" />
			<line number="81"  hits="0"  branch="true"  condition-coverage="0% (0/4)" />
			<line number="82"  hits="0"  branch="false" />
			<line number="84"  hits="0"  branch="false" />
			<line number="87"  hits="0"  branch="true"  condition-coverage="0% (0/2)" />
			<line number="91"  hits="0"  branch="false" />
			<line number="93"  hits="0"  branch="false" />
			<line number="98"  hits="0"  branch="false" />
			<line number="101"  hits="0"  branch="false" />
			<line number="115"  hits="1"  branch="false" />
		</lines>
		</class>
		<class name="dataTooltip.js"  filename="assets/_js/components/dataTooltip.js"  line-rate="1"  branch-rate="0.5" >
		<methods>
			<method name="(anonymous_1)"  hits="1"  signature="()V" >
				<lines><line number="10"  hits="1" /></lines>
			</method>
			<method name="init"  hits="2"  signature="()V" >
				<lines><line number="14"  hits="2" /></lines>
			</method>
			<method name="(anonymous_3)"  hits="2"  signature="()V" >
				<lines><line number="17"  hits="2" /></lines>
			</method>
		</methods>
		<lines>
			<line number="1"  hits="1"  branch="true"  condition-coverage="50% (1/2)" />
			<line number="10"  hits="1"  branch="false" />
			<line number="14"  hits="1"  branch="false" />
			<line number="17"  hits="2"  branch="false" />
			<line number="20"  hits="2"  branch="false" />
			<line number="23"  hits="2"  branch="false" />
			<line number="26"  hits="2"  branch="false" />
		</lines>
		</class>
		<class name="disableForm.js"  filename="assets/_js/components/disableForm.js"  line-rate="0.84"  branch-rate="0.5" >
		<methods>
			<method name="(anonymous_1)"  hits="1"  signature="()V" >
				<lines><line number="12"  hits="1" /></lines>
			</method>
			<method name="init"  hits="4"  signature="()V" >
				<lines><line number="16"  hits="4" /></lines>
			</method>
			<method name="disableFormSubmit"  hits="4"  signature="()V" >
				<lines><line number="26"  hits="4" /></lines>
			</method>
			<method name="(anonymous_4)"  hits="4"  signature="()V" >
				<lines><line number="29"  hits="4" /></lines>
			</method>
			<method name="(anonymous_5)"  hits="4"  signature="()V" >
				<lines><line number="47"  hits="4" /></lines>
			</method>
			<method name="revertFormSubmit"  hits="0"  signature="()V" >
				<lines><line number="66"  hits="0" /></lines>
			</method>
		</methods>
		<lines>
			<line number="1"  hits="1"  branch="true"  condition-coverage="50% (1/2)" />
			<line number="12"  hits="1"  branch="false" />
			<line number="16"  hits="1"  branch="false" />
			<line number="18"  hits="4"  branch="false" />
			<line number="21"  hits="4"  branch="false" />
			<line number="24"  hits="4"  branch="false" />
			<line number="26"  hits="1"  branch="false" />
			<line number="29"  hits="4"  branch="false" />
			<line number="31"  hits="4"  branch="false" />
			<line number="36"  hits="4"  branch="false" />
			<line number="37"  hits="4"  branch="true"  condition-coverage="100% (2/2)" />
			<line number="40"  hits="4"  branch="false" />
			<line number="43"  hits="4"  branch="false" />
			<line number="47"  hits="4"  branch="false" />
			<line number="48"  hits="4"  branch="false" />
			<line number="53"  hits="4"  branch="true"  condition-coverage="50% (1/2)" />
			<line number="54"  hits="4"  branch="true"  condition-coverage="50% (1/2)" />
			<line number="55"  hits="4"  branch="false" />
			<line number="56"  hits="0"  branch="true"  condition-coverage="0% (0/2)" />
			<line number="57"  hits="0"  branch="false" />
			<line number="66"  hits="1"  branch="false" />
			<line number="69"  hits="0"  branch="false" />
			<line number="72"  hits="0"  branch="false" />
			<line number="77"  hits="4"  branch="false" />
			<line number="83"  hits="4"  branch="false" />
		</lines>
		</class>
		<class name="eventEmitter.js"  filename="assets/_js/components/eventEmitter.js"  line-rate="1"  branch-rate="0.75" >
		<methods>
			<method name="(anonymous_1)"  hits="1"  signature="()V" >
				<lines><line number="7"  hits="1" /></lines>
			</method>
			<method name="(anonymous_2)"  hits="119"  signature="()V" >
				<lines><line number="16"  hits="119" /></lines>
			</method>
			<method name="(anonymous_3)"  hits="52"  signature="()V" >
				<lines><line number="31"  hits="52" /></lines>
			</method>
			<method name="(anonymous_4)"  hits="26"  signature="()V" >
				<lines><line number="32"  hits="26" /></lines>
			</method>
			<method name="(anonymous_5)"  hits="26"  signature="()V" >
				<lines><line number="38"  hits="26" /></lines>
			</method>
			<method name="(anonymous_6)"  hits="210"  signature="()V" >
				<lines><line number="50"  hits="210" /></lines>
			</method>
		</methods>
		<lines>
			<line number="1"  hits="1"  branch="true"  condition-coverage="50% (1/2)" />
			<line number="7"  hits="1"  branch="false" />
			<line number="11"  hits="1"  branch="false" />
			<line number="13"  hits="1"  branch="false" />
			<line number="17"  hits="119"  branch="true"  condition-coverage="100% (2/2)" />
			<line number="18"  hits="118"  branch="false" />
			<line number="21"  hits="119"  branch="false" />
			<line number="26"  hits="119"  branch="false" />
			<line number="28"  hits="119"  branch="false" />
			<line number="32"  hits="52"  branch="false" />
			<line number="33"  hits="26"  branch="false" />
			<line number="34"  hits="26"  branch="false" />
			<line number="39"  hits="26"  branch="false" />
			<line number="41"  hits="26"  branch="false" />
			<line number="42"  hits="26"  branch="false" />
			<line number="43"  hits="26"  branch="true"  condition-coverage="50% (1/2)" />
			<line number="44"  hits="26"  branch="false" />
			<line number="45"  hits="26"  branch="false" />
			<line number="51"  hits="210"  branch="false" />
			<line number="53"  hits="210"  branch="true"  condition-coverage="100% (2/2)" />
			<line number="54"  hits="134"  branch="false" />
			<line number="57"  hits="76"  branch="false" />
			<line number="58"  hits="75"  branch="false" />
			<line number="63"  hits="75"  branch="true"  condition-coverage="50% (1/2)" />
			<line number="64"  hits="75"  branch="true"  condition-coverage="100% (2/2)" />
			<line number="70"  hits="1"  branch="false" />
		</lines>
		</class>
		<class name="fileUpload.js"  filename="assets/_js/components/fileUpload.js"  line-rate="0.09880000000000001"  branch-rate="0.0833" >
		<methods>
			<method name="(anonymous_1)"  hits="1"  signature="()V" >
				<lines><line number="7"  hits="1" /></lines>
			</method>
			<method name="init"  hits="0"  signature="()V" >
				<lines><line number="11"  hits="0" /></lines>
			</method>
			<method name="disableElements"  hits="0"  signature="()V" >
				<lines><line number="30"  hits="0" /></lines>
			</method>
			<method name="enableElements"  hits="0"  signature="()V" >
				<lines><line number="38"  hits="0" /></lines>
			</method>
			<method name="handleResponse"  hits="0"  signature="()V" >
				<lines><line number="43"  hits="0" /></lines>
			</method>
			<method name="(anonymous_6)"  hits="0"  signature="()V" >
				<lines><line number="49"  hits="0" /></lines>
			</method>
			<method name="upload"  hits="0"  signature="()V" >
				<lines><line number="57"  hits="0" /></lines>
			</method>
			<method name="(anonymous_8)"  hits="0"  signature="()V" >
				<lines><line number="81"  hits="0" /></lines>
			</method>
			<method name="(anonymous_9)"  hits="0"  signature="()V" >
				<lines><line number="121"  hits="0" /></lines>
			</method>
			<method name="setup"  hits="0"  signature="()V" >
				<lines><line number="126"  hits="0" /></lines>
			</method>
			<method name="(anonymous_11)"  hits="0"  signature="()V" >
				<lines><line number="131"  hits="0" /></lines>
			</method>
			<method name="(anonymous_12)"  hits="0"  signature="()V" >
				<lines><line number="150"  hits="0" /></lines>
			</method>
			<method name="(anonymous_13)"  hits="0"  signature="()V" >
				<lines><line number="162"  hits="0" /></lines>
			</method>
		</methods>
		<lines>
			<line number="1"  hits="1"  branch="true"  condition-coverage="50% (1/2)" />
			<line number="7"  hits="1"  branch="false" />
			<line number="11"  hits="1"  branch="false" />
			<line number="13"  hits="0"  branch="false" />
			<line number="14"  hits="0"  branch="false" />
			<line number="15"  hits="0"  branch="false" />
			<line number="16"  hits="0"  branch="false" />
			<line number="17"  hits="0"  branch="false" />
			<line number="18"  hits="0"  branch="false" />
			<line number="19"  hits="0"  branch="false" />
			<line number="20"  hits="0"  branch="false" />
			<line number="21"  hits="0"  branch="false" />
			<line number="22"  hits="0"  branch="false" />
			<line number="23"  hits="0"  branch="false" />
			<line number="25"  hits="0"  branch="true"  condition-coverage="0% (0/2)" />
			<line number="26"  hits="0"  branch="false" />
			<line number="27"  hits="0"  branch="false" />
			<line number="30"  hits="1"  branch="false" />
			<line number="31"  hits="0"  branch="false" />
			<line number="32"  hits="0"  branch="false" />
			<line number="38"  hits="1"  branch="false" />
			<line number="39"  hits="0"  branch="false" />
			<line number="40"  hits="0"  branch="false" />
			<line number="43"  hits="1"  branch="false" />
			<line number="44"  hits="0"  branch="false" />
			<line number="45"  hits="0"  branch="false" />
			<line number="46"  hits="0"  branch="false" />
			<line number="49"  hits="0"  branch="false" />
			<line number="50"  hits="0"  branch="true"  condition-coverage="0% (0/2)" />
			<line number="51"  hits="0"  branch="false" />
			<line number="53"  hits="0"  branch="false" />
			<line number="57"  hits="1"  branch="false" />
			<line number="58"  hits="0"  branch="false" />
			<line number="59"  hits="0"  branch="false" />
			<line number="60"  hits="0"  branch="false" />
			<line number="61"  hits="0"  branch="false" />
			<line number="62"  hits="0"  branch="false" />
			<line number="64"  hits="0"  branch="false" />
			<line number="66"  hits="0"  branch="false" />
			<line number="68"  hits="0"  branch="false" />
			<line number="81"  hits="0"  branch="false" />
			<line number="82"  hits="0"  branch="true"  condition-coverage="0% (0/2)" />
			<line number="83"  hits="0"  branch="false" />
			<line number="84"  hits="0"  branch="false" />
			<line number="89"  hits="0"  branch="false" />
			<line number="95"  hits="0"  branch="true"  condition-coverage="0% (0/2)" />
			<line number="96"  hits="0"  branch="false" />
			<line number="97"  hits="0"  branch="false" />
			<line number="98"  hits="0"  branch="false" />
			<line number="104"  hits="0"  branch="false" />
			<line number="105"  hits="0"  branch="false" />
			<line number="107"  hits="0"  branch="false" />
			<line number="117"  hits="0"  branch="false" />
			<line number="118"  hits="0"  branch="false" />
			<line number="121"  hits="0"  branch="false" />
			<line number="122"  hits="0"  branch="false" />
			<line number="126"  hits="1"  branch="false" />
			<line number="127"  hits="0"  branch="false" />
			<line number="128"  hits="0"  branch="false" />
			<line number="131"  hits="0"  branch="false" />
			<line number="132"  hits="0"  branch="false" />
			<line number="133"  hits="0"  branch="false" />
			<line number="134"  hits="0"  branch="false" />
			<line number="136"  hits="0"  branch="false" />
			<line number="137"  hits="0"  branch="false" />
			<line number="139"  hits="0"  branch="false" />
			<line number="141"  hits="0"  branch="false" />
			<line number="143"  hits="0"  branch="false" />
			<line number="149"  hits="0"  branch="true"  condition-coverage="0% (0/2)" />
			<line number="150"  hits="0"  branch="false" />
			<line number="151"  hits="0"  branch="false" />
			<line number="152"  hits="0"  branch="false" />
			<line number="154"  hits="0"  branch="false" />
			<line number="155"  hits="0"  branch="false" />
			<line number="156"  hits="0"  branch="false" />
			<line number="157"  hits="0"  branch="false" />
			<line number="158"  hits="0"  branch="false" />
			<line number="160"  hits="0"  branch="false" />
			<line number="162"  hits="0"  branch="false" />
			<line number="163"  hits="0"  branch="false" />
			<line number="167"  hits="0"  branch="false" />
		</lines>
		</class>
		<class name="formHandler.js"  filename="assets/_js/components/formHandler.js"  line-rate="0.6327"  branch-rate="0.3448" >
		<methods>
			<method name="(anonymous_1)"  hits="1"  signature="()V" >
				<lines><line number="10"  hits="1" /></lines>
			</method>
			<method name="init"  hits="6"  signature="()V" >
				<lines><line number="14"  hits="6" /></lines>
			</method>
			<method name="(anonymous_3)"  hits="1"  signature="()V" >
				<lines><line number="21"  hits="1" /></lines>
			</method>
			<method name="(anonymous_4)"  hits="1"  signature="()V" >
				<lines><line number="38"  hits="1" /></lines>
			</method>
			<method name="(anonymous_5)"  hits="1"  signature="()V" >
				<lines><line number="61"  hits="1" /></lines>
			</method>
			<method name="(anonymous_6)"  hits="0"  signature="()V" >
				<lines><line number="71"  hits="0" /></lines>
			</method>
			<method name="(anonymous_7)"  hits="0"  signature="()V" >
				<lines><line number="85"  hits="0" /></lines>
			</method>
			<method name="(anonymous_8)"  hits="4"  signature="()V" >
				<lines><line number="113"  hits="4" /></lines>
			</method>
			<method name="(anonymous_9)"  hits="0"  signature="()V" >
				<lines><line number="124"  hits="0" /></lines>
			</method>
		</methods>
		<lines>
			<line number="1"  hits="1"  branch="true"  condition-coverage="50% (1/2)" />
			<line number="10"  hits="1"  branch="false" />
			<line number="14"  hits="1"  branch="false" />
			<line number="16"  hits="6"  branch="false" />
			<line number="17"  hits="6"  branch="true"  condition-coverage="100% (2/2)" />
			<line number="18"  hits="6"  branch="false" />
			<line number="21"  hits="6"  branch="true"  condition-coverage="50% (1/2)" />
			<line number="22"  hits="1"  branch="false" />
			<line number="25"  hits="6"  branch="true"  condition-coverage="100% (2/2)" />
			<line number="26"  hits="6"  branch="false" />
			<line number="28"  hits="6"  branch="true"  condition-coverage="50% (1/2)" />
			<line number="33"  hits="6"  branch="false" />
			<line number="37"  hits="6"  branch="false" />
			<line number="44"  hits="1"  branch="false" />
			<line number="46"  hits="1"  branch="false" />
			<line number="48"  hits="1"  branch="true"  condition-coverage="50% (1/2)" />
			<line number="49"  hits="1"  branch="false" />
			<line number="54"  hits="6"  branch="false" />
			<line number="56"  hits="6"  branch="true"  condition-coverage="50% (1/2)" />
			<line number="57"  hits="6"  branch="false" />
			<line number="60"  hits="6"  branch="true"  condition-coverage="50% (1/2)" />
			<line number="61"  hits="6"  branch="false" />
			<line number="62"  hits="1"  branch="false" />
			<line number="63"  hits="1"  branch="false" />
			<line number="71"  hits="6"  branch="false" />
			<line number="73"  hits="0"  branch="false" />
			<line number="74"  hits="0"  branch="false" />
			<line number="76"  hits="0"  branch="false" />
			<line number="80"  hits="0"  branch="true"  condition-coverage="0% (0/2)" />
			<line number="83"  hits="0"  branch="false" />
			<line number="85"  hits="0"  branch="false" />
			<line number="86"  hits="0"  branch="true"  condition-coverage="0% (0/2)" />
			<line number="87"  hits="0"  branch="false" />
			<line number="94"  hits="0"  branch="true"  condition-coverage="0% (0/5)" />
			<line number="95"  hits="0"  branch="false" />
			<line number="96"  hits="0"  branch="false" />
			<line number="100"  hits="0"  branch="false" />
			<line number="103"  hits="0"  branch="true"  condition-coverage="0% (0/4)" />
			<line number="104"  hits="0"  branch="false" />
			<line number="105"  hits="0"  branch="false" />
			<line number="106"  hits="0"  branch="false" />
			<line number="109"  hits="0"  branch="false" />
			<line number="113"  hits="6"  branch="false" />
			<line number="114"  hits="4"  branch="false" />
			<line number="116"  hits="4"  branch="false" />
			<line number="118"  hits="4"  branch="false" />
			<line number="120"  hits="4"  branch="false" />
			<line number="125"  hits="0"  branch="false" />
			<line number="133"  hits="6"  branch="false" />
		</lines>
		</class>
		<class name="formHelper.js"  filename="assets/_js/components/formHelper.js"  line-rate="0.9828"  branch-rate="0.7857" >
		<methods>
			<method name="(anonymous_1)"  hits="1"  signature="()V" >
				<lines><line number="7"  hits="1" /></lines>
			</method>
			<method name="(anonymous_2)"  hits="10487"  signature="()V" >
				<lines><line number="26"  hits="10487" /></lines>
			</method>
			<method name="(anonymous_3)"  hits="10445"  signature="()V" >
				<lines><line number="36"  hits="10445" /></lines>
			</method>
			<method name="(anonymous_4)"  hits="2119"  signature="()V" >
				<lines><line number="43"  hits="2119" /></lines>
			</method>
			<method name="(anonymous_5)"  hits="2069"  signature="()V" >
				<lines><line number="50"  hits="2069" /></lines>
			</method>
			<method name="(anonymous_6)"  hits="6"  signature="()V" >
				<lines><line number="56"  hits="6" /></lines>
			</method>
			<method name="(anonymous_7)"  hits="2"  signature="()V" >
				<lines><line number="64"  hits="2" /></lines>
			</method>
			<method name="(anonymous_8)"  hits="2"  signature="()V" >
				<lines><line number="69"  hits="2" /></lines>
			</method>
			<method name="(anonymous_9)"  hits="2"  signature="()V" >
				<lines><line number="79"  hits="2" /></lines>
			</method>
			<method name="(anonymous_10)"  hits="20"  signature="()V" >
				<lines><line number="84"  hits="20" /></lines>
			</method>
			<method name="(anonymous_11)"  hits="18"  signature="()V" >
				<lines><line number="94"  hits="18" /></lines>
			</method>
			<method name="(anonymous_12)"  hits="57"  signature="()V" >
				<lines><line number="98"  hits="57" /></lines>
			</method>
			<method name="(anonymous_13)"  hits="3"  signature="()V" >
				<lines><line number="107"  hits="3" /></lines>
			</method>
			<method name="(anonymous_14)"  hits="6"  signature="()V" >
				<lines><line number="114"  hits="6" /></lines>
			</method>
			<method name="(anonymous_15)"  hits="6"  signature="()V" >
				<lines><line number="124"  hits="6" /></lines>
			</method>
			<method name="(anonymous_16)"  hits="2"  signature="()V" >
				<lines><line number="130"  hits="2" /></lines>
			</method>
		</methods>
		<lines>
			<line number="1"  hits="1"  branch="true"  condition-coverage="50% (1/2)" />
			<line number="7"  hits="1"  branch="false" />
			<line number="14"  hits="1"  branch="false" />
			<line number="16"  hits="1"  branch="false" />
			<line number="21"  hits="1"  branch="false" />
			<line number="26"  hits="1"  branch="false" />
			<line number="27"  hits="10487"  branch="true"  condition-coverage="100% (2/2)" />
			<line number="29"  hits="8375"  branch="false" />
			<line number="31"  hits="2112"  branch="false" />
			<line number="36"  hits="1"  branch="false" />
			<line number="37"  hits="10445"  branch="false" />
			<line number="40"  hits="10445"  branch="false" />
			<line number="43"  hits="1"  branch="false" />
			<line number="44"  hits="2119"  branch="false" />
			<line number="47"  hits="2119"  branch="false" />
			<line number="50"  hits="1"  branch="false" />
			<line number="51"  hits="2069"  branch="false" />
			<line number="56"  hits="1"  branch="false" />
			<line number="57"  hits="6"  branch="false" />
			<line number="58"  hits="6"  branch="false" />
			<line number="59"  hits="6"  branch="false" />
			<line number="60"  hits="6"  branch="false" />
			<line number="61"  hits="6"  branch="false" />
			<line number="64"  hits="1"  branch="false" />
			<line number="65"  hits="2"  branch="false" />
			<line number="66"  hits="2"  branch="true"  condition-coverage="100% (2/2)" />
			<line number="69"  hits="1"  branch="false" />
			<line number="70"  hits="2"  branch="true"  condition-coverage="50% (1/2)" />
			<line number="71"  hits="2"  branch="false" />
			<line number="74"  hits="2"  branch="false" />
			<line number="79"  hits="1"  branch="false" />
			<line number="80"  hits="2"  branch="false" />
			<line number="84"  hits="1"  branch="false" />
			<line number="85"  hits="20"  branch="false" />
			<line number="86"  hits="39"  branch="true"  condition-coverage="100% (2/2)" />
			<line number="87"  hits="1"  branch="false" />
			<line number="91"  hits="19"  branch="false" />
			<line number="94"  hits="1"  branch="false" />
			<line number="95"  hits="18"  branch="false" />
			<line number="98"  hits="1"  branch="false" />
			<line number="99"  hits="57"  branch="true"  condition-coverage="100% (2/2)" />
			<line number="101"  hits="54"  branch="false" />
			<line number="104"  hits="57"  branch="false" />
			<line number="107"  hits="1"  branch="false" />
			<line number="109"  hits="3"  branch="false" />
			<line number="110"  hits="3"  branch="false" />
			<line number="111"  hits="3"  branch="false" />
			<line number="114"  hits="1"  branch="false" />
			<line number="117"  hits="6"  branch="false" />
			<line number="118"  hits="6"  branch="false" />
			<line number="119"  hits="6"  branch="false" />
			<line number="121"  hits="6"  branch="false" />
			<line number="124"  hits="1"  branch="false" />
			<line number="125"  hits="6"  branch="true"  condition-coverage="50% (1/2)" />
			<line number="126"  hits="0"  branch="false" />
			<line number="130"  hits="1"  branch="false" />
			<line number="131"  hits="2"  branch="false" />
			<line number="137"  hits="1"  branch="false" />
		</lines>
		</class>
		<class name="logger.js"  filename="assets/_js/components/logger.js"  line-rate="0.7619"  branch-rate="0.375" >
		<methods>
			<method name="(anonymous_1)"  hits="1"  signature="()V" >
				<lines><line number="7"  hits="1" /></lines>
			</method>
			<method name="proxy"  hits="5"  signature="()V" >
				<lines><line number="38"  hits="5" /></lines>
			</method>
			<method name="(anonymous_3)"  hits="0"  signature="()V" >
				<lines><line number="39"  hits="0" /></lines>
			</method>
			<method name="make"  hits="2"  signature="()V" >
				<lines><line number="47"  hits="2" /></lines>
			</method>
			<method name="(anonymous_5)"  hits="12834"  signature="()V" >
				<lines><line number="48"  hits="12834" /></lines>
			</method>
			<method name="(anonymous_6)"  hits="1"  signature="()V" >
				<lines><line number="69"  hits="1" /></lines>
			</method>
			<method name="(anonymous_7)"  hits="0"  signature="()V" >
				<lines><line number="77"  hits="0" /></lines>
			</method>
		</methods>
		<lines>
			<line number="1"  hits="1"  branch="true"  condition-coverage="50% (1/2)" />
			<line number="7"  hits="1"  branch="false" />
			<line number="11"  hits="1"  branch="false" />
			<line number="12"  hits="1"  branch="false" />
			<line number="13"  hits="1"  branch="false" />
			<line number="20"  hits="1"  branch="false" />
			<line number="21"  hits="1"  branch="false" />
			<line number="23"  hits="1"  branch="true"  condition-coverage="50% (1/2)" />
			<line number="24"  hits="0"  branch="false" />
			<line number="30"  hits="1"  branch="false" />
			<line number="32"  hits="1"  branch="false" />
			<line number="33"  hits="5"  branch="true"  condition-coverage="50% (1/2)" />
			<line number="34"  hits="0"  branch="false" />
			<line number="38"  hits="1"  branch="false" />
			<line number="39"  hits="5"  branch="false" />
			<line number="40"  hits="0"  branch="true"  condition-coverage="0% (0/4)" />
			<line number="41"  hits="0"  branch="false" />
			<line number="43"  hits="0"  branch="false" />
			<line number="47"  hits="1"  branch="false" />
			<line number="48"  hits="2"  branch="false" />
			<line number="49"  hits="12834"  branch="true"  condition-coverage="50% (1/2)" />
			<line number="50"  hits="12834"  branch="false" />
			<line number="53"  hits="0"  branch="true"  condition-coverage="0% (0/2)" />
			<line number="54"  hits="0"  branch="false" />
			<line number="57"  hits="0"  branch="false" />
			<line number="61"  hits="1"  branch="false" />
			<line number="62"  hits="1"  branch="false" />
			<line number="63"  hits="1"  branch="false" />
			<line number="64"  hits="1"  branch="false" />
			<line number="65"  hits="1"  branch="false" />
			<line number="66"  hits="1"  branch="false" />
			<line number="67"  hits="1"  branch="false" />
			<line number="69"  hits="1"  branch="false" />
			<line number="70"  hits="1"  branch="false" />
			<line number="71"  hits="1"  branch="false" />
			<line number="72"  hits="1"  branch="false" />
			<line number="77"  hits="1"  branch="false" />
			<line number="78"  hits="0"  branch="false" />
			<line number="82"  hits="1"  branch="false" />
			<line number="83"  hits="1"  branch="true"  condition-coverage="100% (2/2)" />
			<line number="85"  hits="0"  branch="false" />
			<line number="88"  hits="1"  branch="false" />
		</lines>
		</class>
		<class name="modal.js"  filename="assets/_js/components/modal.js"  line-rate="0.6613"  branch-rate="0.3333" >
		<methods>
			<method name="(anonymous_1)"  hits="1"  signature="()V" >
				<lines><line number="11"  hits="1" /></lines>
			</method>
			<method name="(anonymous_2)"  hits="7"  signature="()V" >
				<lines><line number="49"  hits="7" /></lines>
			</method>
			<method name="(anonymous_3)"  hits="0"  signature="()V" >
				<lines><line number="53"  hits="0" /></lines>
			</method>
			<method name="(anonymous_4)"  hits="0"  signature="()V" >
				<lines><line number="55"  hits="0" /></lines>
			</method>
			<method name="(anonymous_5)"  hits="0"  signature="()V" >
				<lines><line number="88"  hits="0" /></lines>
			</method>
			<method name="(anonymous_6)"  hits="10"  signature="()V" >
				<lines><line number="114"  hits="10" /></lines>
			</method>
			<method name="(anonymous_7)"  hits="0"  signature="()V" >
				<lines><line number="138"  hits="0" /></lines>
			</method>
			<method name="(anonymous_8)"  hits="0"  signature="()V" >
				<lines><line number="142"  hits="0" /></lines>
			</method>
			<method name="(anonymous_9)"  hits="1"  signature="()V" >
				<lines><line number="148"  hits="1" /></lines>
			</method>
			<method name="(anonymous_10)"  hits="0"  signature="()V" >
				<lines><line number="153"  hits="0" /></lines>
			</method>
			<method name="(anonymous_11)"  hits="0"  signature="()V" >
				<lines><line number="157"  hits="0" /></lines>
			</method>
			<method name="(anonymous_12)"  hits="0"  signature="()V" >
				<lines><line number="161"  hits="0" /></lines>
			</method>
		</methods>
		<lines>
			<line number="1"  hits="1"  branch="true"  condition-coverage="50% (1/2)" />
			<line number="11"  hits="1"  branch="false" />
			<line number="18"  hits="1"  branch="false" />
			<line number="23"  hits="1"  branch="false" />
			<line number="24"  hits="1"  branch="false" />
			<line number="25"  hits="1"  branch="false" />
			<line number="26"  hits="1"  branch="false" />
			<line number="27"  hits="1"  branch="false" />
			<line number="28"  hits="1"  branch="false" />
			<line number="29"  hits="1"  branch="false" />
			<line number="31"  hits="1"  branch="false" />
			<line number="33"  hits="1"  branch="false" />
			<line number="49"  hits="1"  branch="false" />
			<line number="52"  hits="7"  branch="true"  condition-coverage="50% (1/2)" />
			<line number="53"  hits="7"  branch="false" />
			<line number="54"  hits="0"  branch="false" />
			<line number="56"  hits="0"  branch="false" />
			<line number="62"  hits="7"  branch="true"  condition-coverage="50% (1/2)" />
			<line number="63"  hits="7"  branch="false" />
			<line number="69"  hits="7"  branch="true"  condition-coverage="50% (1/2)" />
			<line number="70"  hits="7"  branch="false" />
			<line number="73"  hits="7"  branch="false" />
			<line number="76"  hits="7"  branch="false" />
			<line number="78"  hits="7"  branch="false" />
			<line number="82"  hits="7"  branch="false" />
			<line number="86"  hits="7"  branch="false" />
			<line number="88"  hits="7"  branch="false" />
			<line number="89"  hits="0"  branch="true"  condition-coverage="0% (0/4)" />
			<line number="90"  hits="0"  branch="false" />
			<line number="91"  hits="0"  branch="false" />
			<line number="97"  hits="7"  branch="false" />
			<line number="103"  hits="7"  branch="true"  condition-coverage="50% (1/2)" />
			<line number="104"  hits="0"  branch="false" />
			<line number="105"  hits="0"  branch="false" />
			<line number="107"  hits="0"  branch="true"  condition-coverage="0% (0/2)" />
			<line number="108"  hits="0"  branch="false" />
			<line number="114"  hits="1"  branch="false" />
			<line number="117"  hits="10"  branch="false" />
			<line number="119"  hits="10"  branch="true"  condition-coverage="50% (1/2)" />
			<line number="120"  hits="0"  branch="false" />
			<line number="121"  hits="0"  branch="false" />
			<line number="122"  hits="0"  branch="false" />
			<line number="126"  hits="10"  branch="false" />
			<line number="127"  hits="10"  branch="false" />
			<line number="130"  hits="10"  branch="false" />
			<line number="134"  hits="10"  branch="false" />
			<line number="138"  hits="1"  branch="false" />
			<line number="139"  hits="0"  branch="false" />
			<line number="142"  hits="1"  branch="false" />
			<line number="143"  hits="0"  branch="false" />
			<line number="144"  hits="0"  branch="false" />
			<line number="145"  hits="0"  branch="false" />
			<line number="148"  hits="1"  branch="false" />
			<line number="149"  hits="1"  branch="false" />
			<line number="150"  hits="1"  branch="false" />
			<line number="153"  hits="1"  branch="false" />
			<line number="155"  hits="0"  branch="false" />
			<line number="157"  hits="0"  branch="false" />
			<line number="158"  hits="0"  branch="false" />
			<line number="161"  hits="0"  branch="false" />
			<line number="162"  hits="0"  branch="false" />
			<line number="166"  hits="1"  branch="false" />
		</lines>
		</class>
		<class name="modalForm.js"  filename="assets/_js/components/modalForm.js"  line-rate="0.7"  branch-rate="0.5" >
		<methods>
			<method name="(anonymous_1)"  hits="1"  signature="()V" >
				<lines><line number="10"  hits="1" /></lines>
			</method>
			<method name="init"  hits="2"  signature="()V" >
				<lines><line number="14"  hits="2" /></lines>
			</method>
			<method name="transform"  hits="0"  signature="()V" >
				<lines><line number="16"  hits="0" /></lines>
			</method>
			<method name="unbind"  hits="0"  signature="()V" >
				<lines><line number="50"  hits="0" /></lines>
			</method>
		</methods>
		<lines>
			<line number="1"  hits="1"  branch="true"  condition-coverage="50% (1/2)" />
			<line number="10"  hits="1"  branch="false" />
			<line number="14"  hits="1"  branch="false" />
			<line number="16"  hits="2"  branch="false" />
			<line number="17"  hits="0"  branch="false" />
			<line number="24"  hits="0"  branch="false" />
			<line number="34"  hits="2"  branch="false" />
			<line number="38"  hits="2"  branch="false" />
			<line number="50"  hits="2"  branch="false" />
			<line number="51"  hits="0"  branch="false" />
		</lines>
		</class>
		<class name="modalLink.js"  filename="assets/_js/components/modalLink.js"  line-rate="0.3333"  branch-rate="0.5" >
		<methods>
			<method name="(anonymous_1)"  hits="1"  signature="()V" >
				<lines><line number="17"  hits="1" /></lines>
			</method>
			<method name="init"  hits="0"  signature="()V" >
				<lines><line number="21"  hits="0" /></lines>
			</method>
			<method name="(anonymous_3)"  hits="0"  signature="()V" >
				<lines><line number="24"  hits="0" /></lines>
			</method>
		</methods>
		<lines>
			<line number="1"  hits="1"  branch="true"  condition-coverage="50% (1/2)" />
			<line number="17"  hits="1"  branch="false" />
			<line number="21"  hits="1"  branch="false" />
			<line number="22"  hits="0"  branch="false" />
			<line number="24"  hits="0"  branch="false" />
			<line number="25"  hits="0"  branch="false" />
			<line number="29"  hits="0"  branch="false" />
			<line number="31"  hits="0"  branch="false" />
			<line number="33"  hits="0"  branch="false" />
		</lines>
		</class>
		<class name="modalResponse.js"  filename="assets/_js/components/modalResponse.js"  line-rate="0.375"  branch-rate="0.16670000000000001" >
		<methods>
			<method name="(anonymous_1)"  hits="1"  signature="()V" >
				<lines><line number="11"  hits="1" /></lines>
			</method>
			<method name="modaliseResponse"  hits="0"  signature="()V" >
				<lines><line number="15"  hits="0" /></lines>
			</method>
			<method name="(anonymous_3)"  hits="0"  signature="()V" >
				<lines><line number="16"  hits="0" /></lines>
			</method>
		</methods>
		<lines>
			<line number="1"  hits="1"  branch="true"  condition-coverage="50% (1/2)" />
			<line number="11"  hits="1"  branch="false" />
			<line number="15"  hits="1"  branch="false" />
			<line number="16"  hits="0"  branch="false" />
			<line number="17"  hits="0"  branch="true"  condition-coverage="0% (0/4)" />
			<line number="18"  hits="0"  branch="false" />
			<line number="19"  hits="0"  branch="false" />
			<line number="25"  hits="0"  branch="false" />
		</lines>
		</class>
		<class name="multiFilter.js"  filename="assets/_js/components/multiFilter.js"  line-rate="1"  branch-rate="0.875" >
		<methods>
			<method name="(anonymous_1)"  hits="1"  signature="()V" >
				<lines><line number="12"  hits="1" /></lines>
			</method>
			<method name="init"  hits="7"  signature="()V" >
				<lines><line number="16"  hits="7" /></lines>
			</method>
			<method name="(anonymous_3)"  hits="63"  signature="()V" >
				<lines><line number="20"  hits="63" /></lines>
			</method>
			<method name="setup"  hits="52"  signature="()V" >
				<lines><line number="35"  hits="52" /></lines>
			</method>
			<method name="(anonymous_5)"  hits="63"  signature="()V" >
				<lines><line number="38"  hits="63" /></lines>
			</method>
			<method name="(anonymous_6)"  hits="63"  signature="()V" >
				<lines><line number="47"  hits="63" /></lines>
			</method>
			<method name="renderOptGroup"  hits="63"  signature="()V" >
				<lines><line number="57"  hits="63" /></lines>
			</method>
		</methods>
		<lines>
			<line number="1"  hits="1"  branch="true"  condition-coverage="50% (1/2)" />
			<line number="12"  hits="1"  branch="false" />
			<line number="16"  hits="1"  branch="false" />
			<line number="18"  hits="7"  branch="false" />
			<line number="20"  hits="7"  branch="false" />
			<line number="21"  hits="63"  branch="false" />
			<line number="22"  hits="63"  branch="false" />
			<line number="24"  hits="63"  branch="true"  condition-coverage="100% (2/2)" />
			<line number="25"  hits="21"  branch="false" />
			<line number="29"  hits="63"  branch="false" />
			<line number="35"  hits="1"  branch="false" />
			<line number="37"  hits="52"  branch="false" />
			<line number="38"  hits="52"  branch="false" />
			<line number="39"  hits="63"  branch="false" />
			<line number="43"  hits="52"  branch="true"  condition-coverage="100% (2/2)" />
			<line number="47"  hits="52"  branch="false" />
			<line number="48"  hits="63"  branch="false" />
			<line number="53"  hits="52"  branch="false" />
			<line number="57"  hits="1"  branch="false" />
			<line number="58"  hits="63"  branch="false" />
			<line number="59"  hits="63"  branch="false" />
			<line number="61"  hits="63"  branch="false" />
			<line number="62"  hits="189"  branch="false" />
			<line number="63"  hits="189"  branch="false" />
			<line number="67"  hits="189"  branch="true"  condition-coverage="100% (2/2)" />
			<line number="68"  hits="18"  branch="false" />
			<line number="70"  hits="171"  branch="false" />
			<line number="72"  hits="189"  branch="false" />
			<line number="75"  hits="63"  branch="false" />
			<line number="78"  hits="7"  branch="false" />
			<line number="80"  hits="7"  branch="false" />
		</lines>
		</class>
		<class name="normaliseResponse.js"  filename="assets/_js/components/normaliseResponse.js"  line-rate="0.7857"  branch-rate="0.7045" >
		<methods>
			<method name="(anonymous_1)"  hits="1"  signature="()V" >
				<lines><line number="11"  hits="1" /></lines>
			</method>
			<method name="init"  hits="31"  signature="()V" >
				<lines><line number="15"  hits="31" /></lines>
			</method>
			<method name="findTitle"  hits="8"  signature="()V" >
				<lines><line number="34"  hits="8" /></lines>
			</method>
			<method name="parse"  hits="14"  signature="()V" >
				<lines><line number="57"  hits="14" /></lines>
			</method>
			<method name="(anonymous_5)"  hits="7"  signature="()V" >
				<lines><line number="101"  hits="7" /></lines>
			</method>
			<method name="onResponse"  hits="19"  signature="()V" >
				<lines><line number="132"  hits="19" /></lines>
			</method>
		</methods>
		<lines>
			<line number="1"  hits="1"  branch="true"  condition-coverage="50% (1/2)" />
			<line number="11"  hits="1"  branch="false" />
			<line number="15"  hits="1"  branch="false" />
			<line number="17"  hits="31"  branch="true"  condition-coverage="50% (1/2)" />
			<line number="18"  hits="31"  branch="false" />
			<line number="23"  hits="31"  branch="true"  condition-coverage="100% (2/2)" />
			<line number="24"  hits="1"  branch="false" />
			<line number="27"  hits="30"  branch="false" />
			<line number="28"  hits="30"  branch="true"  condition-coverage="100% (2/2)" />
			<line number="29"  hits="30"  branch="true"  condition-coverage="100% (2/2)" />
			<line number="30"  hits="30"  branch="true"  condition-coverage="100% (2/2)" />
			<line number="31"  hits="30"  branch="true"  condition-coverage="100% (2/2)" />
			<line number="32"  hits="30"  branch="true"  condition-coverage="50% (1/2)" />
			<line number="34"  hits="1"  branch="false" />
			<line number="35"  hits="8"  branch="false" />
			<line number="36"  hits="8"  branch="false" />
			<line number="40"  hits="8"  branch="false" />
			<line number="42"  hits="8"  branch="true"  condition-coverage="50% (1/2)" />
			<line number="44"  hits="8"  branch="false" />
			<line number="49"  hits="8"  branch="true"  condition-coverage="50% (1/2)" />
			<line number="50"  hits="0"  branch="false" />
			<line number="51"  hits="0"  branch="false" />
			<line number="54"  hits="8"  branch="false" />
			<line number="57"  hits="1"  branch="false" />
			<line number="58"  hits="14"  branch="false" />
			<line number="59"  hits="14"  branch="false" />
			<line number="60"  hits="14"  branch="false" />
			<line number="61"  hits="14"  branch="false" />
			<line number="64"  hits="14"  branch="false" />
			<line number="65"  hits="14"  branch="false" />
			<line number="66"  hits="14"  branch="false" />
			<line number="67"  hits="14"  branch="false" />
			<line number="69"  hits="0"  branch="false" />
			<line number="74"  hits="14"  branch="false" />
			<line number="83"  hits="14"  branch="true"  condition-coverage="100% (2/2)" />
			<line number="84"  hits="6"  branch="false" />
			<line number="85"  hits="6"  branch="false" />
			<line number="86"  hits="6"  branch="true"  condition-coverage="50% (1/2)" />
			<line number="87"  hits="0"  branch="false" />
			<line number="88"  hits="0"  branch="false" />
			<line number="91"  hits="8"  branch="false" />
			<line number="92"  hits="8"  branch="false" />
			<line number="95"  hits="14"  branch="true"  condition-coverage="100% (2/2)" />
			<line number="96"  hits="6"  branch="false" />
			<line number="97"  hits="6"  branch="false" />
			<line number="101"  hits="6"  branch="false" />
			<line number="102"  hits="7"  branch="false" />
			<line number="103"  hits="7"  branch="true"  condition-coverage="50% (1/2)" />
			<line number="104"  hits="7"  branch="false" />
			<line number="105"  hits="7"  branch="false" />
			<line number="109"  hits="6"  branch="false" />
			<line number="113"  hits="6"  branch="false" />
			<line number="114"  hits="6"  branch="false" />
			<line number="117"  hits="8"  branch="false" />
			<line number="121"  hits="14"  branch="true"  condition-coverage="100% (2/2)" />
			<line number="122"  hits="6"  branch="false" />
			<line number="123"  hits="6"  branch="false" />
			<line number="125"  hits="8"  branch="false" />
			<line number="128"  hits="14"  branch="false" />
			<line number="132"  hits="30"  branch="false" />
			<line number="136"  hits="19"  branch="false" />
			<line number="138"  hits="19"  branch="true"  condition-coverage="100% (2/2)" />
			<line number="139"  hits="14"  branch="false" />
			<line number="140"  hits="14"  branch="false" />
			<line number="145"  hits="19"  branch="true"  condition-coverage="50% (2/4)" />
			<line number="148"  hits="0"  branch="false" />
			<line number="150"  hits="0"  branch="false" />
			<line number="154"  hits="0"  branch="false" />
			<line number="155"  hits="0"  branch="false" />
			<line number="158"  hits="0"  branch="true"  condition-coverage="0% (0/2)" />
			<line number="159"  hits="0"  branch="false" />
			<line number="162"  hits="0"  branch="false" />
			<line number="163"  hits="0"  branch="false" />
			<line number="165"  hits="0"  branch="false" />
			<line number="169"  hits="0"  branch="false" />
			<line number="174"  hits="0"  branch="false" />
			<line number="178"  hits="19"  branch="true"  condition-coverage="100% (2/2)" />
			<line number="179"  hits="18"  branch="false" />
			<line number="180"  hits="18"  branch="false" />
			<line number="182"  hits="18"  branch="true"  condition-coverage="50% (1/2)" />
			<line number="183"  hits="0"  branch="false" />
			<line number="189"  hits="18"  branch="true"  condition-coverage="50% (1/2)" />
			<line number="190"  hits="0"  branch="false" />
			<line number="199"  hits="19"  branch="false" />
		</lines>
		</class>
		<class name="notices.js"  filename="assets/_js/components/notices.js"  line-rate="0.9615"  branch-rate="0.75" >
		<methods>
			<method name="(anonymous_1)"  hits="1"  signature="()V" >
				<lines><line number="10"  hits="1" /></lines>
			</method>
			<method name="init"  hits="5"  signature="()V" >
				<lines><line number="18"  hits="5" /></lines>
			</method>
			<method name="addCloseButton"  hits="9"  signature="()V" >
				<lines><line number="20"  hits="9" /></lines>
			</method>
			<method name="remove"  hits="9"  signature="()V" >
				<lines><line number="26"  hits="9" /></lines>
			</method>
			<method name="fadeOut"  hits="4"  signature="()V" >
				<lines><line number="30"  hits="4" /></lines>
			</method>
			<method name="(anonymous_6)"  hits="1"  signature="()V" >
				<lines><line number="33"  hits="1" /></lines>
			</method>
			<method name="(anonymous_7)"  hits="8"  signature="()V" >
				<lines><line number="38"  hits="8" /></lines>
			</method>
			<method name="(anonymous_8)"  hits="5"  signature="()V" >
				<lines><line number="49"  hits="5" /></lines>
			</method>
			<method name="(anonymous_9)"  hits="9"  signature="()V" >
				<lines><line number="53"  hits="9" /></lines>
			</method>
			<method name="(anonymous_10)"  hits="5"  signature="()V" >
				<lines><line number="64"  hits="5" /></lines>
			</method>
		</methods>
		<lines>
			<line number="1"  hits="1"  branch="true"  condition-coverage="50% (1/2)" />
			<line number="10"  hits="1"  branch="false" />
			<line number="14"  hits="1"  branch="false" />
			<line number="15"  hits="1"  branch="false" />
			<line number="16"  hits="1"  branch="false" />
			<line number="18"  hits="1"  branch="false" />
			<line number="20"  hits="1"  branch="false" />
			<line number="21"  hits="9"  branch="false" />
			<line number="26"  hits="1"  branch="false" />
			<line number="27"  hits="9"  branch="false" />
			<line number="30"  hits="1"  branch="false" />
			<line number="31"  hits="4"  branch="false" />
			<line number="34"  hits="1"  branch="false" />
			<line number="38"  hits="5"  branch="false" />
			<line number="39"  hits="8"  branch="false" />
			<line number="41"  hits="8"  branch="true"  condition-coverage="100% (2/2)" />
			<line number="42"  hits="2"  branch="false" />
			<line number="45"  hits="6"  branch="false" />
			<line number="49"  hits="5"  branch="false" />
			<line number="53"  hits="5"  branch="false" />
			<line number="54"  hits="9"  branch="true"  condition-coverage="50% (1/2)" />
			<line number="55"  hits="9"  branch="false" />
			<line number="57"  hits="0"  branch="false" />
			<line number="64"  hits="5"  branch="false" />
			<line number="65"  hits="5"  branch="true"  condition-coverage="100% (2/2)" />
			<line number="66"  hits="4"  branch="false" />
		</lines>
		</class>
		<class name="postcodeSearch.js"  filename="assets/_js/components/postcodeSearch.js"  line-rate="0.8471"  branch-rate="0.6154" >
		<methods>
			<method name="(anonymous_1)"  hits="1"  signature="()V" >
				<lines><line number="7"  hits="1" /></lines>
			</method>
			<method name="init"  hits="12"  signature="()V" >
				<lines><line number="13"  hits="12" /></lines>
			</method>
			<method name="isClean"  hits="6"  signature="()V" >
				<lines><line number="49"  hits="6" /></lines>
			</method>
			<method name="inProgress"  hits="6"  signature="()V" >
				<lines><line number="71"  hits="6" /></lines>
			</method>
			<method name="hasSearchField"  hits="9"  signature="()V" >
				<lines><line number="75"  hits="9" /></lines>
			</method>
			<method name="formatUKPostcode"  hits="1"  signature="()V" >
				<lines><line number="79"  hits="1" /></lines>
			</method>
			<method name="getRootSelector"  hits="1"  signature="()V" >
				<lines><line number="96"  hits="1" /></lines>
			</method>
			<method name="handleInput"  hits="3"  signature="()V" >
				<lines><line number="121"  hits="3" /></lines>
			</method>
			<method name="(anonymous_9)"  hits="3"  signature="()V" >
				<lines><line number="122"  hits="3" /></lines>
			</method>
			<method name="(anonymous_10)"  hits="1"  signature="()V" >
				<lines><line number="146"  hits="1" /></lines>
			</method>
			<method name="setup"  hits="9"  signature="()V" >
				<lines><line number="161"  hits="9" /></lines>
			</method>
			<method name="(anonymous_12)"  hits="9"  signature="()V" >
				<lines><line number="162"  hits="9" /></lines>
			</method>
			<method name="(anonymous_13)"  hits="3"  signature="()V" >
				<lines><line number="185"  hits="3" /></lines>
			</method>
			<method name="(anonymous_14)"  hits="0"  signature="()V" >
				<lines><line number="191"  hits="0" /></lines>
			</method>
			<method name="(anonymous_15)"  hits="0"  signature="()V" >
				<lines><line number="200"  hits="0" /></lines>
			</method>
			<method name="(anonymous_16)"  hits="13"  signature="()V" >
				<lines><line number="211"  hits="13" /></lines>
			</method>
		</methods>
		<lines>
			<line number="1"  hits="1"  branch="true"  condition-coverage="50% (1/2)" />
			<line number="7"  hits="1"  branch="false" />
			<line number="13"  hits="1"  branch="false" />
			<line number="14"  hits="12"  branch="false" />
			<line number="18"  hits="12"  branch="true"  condition-coverage="100% (2/2)" />
			<line number="31"  hits="12"  branch="false" />
			<line number="39"  hits="12"  branch="false" />
			<line number="41"  hits="12"  branch="false" />
			<line number="42"  hits="12"  branch="false" />
			<line number="43"  hits="12"  branch="false" />
			<line number="44"  hits="12"  branch="false" />
			<line number="46"  hits="12"  branch="false" />
			<line number="49"  hits="1"  branch="false" />
			<line number="50"  hits="6"  branch="false" />
			<line number="52"  hits="6"  branch="false" />
			<line number="53"  hits="42"  branch="false" />
			<line number="54"  hits="42"  branch="true"  condition-coverage="100% (2/2)" />
			<line number="55"  hits="30"  branch="false" />
			<line number="58"  hits="12"  branch="true"  condition-coverage="50% (1/2)" />
			<line number="59"  hits="0"  branch="false" />
			<line number="64"  hits="6"  branch="false" />
			<line number="71"  hits="1"  branch="false" />
			<line number="72"  hits="6"  branch="false" />
			<line number="75"  hits="1"  branch="false" />
			<line number="76"  hits="9"  branch="false" />
			<line number="79"  hits="1"  branch="false" />
			<line number="80"  hits="1"  branch="false" />
			<line number="82"  hits="1"  branch="false" />
			<line number="84"  hits="1"  branch="true"  condition-coverage="50% (1/2)" />
			<line number="85"  hits="0"  branch="false" />
			<line number="87"  hits="1"  branch="false" />
			<line number="88"  hits="1"  branch="false" />
			<line number="89"  hits="1"  branch="false" />
			<line number="96"  hits="1"  branch="false" />
			<line number="97"  hits="1"  branch="false" />
			<line number="98"  hits="1"  branch="false" />
			<line number="100"  hits="1"  branch="false" />
			<line number="101"  hits="3"  branch="false" />
			<line number="105"  hits="3"  branch="true"  condition-coverage="50% (1/2)" />
			<line number="106"  hits="0"  branch="false" />
			<line number="107"  hits="0"  branch="true"  condition-coverage="0% (0/2)" />
			<line number="108"  hits="0"  branch="false" />
			<line number="109"  hits="0"  branch="false" />
			<line number="113"  hits="1"  branch="true"  condition-coverage="50% (1/2)" />
			<line number="114"  hits="0"  branch="false" />
			<line number="116"  hits="1"  branch="false" />
			<line number="121"  hits="1"  branch="false" />
			<line number="122"  hits="3"  branch="false" />
			<line number="123"  hits="3"  branch="false" />
			<line number="130"  hits="3"  branch="false" />
			<line number="132"  hits="3"  branch="false" />
			<line number="133"  hits="3"  branch="false" />
			<line number="134"  hits="3"  branch="false" />
			<line number="135"  hits="3"  branch="false" />
			<line number="138"  hits="3"  branch="false" />
			<line number="140"  hits="3"  branch="true"  condition-coverage="100% (2/2)" />
			<line number="141"  hits="1"  branch="false" />
			<line number="144"  hits="3"  branch="false" />
			<line number="147"  hits="1"  branch="false" />
			<line number="148"  hits="0"  branch="false" />
			<line number="161"  hits="1"  branch="false" />
			<line number="162"  hits="9"  branch="false" />
			<line number="163"  hits="9"  branch="true"  condition-coverage="100% (2/2)" />
			<line number="164"  hits="3"  branch="false" />
			<line number="169"  hits="6"  branch="true"  condition-coverage="75% (3/4)" />
			<line number="172"  hits="6"  branch="false" />
			<line number="175"  hits="0"  branch="false" />
			<line number="182"  hits="12"  branch="false" />
			<line number="185"  hits="12"  branch="false" />
			<line number="186"  hits="3"  branch="false" />
			<line number="187"  hits="3"  branch="false" />
			<line number="191"  hits="12"  branch="false" />
			<line number="193"  hits="0"  branch="true"  condition-coverage="0% (0/2)" />
			<line number="195"  hits="0"  branch="false" />
			<line number="200"  hits="12"  branch="false" />
			<line number="201"  hits="0"  branch="false" />
			<line number="207"  hits="0"  branch="false" />
			<line number="211"  hits="12"  branch="false" />
			<line number="212"  hits="13"  branch="false" />
			<line number="214"  hits="13"  branch="false" />
			<line number="217"  hits="13"  branch="false" />
			<line number="218"  hits="13"  branch="false" />
			<line number="219"  hits="13"  branch="false" />
			<line number="222"  hits="13"  branch="false" />
			<line number="225"  hits="13"  branch="false" />
		</lines>
		</class>
		<class name="preloader.js"  filename="assets/_js/components/preloader.js"  line-rate="0.9286"  branch-rate="0.75" >
		<methods>
			<method name="(anonymous_1)"  hits="1"  signature="()V" >
				<lines><line number="7"  hits="1" /></lines>
			</method>
			<method name="modalPreloader"  hits="1"  signature="()V" >
				<lines><line number="20"  hits="1" /></lines>
			</method>
			<method name="tablePreloader"  hits="1"  signature="()V" >
				<lines><line number="29"  hits="1" /></lines>
			</method>
			<method name="inlinePreloader"  hits="1"  signature="()V" >
				<lines><line number="38"  hits="1" /></lines>
			</method>
			<method name="(anonymous_5)"  hits="4"  signature="()V" >
				<lines><line number="46"  hits="4" /></lines>
			</method>
			<method name="(anonymous_6)"  hits="1"  signature="()V" >
				<lines><line number="70"  hits="1" /></lines>
			</method>
		</methods>
		<lines>
			<line number="1"  hits="1"  branch="true"  condition-coverage="50% (1/2)" />
			<line number="7"  hits="1"  branch="false" />
			<line number="11"  hits="1"  branch="false" />
			<line number="17"  hits="1"  branch="false" />
			<line number="18"  hits="1"  branch="false" />
			<line number="20"  hits="1"  branch="false" />
			<line number="21"  hits="1"  branch="false" />
			<line number="26"  hits="1"  branch="false" />
			<line number="29"  hits="1"  branch="false" />
			<line number="30"  hits="1"  branch="false" />
			<line number="35"  hits="1"  branch="false" />
			<line number="38"  hits="1"  branch="false" />
			<line number="39"  hits="1"  branch="false" />
			<line number="46"  hits="1"  branch="false" />
[...]
			<line number="130"  hits="0"  branch="false" />
			<line number="131"  hits="0"  branch="false" />
			<line number="132"  hits="0"  branch="false" />
			<line number="135"  hits="1"  branch="false" />
			<line number="136"  hits="0"  branch="false" />
			<line number="139"  hits="0"  branch="false" />
			<line number="140"  hits="0"  branch="false" />
			<line number="142"  hits="0"  branch="false" />
			<line number="144"  hits="0"  branch="true"  condition-coverage="0% (0/2)" />
			<line number="145"  hits="0"  branch="false" />
			<line number="146"  hits="0"  branch="false" />
			<line number="147"  hits="0"  branch="false" />
			<line number="150"  hits="0"  branch="false" />
			<line number="151"  hits="0"  branch="false" />
			<line number="154"  hits="0"  branch="false" />
			<line number="157"  hits="0"  branch="true"  condition-coverage="0% (0/2)" />
			<line number="158"  hits="0"  branch="false" />
			<line number="163"  hits="0"  branch="false" />
			<line number="164"  hits="0"  branch="false" />
			<line number="165"  hits="0"  branch="true"  condition-coverage="0% (0/2)" />
			<line number="168"  hits="0"  branch="false" />
			<line number="169"  hits="0"  branch="false" />
			<line number="170"  hits="0"  branch="false" />
			<line number="173"  hits="0"  branch="false" />
			<line number="174"  hits="0"  branch="false" />
			<line number="175"  hits="0"  branch="false" />
			<line number="178"  hits="0"  branch="false" />
		</lines>
		</class>
		<class name="submitForm.js"  filename="assets/_js/components/submitForm.js"  line-rate="0.7"  branch-rate="0.45" >
		<methods>
			<method name="(anonymous_1)"  hits="1"  signature="()V" >
				<lines><line number="17"  hits="1" /></lines>
			</method>
			<method name="submit"  hits="2"  signature="()V" >
				<lines><line number="21"  hits="2" /></lines>
			</method>
			<method name="(anonymous_3)"  hits="0"  signature="()V" >
				<lines><line number="25"  hits="0" /></lines>
			</method>
			<method name="complete"  hits="0"  signature="()V" >
				<lines><line number="46"  hits="0" /></lines>
			</method>
		</methods>
		<lines>
			<line number="1"  hits="1"  branch="true"  condition-coverage="50% (1/2)" />
			<line number="17"  hits="1"  branch="false" />
			<line number="21"  hits="1"  branch="false" />
			<line number="23"  hits="2"  branch="false" />
			<line number="24"  hits="2"  branch="false" />
			<line number="25"  hits="2"  branch="true"  condition-coverage="100% (2/2)" />
			<line number="28"  hits="2"  branch="true"  condition-coverage="50% (1/2)" />
			<line number="32"  hits="2"  branch="false" />
			<line number="34"  hits="2"  branch="false" />
			<line number="35"  hits="2"  branch="false" />
			<line number="36"  hits="2"  branch="false" />
			<line number="38"  hits="2"  branch="true"  condition-coverage="50% (1/2)" />
			<line number="39"  hits="2"  branch="false" />
			<line number="40"  hits="2"  branch="false" />
			<line number="46"  hits="1"  branch="false" />
			<line number="48"  hits="0"  branch="true"  condition-coverage="0% (0/2)" />
			<line number="49"  hits="0"  branch="false" />
			<line number="52"  hits="0"  branch="true"  condition-coverage="0% (0/2)" />
			<line number="53"  hits="0"  branch="false" />
			<line number="57"  hits="2"  branch="false" />
			<line number="58"  hits="2"  branch="true"  condition-coverage="50% (1/2)" />
			<line number="59"  hits="0"  branch="false" />
			<line number="63"  hits="0"  branch="false" />
			<line number="66"  hits="2"  branch="true"  condition-coverage="50% (1/2)" />
			<line number="67"  hits="0"  branch="false" />
			<line number="68"  hits="2"  branch="true"  condition-coverage="50% (1/2)" />
			<line number="69"  hits="0"  branch="false" />
			<line number="72"  hits="2"  branch="true"  condition-coverage="50% (1/2)" />
			<line number="73"  hits="0"  branch="false" />
			<line number="76"  hits="2"  branch="false" />
		</lines>
		</class>
		<class name="tableCheckAll.js"  filename="assets/_js/components/tableCheckAll.js"  line-rate="0.9167000000000001"  branch-rate="0.5" >
		<methods>
			<method name="(anonymous_1)"  hits="1"  signature="()V" >
				<lines><line number="10"  hits="1" /></lines>
			</method>
			<method name="init"  hits="18"  signature="()V" >
				<lines><line number="14"  hits="18" /></lines>
			</method>
			<method name="(anonymous_3)"  hits="32"  signature="()V" >
				<lines><line number="22"  hits="32" /></lines>
			</method>
		</methods>
		<lines>
			<line number="1"  hits="1"  branch="true"  condition-coverage="50% (1/2)" />
			<line number="10"  hits="1"  branch="false" />
			<line number="14"  hits="1"  branch="false" />
			<line number="16"  hits="18"  branch="false" />
			<line number="20"  hits="18"  branch="false" />
			<line number="22"  hits="18"  branch="false" />
			<line number="24"  hits="32"  branch="false" />
			<line number="25"  hits="32"  branch="false" />
			<line number="27"  hits="32"  branch="false" />
			<line number="31"  hits="32"  branch="true"  condition-coverage="50% (1/2)" />
			<line number="32"  hits="32"  branch="false" />
			<line number="34"  hits="0"  branch="false" />
		</lines>
		</class>
		<class name="tableRows.js"  filename="assets/_js/components/tableRows.js"  line-rate="0.56"  branch-rate="0.5102" >
		<methods>
			<method name="(anonymous_1)"  hits="1"  signature="()V" >
				<lines><line number="10"  hits="1" /></lines>
			</method>
			<method name="init"  hits="4"  signature="()V" >
				<lines><line number="14"  hits="4" /></lines>
			</method>
			<method name="getActions"  hits="8"  signature="()V" >
				<lines><line number="21"  hits="8" /></lines>
			</method>
			<method name="checkForSingleAction"  hits="6"  signature="()V" >
				<lines><line number="27"  hits="6" /></lines>
			</method>
			<method name="(anonymous_5)"  hits="0"  signature="()V" >
				<lines><line number="42"  hits="0" /></lines>
			</method>
			<method name="(anonymous_6)"  hits="0"  signature="()V" >
				<lines><line number="44"  hits="0" /></lines>
			</method>
			<method name="(anonymous_7)"  hits="0"  signature="()V" >
				<lines><line number="51"  hits="0" /></lines>
			</method>
			<method name="(anonymous_8)"  hits="2"  signature="()V" >
				<lines><line number="56"  hits="2" /></lines>
			</method>
			<method name="highlightRow"  hits="1"  signature="()V" >
				<lines><line number="61"  hits="1" /></lines>
			</method>
			<method name="unHighlightRow"  hits="0"  signature="()V" >
				<lines><line number="69"  hits="0" /></lines>
			</method>
			<method name="toggleRow"  hits="1"  signature="()V" >
				<lines><line number="77"  hits="1" /></lines>
			</method>
			<method name="(anonymous_12)"  hits="0"  signature="()V" >
				<lines><line number="102"  hits="0" /></lines>
			</method>
			<method name="(anonymous_13)"  hits="0"  signature="()V" >
				<lines><line number="121"  hits="0" /></lines>
			</method>
			<method name="(anonymous_14)"  hits="4"  signature="()V" >
				<lines><line number="159"  hits="4" /></lines>
			</method>
		</methods>
		<lines>
			<line number="1"  hits="1"  branch="true"  condition-coverage="50% (1/2)" />
			<line number="10"  hits="1"  branch="false" />
			<line number="14"  hits="1"  branch="false" />
			<line number="16"  hits="4"  branch="false" />
			<line number="17"  hits="4"  branch="false" />
			<line number="18"  hits="4"  branch="false" />
			<line number="21"  hits="1"  branch="false" />
			<line number="22"  hits="8"  branch="false" />
			<line number="27"  hits="1"  branch="false" />
			<line number="28"  hits="6"  branch="true"  condition-coverage="50% (1/2)" />
			<line number="29"  hits="6"  branch="false" />
			<line number="35"  hits="4"  branch="false" />
			<line number="37"  hits="4"  branch="false" />
			<line number="38"  hits="4"  branch="false" />
			<line number="42"  hits="4"  branch="false" />
			<line number="43"  hits="0"  branch="true"  condition-coverage="0% (0/2)" />
			<line number="44"  hits="0"  branch="false" />
			<line number="45"  hits="0"  branch="false" />
			<line number="47"  hits="0"  branch="false" />
			<line number="49"  hits="0"  branch="false" />
			<line number="52"  hits="0"  branch="false" />
			<line number="56"  hits="4"  branch="false" />
			<line number="58"  hits="2"  branch="false" />
			<line number="59"  hits="2"  branch="false" />
			<line number="61"  hits="1"  branch="false" />
			<line number="62"  hits="1"  branch="true"  condition-coverage="50% (1/2)" />
			<line number="64"  hits="1"  branch="false" />
			<line number="66"  hits="1"  branch="false" />
			<line number="69"  hits="1"  branch="false" />
			<line number="70"  hits="0"  branch="true"  condition-coverage="0% (0/2)" />
			<line number="72"  hits="0"  branch="false" />
			<line number="74"  hits="0"  branch="false" />
			<line number="77"  hits="1"  branch="false" />
			<line number="78"  hits="1"  branch="true"  condition-coverage="100% (2/2)" />
			<line number="79"  hits="1"  branch="true"  condition-coverage="50% (1/2)" />
			<line number="80"  hits="0"  branch="false" />
			<line number="82"  hits="1"  branch="false" />
			<line number="86"  hits="2"  branch="true"  condition-coverage="50% (1/2)" />
			<line number="87"  hits="0"  branch="false" />
			<line number="91"  hits="2"  branch="true"  condition-coverage="100% (4/4)" />
			<line number="92"  hits="1"  branch="false" />
			<line number="96"  hits="2"  branch="true"  condition-coverage="100% (2/2)" />
			<line number="99"  hits="1"  branch="true"  condition-coverage="50% (2/4)" />
			<line number="102"  hits="0"  branch="false" />
			<line number="103"  hits="0"  branch="false" />
			<line number="107"  hits="0"  branch="false" />
			<line number="110"  hits="0"  branch="true"  condition-coverage="0% (0/2)" />
			<line number="111"  hits="0"  branch="true"  condition-coverage="0% (0/2)" />
			<line number="112"  hits="0"  branch="false" />
			<line number="114"  hits="0"  branch="false" />
			<line number="115"  hits="0"  branch="false" />
			<line number="118"  hits="0"  branch="false" />
			<line number="119"  hits="0"  branch="false" />
			<line number="121"  hits="0"  branch="false" />
			<line number="122"  hits="0"  branch="true"  condition-coverage="0% (0/2)" />
			<line number="123"  hits="0"  branch="false" />
			<line number="125"  hits="0"  branch="false" />
			<line number="129"  hits="0"  branch="false" />
			<line number="132"  hits="1"  branch="false" />
			<line number="135"  hits="1"  branch="true"  condition-coverage="50% (2/4)" />
			<line number="137"  hits="0"  branch="false" />
			<line number="138"  hits="0"  branch="false" />
			<line number="139"  hits="0"  branch="false" />
			<line number="145"  hits="2"  branch="true"  condition-coverage="100% (2/2)" />
			<line number="146"  hits="1"  branch="false" />
			<line number="151"  hits="1"  branch="true"  condition-coverage="60% (3/5)" />
			<line number="152"  hits="0"  branch="false" />
			<line number="153"  hits="0"  branch="false" />
			<line number="159"  hits="4"  branch="false" />
			<line number="162"  hits="4"  branch="true"  condition-coverage="100% (2/2)" />
			<line number="163"  hits="3"  branch="false" />
			<line number="167"  hits="1"  branch="true"  condition-coverage="50% (1/2)" />
			<line number="168"  hits="1"  branch="false" />
			<line number="169"  hits="0"  branch="true"  condition-coverage="0% (0/2)" />
			<line number="170"  hits="0"  branch="false" />
		</lines>
		</class>
		<class name="tableSorter.js"  filename="assets/_js/components/tableSorter.js"  line-rate="0.9333"  branch-rate="0.5" >
		<methods>
			<method name="(anonymous_1)"  hits="1"  signature="()V" >
				<lines><line number="7"  hits="1" /></lines>
			</method>
			<method name="init"  hits="4"  signature="()V" >
				<lines><line number="11"  hits="4" /></lines>
			</method>
			<method name="clickHandler"  hits="3"  signature="()V" >
				<lines><line number="21"  hits="3" /></lines>
			</method>
			<method name="(anonymous_4)"  hits="1"  signature="()V" >
				<lines><line number="27"  hits="1" /></lines>
			</method>
			<method name="(anonymous_5)"  hits="9"  signature="()V" >
				<lines><line number="36"  hits="9" /></lines>
			</method>
		</methods>
		<lines>
			<line number="1"  hits="1"  branch="true"  condition-coverage="50% (1/2)" />
			<line number="7"  hits="1"  branch="false" />
			<line number="11"  hits="1"  branch="false" />
			<line number="12"  hits="4"  branch="false" />
			<line number="13"  hits="4"  branch="false" />
			<line number="14"  hits="4"  branch="false" />
			<line number="16"  hits="4"  branch="false" />
			<line number="21"  hits="4"  branch="false" />
			<line number="22"  hits="3"  branch="false" />
			<line number="24"  hits="3"  branch="false" />
			<line number="28"  hits="1"  branch="false" />
			<line number="32"  hits="3"  branch="false" />
			<line number="36"  hits="3"  branch="false" />
			<line number="37"  hits="9"  branch="true"  condition-coverage="50% (1/2)" />
			<line number="38"  hits="0"  branch="false" />
		</lines>
		</class>
		<class name="textareaPlaceholder.js"  filename="assets/_js/components/textareaPlaceholder.js"  line-rate="1"  branch-rate="0.5" >
		<methods>
			<method name="(anonymous_1)"  hits="1"  signature="()V" >
				<lines><line number="13"  hits="1" /></lines>
			</method>
			<method name="init"  hits="2"  signature="()V" >
				<lines><line number="17"  hits="2" /></lines>
			</method>
			<method name="(anonymous_3)"  hits="2"  signature="()V" >
				<lines><line number="19"  hits="2" /></lines>
			</method>
			<method name="(anonymous_4)"  hits="2"  signature="()V" >
				<lines><line number="20"  hits="2" /></lines>
			</method>
		</methods>
		<lines>
			<line number="1"  hits="1"  branch="true"  condition-coverage="50% (1/2)" />
			<line number="13"  hits="1"  branch="false" />
			<line number="17"  hits="1"  branch="false" />
			<line number="19"  hits="2"  branch="false" />
			<line number="20"  hits="2"  branch="false" />
			<line number="22"  hits="2"  branch="true"  condition-coverage="50% (1/2)" />
			<line number="24"  hits="2"  branch="false" />
		</lines>
		</class>
		<class name="toggleElement.js"  filename="assets/_js/components/toggleElement.js"  line-rate="1"  branch-rate="0.9091" >
		<methods>
			<method name="(anonymous_1)"  hits="1"  signature="()V" >
				<lines><line number="13"  hits="1" /></lines>
			</method>
			<method name="init"  hits="7"  signature="()V" >
				<lines><line number="17"  hits="7" /></lines>
			</method>
			<method name="hide"  hits="3"  signature="()V" >
				<lines><line number="26"  hits="3" /></lines>
			</method>
			<method name="(anonymous_4)"  hits="3"  signature="()V" >
				<lines><line number="31"  hits="3" /></lines>
			</method>
			<method name="(anonymous_5)"  hits="7"  signature="()V" >
				<lines><line number="41"  hits="7" /></lines>
			</method>
		</methods>
		<lines>
			<line number="1"  hits="1"  branch="true"  condition-coverage="50% (1/2)" />
			<line number="13"  hits="1"  branch="false" />
			<line number="17"  hits="1"  branch="false" />
			<line number="19"  hits="7"  branch="true"  condition-coverage="100% (5/5)" />
			<line number="20"  hits="3"  branch="false" />
			<line number="23"  hits="4"  branch="false" />
			<line number="24"  hits="4"  branch="false" />
			<line number="26"  hits="1"  branch="false" />
			<line number="27"  hits="3"  branch="false" />
			<line number="28"  hits="3"  branch="false" />
			<line number="31"  hits="4"  branch="false" />
			<line number="32"  hits="3"  branch="false" />
			<line number="33"  hits="3"  branch="true"  condition-coverage="100% (2/2)" />
			<line number="34"  hits="1"  branch="false" />
			<line number="36"  hits="2"  branch="false" />
			<line number="37"  hits="2"  branch="false" />
			<line number="41"  hits="4"  branch="false" />
			<line number="42"  hits="7"  branch="true"  condition-coverage="100% (2/2)" />
			<line number="43"  hits="2"  branch="false" />
		</lines>
		</class>
		<class name="tooltip.js"  filename="assets/_js/components/tooltip.js"  line-rate="1"  branch-rate="0.5" >
		<methods>
			<method name="(anonymous_1)"  hits="1"  signature="()V" >
				<lines><line number="12"  hits="1" /></lines>
			</method>
			<method name="init"  hits="4"  signature="()V" >
				<lines><line number="16"  hits="4" /></lines>
			</method>
			<method name="(anonymous_3)"  hits="4"  signature="()V" >
				<lines><line number="21"  hits="4" /></lines>
			</method>
			<method name="(anonymous_4)"  hits="4"  signature="()V" >
				<lines><line number="26"  hits="4" /></lines>
			</method>
			<method name="(anonymous_5)"  hits="2"  signature="()V" >
				<lines><line number="27"  hits="2" /></lines>
			</method>
		</methods>
		<lines>
			<line number="1"  hits="1"  branch="true"  condition-coverage="50% (1/2)" />
			<line number="12"  hits="1"  branch="false" />
			<line number="16"  hits="1"  branch="false" />
			<line number="19"  hits="4"  branch="false" />
			<line number="21"  hits="4"  branch="false" />
			<line number="23"  hits="4"  branch="false" />
			<line number="25"  hits="4"  branch="false" />
			<line number="26"  hits="4"  branch="false" />
			<line number="27"  hits="2"  branch="false" />
		</lines>
		</class>
		<class name="transform.js"  filename="assets/_js/components/transform.js"  line-rate="0.2727"  branch-rate="0.16670000000000001" >
		<methods>
			<method name="(anonymous_1)"  hits="1"  signature="()V" >
				<lines><line number="7"  hits="1" /></lines>
			</method>
			<method name="init"  hits="0"  signature="()V" >
				<lines><line number="11"  hits="0" /></lines>
			</method>
		</methods>
		<lines>
			<line number="1"  hits="1"  branch="true"  condition-coverage="50% (1/2)" />
			<line number="7"  hits="1"  branch="false" />
			<line number="11"  hits="1"  branch="false" />
			<line number="12"  hits="0"  branch="false" />
			<line number="14"  hits="0"  branch="true"  condition-coverage="0% (0/2)" />
			<line number="15"  hits="0"  branch="false" />
			<line number="18"  hits="0"  branch="false" />
			<line number="19"  hits="0"  branch="false" />
			<line number="20"  hits="0"  branch="true"  condition-coverage="0% (0/2)" />
			<line number="21"  hits="0"  branch="false" />
			<line number="22"  hits="0"  branch="false" />
		</lines>
		</class>
		<class name="url.js"  filename="assets/_js/components/url.js"  line-rate="0.8571"  branch-rate="0.8332999999999999" >
		<methods>
			<method name="(anonymous_1)"  hits="1"  signature="()V" >
				<lines><line number="9"  hits="1" /></lines>
			</method>
			<method name="hasTrailingSlash"  hits="8"  signature="()V" >
				<lines><line number="13"  hits="8" /></lines>
			</method>
			<method name="(anonymous_3)"  hits="4"  signature="()V" >
				<lines><line number="20"  hits="4" /></lines>
			</method>
			<method name="(anonymous_4)"  hits="0"  signature="()V" >
				<lines><line number="32"  hits="0" /></lines>
			</method>
			<method name="(anonymous_5)"  hits="0"  signature="()V" >
				<lines><line number="36"  hits="0" /></lines>
			</method>
		</methods>
		<lines>
			<line number="1"  hits="1"  branch="true"  condition-coverage="50% (1/2)" />
			<line number="9"  hits="1"  branch="false" />
			<line number="13"  hits="1"  branch="false" />
			<line number="14"  hits="8"  branch="false" />
			<line number="16"  hits="8"  branch="false" />
			<line number="19"  hits="1"  branch="false" />
			<line number="21"  hits="4"  branch="true"  condition-coverage="100% (2/2)" />
			<line number="22"  hits="1"  branch="false" />
			<line number="25"  hits="4"  branch="true"  condition-coverage="100% (2/2)" />
			<line number="26"  hits="1"  branch="false" />
			<line number="29"  hits="4"  branch="false" />
			<line number="33"  hits="0"  branch="false" />
			<line number="37"  hits="0"  branch="false" />
			<line number="41"  hits="1"  branch="false" />
		</lines>
		</class>
	</classes>
	</package>
</packages>
</coverage>
