TN:
SF:./assets/_js/components/accessibility.js
FN:9,(anonymous_1)
FN:13,init
FN:25,(anonymous_3)
FN:55,(anonymous_4)
FN:61,(anonymous_5)
FN:78,(anonymous_6)
FNF:6
FNH:1
FNDA:1,(anonymous_1)
FNDA:0,init
FNDA:0,(anonymous_3)
FNDA:0,(anonymous_4)
FNDA:0,(anonymous_5)
FNDA:0,(anonymous_6)
DA:1,1
DA:9,1
DA:13,1
DA:15,0
DA:25,0
DA:33,0
DA:35,0
DA:37,0
DA:49,0
DA:55,0
DA:56,0
DA:57,0
DA:61,0
DA:62,0
DA:63,0
DA:78,0
DA:79,0
LF:17
LH:3
BRDA:1,1,0,1
BRDA:1,1,1,1
BRDA:33,2,0,0
BRDA:33,2,1,0
BRF:4
BRH:2
end_of_record
TN:
SF:./assets/_js/components/addAnother.js
FN:11,(anonymous_1)
FN:18,init
FN:20,cloneLastField
FN:25,incrementString
FN:26,(anonymous_5)
FN:32,updateValues
FN:46,(anonymous_7)
FNF:7
FNH:7
FNDA:1,(anonymous_1)
FNDA:2,init
FNDA:3,cloneLastField
FNDA:6,incrementString
FNDA:6,(anonymous_5)
FNDA:3,updateValues
FNDA:3,(anonymous_7)
DA:1,1
DA:11,1
DA:15,1
DA:16,1
DA:18,1
DA:20,1
DA:21,3
DA:22,3
DA:25,1
DA:26,6
DA:27,6
DA:29,6
DA:32,1
DA:33,3
DA:34,3
DA:35,3
DA:36,3
DA:38,3
DA:43,3
DA:46,2
DA:47,3
DA:48,3
DA:49,3
DA:50,3
DA:51,3
LF:25
LH:25
BRDA:1,1,0,1
BRDA:1,1,1,0
BRF:2
BRH:1
end_of_record
TN:
SF:./assets/_js/components/ajax.js
FN:10,(anonymous_1)
FN:23,ajax
FN:34,(anonymous_3)
FN:69,(anonymous_4)
FN:78,(anonymous_5)
FN:91,(anonymous_6)
FNF:6
FNH:3
FNDA:1,(anonymous_1)
FNDA:3,ajax
FNDA:0,(anonymous_3)
FNDA:0,(anonymous_4)
FNDA:0,(anonymous_5)
FNDA:1,(anonymous_6)
DA:1,1
DA:10,1
DA:14,1
DA:17,1
DA:21,1
DA:23,1
DA:25,3
DA:29,3
DA:33,3
DA:35,0
DA:36,0
DA:37,0
DA:38,0
DA:40,0
DA:44,0
DA:45,0
DA:46,0
DA:48,0
DA:49,0
DA:50,0
DA:52,0
DA:53,0
DA:54,0
DA:57,0
DA:60,0
DA:62,0
DA:63,0
DA:66,0
DA:70,0
DA:74,0
DA:75,0
DA:79,0
DA:83,0
DA:84,0
DA:87,0
DA:92,1
DA:93,1
DA:98,3
LF:38
LH:12
BRDA:1,1,0,1
BRDA:1,1,1,0
BRDA:44,2,0,0
BRDA:44,2,1,0
BRDA:45,3,0,0
BRDA:45,3,1,0
BRDA:49,4,0,0
BRDA:49,4,1,0
BRDA:62,5,0,0
BRDA:62,5,1,0
BRDA:74,6,0,0
BRDA:74,6,1,0
BRDA:83,7,0,0
BRDA:83,7,1,0
BRDA:92,8,0,1
BRDA:92,8,1,0
BRF:16
BRH:2
end_of_record
TN:
SF:./assets/_js/components/browser.js
FN:10,(anonymous_1)
FNF:1
FNH:1
FNDA:1,(anonymous_1)
DA:1,1
DA:10,1
DA:14,1
DA:16,1
DA:18,1
DA:20,1
DA:22,1
DA:24,1
DA:26,1
LF:9
LH:9
BRDA:1,1,0,1
BRDA:1,1,1,0
BRDA:16,2,0,1
BRDA:16,2,1,1
BRDA:22,3,0,1
BRDA:22,3,1,0
BRDA:24,4,0,1
BRDA:24,4,1,1
BRF:8
BRH:6
end_of_record
TN:
SF:./assets/_js/components/cascadeForm.js
FN:12,(anonymous_1)
FN:16,init
FN:25,clearFieldset
FN:28,clear
FN:30,(anonymous_5)
FN:43,checkForm
FN:72,triggerRule
FN:125,findContainer
FN:190,(anonymous_9)
FNF:9
FNH:8
FNDA:1,(anonymous_1)
FNDA:25,init
FNDA:72,clearFieldset
FNDA:80,clear
FNDA:140,(anonymous_5)
FNDA:2070,checkForm
FNDA:12416,triggerRule
FNDA:12513,findContainer
FNDA:0,(anonymous_9)
DA:1,1
DA:12,1
DA:16,1
DA:18,25
DA:19,25
DA:20,25
DA:21,25
DA:22,25
DA:23,25
DA:25,1
DA:28,72
DA:29,80
DA:30,80
DA:31,140
DA:32,140
DA:33,0
DA:37,80
DA:43,1
DA:44,2070
DA:45,8277
DA:49,8277
DA:50,4138
DA:51,4138
DA:56,4139
DA:57,8278
DA:58,8278
DA:72,1
DA:74,12416
DA:75,12416
DA:76,12416
DA:78,12416
DA:79,8276
DA:81,4140
DA:84,12416
DA:90,12415
DA:91,2069
DA:94,12415
DA:95,45
DA:96,12370
DA:97,82
DA:99,12415
DA:107,12415
DA:108,127
DA:109,127
DA:112,12415
DA:113,45
DA:114,12370
DA:115,82
DA:125,1
DA:127,12513
DA:128,8374
DA:131,4139
DA:134,4139
DA:135,0
DA:138,4139
DA:140,1
DA:142,1
DA:144,0
DA:146,0
DA:148,0
DA:150,0
DA:152,1
DA:156,4138
DA:158,2069
DA:159,2069
DA:166,2069
DA:175,25
DA:176,25
DA:177,97
DA:178,97
DA:179,72
DA:184,97
DA:188,25
DA:190,24
DA:191,0
DA:195,25
DA:197,25
LF:77
LH:70
BRDA:1,1,0,1
BRDA:1,1,1,0
BRDA:18,2,0,25
BRDA:18,2,1,0
BRDA:21,3,0,0
BRDA:21,3,1,25
BRDA:23,4,0,25
BRDA:23,4,1,25
BRDA:32,5,0,0
BRDA:32,5,1,140
BRDA:49,6,0,4138
BRDA:49,6,1,4139
BRDA:78,7,0,8276
BRDA:78,7,1,4140
BRDA:90,8,0,2069
BRDA:90,8,1,10346
BRDA:90,9,0,12415
BRDA:90,9,1,10346
BRDA:94,10,0,45
BRDA:94,10,1,12370
BRDA:94,11,0,12415
BRDA:94,11,1,9694
BRDA:96,12,0,82
BRDA:96,12,1,12288
BRDA:96,13,0,12370
BRDA:96,13,1,2721
BRDA:107,14,0,127
BRDA:107,14,1,12288
BRDA:112,15,0,45
BRDA:112,15,1,12370
BRDA:114,16,0,82
BRDA:114,16,1,12288
BRDA:127,17,0,8374
BRDA:127,17,1,4139
BRDA:134,18,0,0
BRDA:134,18,1,4139
BRDA:134,19,0,4139
BRDA:134,19,1,4139
BRDA:138,20,0,1
BRDA:138,20,1,4138
BRDA:142,21,0,0
BRDA:142,21,1,0
BRDA:142,21,2,0
BRDA:142,21,3,0
BRDA:142,21,4,1
BRDA:156,22,0,2069
BRDA:156,22,1,2069
BRDA:175,23,0,25
BRDA:175,23,1,0
BRDA:178,24,0,72
BRDA:178,24,1,25
BRDA:188,25,0,24
BRDA:188,25,1,1
BRF:53
BRH:43
end_of_record
TN:
SF:./assets/_js/components/cascadeInput.js
FN:11,(anonymous_1)
FN:15,init
FN:29,(anonymous_3)
FN:49,(anonymous_4)
FN:61,done
FN:76,(anonymous_6)
FNF:6
FNH:6
FNDA:1,(anonymous_1)
FNDA:5,init
FNDA:2,(anonymous_3)
FNDA:4,(anonymous_4)
FNDA:1,done
FNDA:2,(anonymous_6)
DA:1,1
DA:11,1
DA:15,1
DA:17,5
DA:18,5
DA:19,5
DA:20,5
DA:21,5
DA:22,5
DA:23,5
DA:24,5
DA:28,5
DA:29,2
DA:34,2
DA:35,0
DA:38,2
DA:45,5
DA:46,1
DA:49,4
DA:51,4
DA:52,4
DA:57,4
DA:58,4
DA:61,1
DA:63,1
DA:65,1
DA:66,0
DA:67,0
DA:70,1
DA:71,0
DA:74,1
DA:75,1
DA:76,1
DA:77,2
DA:78,0
DA:80,2
DA:83,1
DA:86,1
DA:87,0
DA:90,1
DA:91,1
DA:94,1
DA:95,1
DA:99,4
DA:100,4
DA:101,0
DA:103,4
DA:105,4
DA:109,4
LF:49
LH:42
BRDA:1,1,0,1
BRDA:1,1,1,0
BRDA:17,2,0,1
BRDA:17,2,1,4
BRDA:18,3,0,5
BRDA:18,3,1,0
BRDA:19,4,0,5
BRDA:19,4,1,5
BRDA:20,5,0,5
BRDA:20,5,1,5
BRDA:22,6,0,5
BRDA:22,6,1,5
BRDA:23,7,0,5
BRDA:23,7,1,5
BRDA:24,8,0,5
BRDA:24,8,1,5
BRDA:28,9,0,2
BRDA:28,9,1,3
BRDA:34,10,0,0
BRDA:34,10,1,2
BRDA:34,11,0,2
BRDA:34,11,1,0
BRDA:45,12,0,1
BRDA:45,12,1,4
BRDA:52,13,0,4
BRDA:52,13,1,0
BRDA:57,14,0,4
BRDA:57,14,1,0
BRDA:65,15,0,0
BRDA:65,15,1,1
BRDA:70,16,0,0
BRDA:70,16,1,1
BRDA:74,17,0,1
BRDA:74,17,1,0
BRDA:77,18,0,0
BRDA:77,18,1,2
BRDA:77,19,0,2
BRDA:77,19,1,0
BRDA:86,20,0,0
BRDA:86,20,1,1
BRDA:86,21,0,1
BRDA:86,21,1,0
BRDA:90,22,0,1
BRDA:90,22,1,0
BRDA:94,23,0,1
BRDA:94,23,1,0
BRDA:99,24,0,4
BRDA:99,24,1,0
BRDA:100,25,0,0
BRDA:100,25,1,4
BRF:50
BRH:33
end_of_record
TN:
SF:./assets/_js/components/characterCount.js
FN:9,(anonymous_1)
FN:13,init
FN:21,(anonymous_3)
FNF:3
FNH:3
FNDA:1,(anonymous_1)
FNDA:4,init
FNDA:1,(anonymous_3)
DA:1,1
DA:9,1
DA:13,1
DA:15,4
DA:16,4
DA:17,4
DA:19,4
DA:21,4
DA:22,1
DA:23,1
LF:10
LH:10
BRDA:1,1,0,1
BRDA:1,1,1,0
BRDA:16,2,0,1
BRDA:16,2,1,3
BRF:4
BRH:3
end_of_record
TN:
SF:./assets/_js/components/complexPredicate.js
FN:7,(anonymous_1)
FN:11,init
FN:30,(anonymous_3)
FN:35,checkComplexPredicate
FNF:4
FNH:1
FNDA:1,(anonymous_1)
FNDA:0,init
FNDA:0,(anonymous_3)
FNDA:0,checkComplexPredicate
DA:1,1
DA:7,1
DA:11,1
DA:12,0
DA:14,0
DA:15,0
DA:20,0
DA:21,0
DA:24,0
DA:25,0
DA:28,0
DA:29,0
DA:30,0
DA:31,0
DA:35,0
DA:37,0
DA:38,0
DA:41,0
DA:43,0
LF:19
LH:3
BRDA:1,1,0,1
BRDA:1,1,1,0
BRDA:14,2,0,0
BRDA:14,2,1,0
BRDA:20,3,0,0
BRDA:20,3,1,0
BRDA:24,4,0,0
BRDA:24,4,1,0
BRDA:28,5,0,0
BRDA:28,5,1,0
BRDA:37,6,0,0
BRDA:37,6,1,0
BRDA:37,7,0,0
BRDA:37,7,1,0
BRF:14
BRH:1
end_of_record
TN:
SF:./assets/_js/components/conditionalButton.js
FN:7,(anonymous_1)
FN:11,init
FN:34,checkButton
FN:43,(anonymous_4)
FN:53,(anonymous_5)
FN:57,setup
FNF:6
FNH:2
FNDA:1,(anonymous_1)
FNDA:1,init
FNDA:0,checkButton
FNDA:0,(anonymous_4)
FNDA:0,(anonymous_5)
FNDA:0,setup
DA:1,1
DA:7,1
DA:11,1
DA:12,1
DA:13,1
DA:15,1
DA:16,0
DA:19,1
DA:21,1
DA:22,0
DA:24,1
DA:27,1
DA:28,1
DA:29,1
DA:31,1
DA:32,0
DA:34,1
DA:35,0
DA:36,0
DA:38,0
DA:40,0
DA:41,0
DA:43,0
DA:44,0
DA:45,0
DA:47,0
DA:53,1
DA:54,0
DA:57,1
DA:58,0
DA:63,1
LF:31
LH:17
BRDA:1,1,0,1
BRDA:1,1,1,0
BRDA:15,2,0,0
BRDA:15,2,1,1
BRDA:15,3,0,1
BRDA:15,3,1,0
BRDA:19,4,0,1
BRDA:19,4,1,1
BRDA:21,5,0,0
BRDA:21,5,1,1
BRDA:28,6,0,1
BRDA:28,6,1,1
BRDA:31,7,0,0
BRDA:31,7,1,1
BRDA:40,8,0,0
BRDA:40,8,1,0
BRDA:44,9,0,0
BRDA:44,9,1,0
BRF:18
BRH:9
end_of_record
TN:
SF:./assets/_js/components/crudTableHandler.js
FN:7,(anonymous_1)
FN:11,init
FN:30,reloadParent
FN:33,(anonymous_4)
FN:40,handleCrudClick
FN:48,handleCrudAction
FN:73,handleCrudResponse
FNF:7
FNH:2
FNDA:1,(anonymous_1)
FNDA:1,init
FNDA:0,reloadParent
FNDA:0,(anonymous_4)
FNDA:0,handleCrudClick
FNDA:0,handleCrudAction
FNDA:0,handleCrudResponse
DA:1,1
DA:7,1
DA:11,1
DA:13,1
DA:14,0
DA:17,1
DA:23,1
DA:24,1
DA:25,1
DA:27,1
DA:30,1
DA:31,0
DA:34,0
DA:40,1
DA:41,0
DA:43,0
DA:44,0
DA:48,1
DA:51,0
DA:52,0
DA:56,0
DA:58,0
DA:68,0
DA:73,1
DA:77,0
DA:81,0
DA:82,0
DA:84,0
DA:87,0
DA:91,0
DA:93,0
DA:98,0
DA:101,0
DA:115,1
LF:34
LH:14
BRDA:1,1,0,1
BRDA:1,1,1,0
BRDA:13,2,0,0
BRDA:13,2,1,1
BRDA:17,3,0,1
BRDA:17,3,1,1
BRDA:51,4,0,0
BRDA:51,4,1,0
BRDA:51,5,0,0
BRDA:51,5,1,0
BRDA:77,6,0,0
BRDA:77,6,1,0
BRDA:81,7,0,0
BRDA:81,7,1,0
BRDA:81,8,0,0
BRDA:81,8,1,0
BRDA:87,9,0,0
BRDA:87,9,1,0
BRF:18
BRH:4
end_of_record
TN:
SF:./assets/_js/components/dataTooltip.js
FN:10,(anonymous_1)
FN:14,init
FN:17,(anonymous_3)
FNF:3
FNH:3
FNDA:1,(anonymous_1)
FNDA:2,init
FNDA:2,(anonymous_3)
DA:1,1
DA:10,1
DA:14,1
DA:17,2
DA:20,2
DA:23,2
DA:26,2
LF:7
LH:7
BRDA:1,1,0,1
BRDA:1,1,1,0
BRF:2
BRH:1
end_of_record
TN:
SF:./assets/_js/components/disableForm.js
FN:12,(anonymous_1)
FN:16,init
FN:26,disableFormSubmit
FN:29,(anonymous_4)
FN:47,(anonymous_5)
FN:66,revertFormSubmit
FNF:6
FNH:5
FNDA:1,(anonymous_1)
FNDA:4,init
FNDA:4,disableFormSubmit
FNDA:4,(anonymous_4)
FNDA:4,(anonymous_5)
FNDA:0,revertFormSubmit
DA:1,1
DA:12,1
DA:16,1
DA:18,4
DA:21,4
DA:24,4
DA:26,1
DA:29,4
DA:31,4
DA:36,4
DA:37,4
DA:40,4
DA:43,4
DA:47,4
DA:48,4
DA:53,4
DA:54,4
DA:55,4
DA:56,0
DA:57,0
DA:66,1
DA:69,0
DA:72,0
DA:77,4
DA:83,4
LF:25
LH:21
BRDA:1,1,0,1
BRDA:1,1,1,0
BRDA:37,2,0,1
BRDA:37,2,1,3
BRDA:53,3,0,4
BRDA:53,3,1,0
BRDA:54,4,0,4
BRDA:54,4,1,0
BRDA:56,5,0,0
BRDA:56,5,1,0
BRF:10
BRH:5
end_of_record
TN:
SF:./assets/_js/components/eventEmitter.js
FN:7,(anonymous_1)
FN:16,(anonymous_2)
FN:31,(anonymous_3)
FN:32,(anonymous_4)
FN:38,(anonymous_5)
FN:50,(anonymous_6)
FNF:6
FNH:6
FNDA:1,(anonymous_1)
FNDA:119,(anonymous_2)
FNDA:52,(anonymous_3)
FNDA:26,(anonymous_4)
FNDA:26,(anonymous_5)
FNDA:210,(anonymous_6)
DA:1,1
DA:7,1
DA:11,1
DA:13,1
DA:17,119
DA:18,118
DA:21,119
DA:26,119
DA:28,119
DA:32,52
DA:33,26
DA:34,26
DA:39,26
DA:41,26
DA:42,26
DA:43,26
DA:44,26
DA:45,26
DA:51,210
DA:53,210
DA:54,134
DA:57,76
DA:58,75
DA:63,75
DA:64,75
DA:70,1
LF:26
LH:26
BRDA:1,1,0,1
BRDA:1,1,1,0
BRDA:17,2,0,118
BRDA:17,2,1,1
BRDA:43,3,0,26
BRDA:43,3,1,0
BRDA:53,4,0,134
BRDA:53,4,1,76
BRDA:63,5,0,75
BRDA:63,5,1,0
BRDA:64,6,0,75
BRDA:64,6,1,74
BRF:12
BRH:9
end_of_record
TN:
SF:./assets/_js/components/fileUpload.js
FN:7,(anonymous_1)
FN:11,init
FN:30,disableElements
FN:38,enableElements
FN:43,handleResponse
FN:49,(anonymous_6)
FN:57,upload
FN:81,(anonymous_8)
FN:121,(anonymous_9)
FN:126,setup
FN:131,(anonymous_11)
FN:150,(anonymous_12)
FN:162,(anonymous_13)
FNF:13
FNH:1
FNDA:1,(anonymous_1)
FNDA:0,init
FNDA:0,disableElements
FNDA:0,enableElements
FNDA:0,handleResponse
FNDA:0,(anonymous_6)
FNDA:0,upload
FNDA:0,(anonymous_8)
FNDA:0,(anonymous_9)
FNDA:0,setup
FNDA:0,(anonymous_11)
FNDA:0,(anonymous_12)
FNDA:0,(anonymous_13)
DA:1,1
DA:7,1
DA:11,1
DA:13,0
DA:14,0
DA:15,0
DA:16,0
DA:17,0
DA:18,0
DA:19,0
DA:20,0
DA:21,0
DA:22,0
DA:23,0
DA:25,0
DA:26,0
DA:27,0
DA:30,1
DA:31,0
DA:32,0
DA:38,1
DA:39,0
DA:40,0
DA:43,1
DA:44,0
DA:45,0
DA:46,0
DA:49,0
DA:50,0
DA:51,0
DA:53,0
DA:57,1
DA:58,0
DA:59,0
DA:60,0
DA:61,0
DA:62,0
DA:64,0
DA:66,0
DA:68,0
DA:81,0
DA:82,0
DA:83,0
DA:84,0
DA:89,0
DA:95,0
DA:96,0
DA:97,0
DA:98,0
DA:104,0
DA:105,0
DA:107,0
DA:117,0
DA:118,0
DA:121,0
DA:122,0
DA:126,1
DA:127,0
DA:128,0
DA:131,0
DA:132,0
DA:133,0
DA:134,0
DA:136,0
DA:137,0
DA:139,0
DA:141,0
DA:143,0
DA:149,0
DA:150,0
DA:151,0
DA:152,0
DA:154,0
DA:155,0
DA:156,0
DA:157,0
DA:158,0
DA:160,0
DA:162,0
DA:163,0
DA:167,0
LF:81
LH:8
BRDA:1,1,0,1
BRDA:1,1,1,0
BRDA:25,2,0,0
BRDA:25,2,1,0
BRDA:50,3,0,0
BRDA:50,3,1,0
BRDA:82,4,0,0
BRDA:82,4,1,0
BRDA:95,5,0,0
BRDA:95,5,1,0
BRDA:149,6,0,0
BRDA:149,6,1,0
BRF:12
BRH:1
end_of_record
TN:
SF:./assets/_js/components/formHandler.js
FN:10,(anonymous_1)
FN:14,init
FN:21,(anonymous_3)
FN:38,(anonymous_4)
FN:61,(anonymous_5)
FN:71,(anonymous_6)
FN:85,(anonymous_7)
FN:113,(anonymous_8)
FN:124,(anonymous_9)
FNF:9
FNH:6
FNDA:1,(anonymous_1)
FNDA:6,init
FNDA:1,(anonymous_3)
FNDA:1,(anonymous_4)
FNDA:1,(anonymous_5)
FNDA:0,(anonymous_6)
FNDA:0,(anonymous_7)
FNDA:4,(anonymous_8)
FNDA:0,(anonymous_9)
DA:1,1
DA:10,1
DA:14,1
DA:16,6
DA:17,6
DA:18,6
DA:21,6
DA:22,1
DA:25,6
DA:26,6
DA:28,6
DA:33,6
DA:37,6
DA:44,1
DA:46,1
DA:48,1
DA:49,1
DA:54,6
DA:56,6
DA:57,6
DA:60,6
DA:61,6
DA:62,1
DA:63,1
DA:71,6
DA:73,0
DA:74,0
DA:76,0
DA:80,0
DA:83,0
DA:85,0
DA:86,0
DA:87,0
DA:94,0
DA:95,0
DA:96,0
DA:100,0
DA:103,0
DA:104,0
DA:105,0
DA:106,0
DA:109,0
DA:113,6
DA:114,4
DA:116,4
DA:118,4
DA:120,4
DA:125,0
DA:133,6
LF:49
LH:31
BRDA:1,1,0,1
BRDA:1,1,1,0
BRDA:17,2,0,6
BRDA:17,2,1,6
BRDA:21,3,0,0
BRDA:21,3,1,6
BRDA:25,4,0,6
BRDA:25,4,1,6
BRDA:28,5,0,6
BRDA:28,5,1,0
BRDA:48,6,0,1
BRDA:48,6,1,0
BRDA:56,7,0,6
BRDA:56,7,1,0
BRDA:60,8,0,6
BRDA:60,8,1,0
BRDA:80,9,0,0
BRDA:80,9,1,0
BRDA:86,10,0,0
BRDA:86,10,1,0
BRDA:94,11,0,0
BRDA:94,11,1,0
BRDA:94,12,0,0
BRDA:94,12,1,0
BRDA:94,12,2,0
BRDA:103,13,0,0
BRDA:103,13,1,0
BRDA:103,14,0,0
BRDA:103,14,1,0
BRF:29
BRH:10
end_of_record
TN:
SF:./assets/_js/components/formHelper.js
FN:7,(anonymous_1)
FN:26,(anonymous_2)
FN:36,(anonymous_3)
FN:43,(anonymous_4)
FN:50,(anonymous_5)
FN:56,(anonymous_6)
FN:64,(anonymous_7)
FN:69,(anonymous_8)
FN:79,(anonymous_9)
FN:84,(anonymous_10)
FN:94,(anonymous_11)
FN:98,(anonymous_12)
FN:107,(anonymous_13)
FN:114,(anonymous_14)
FN:124,(anonymous_15)
FN:130,(anonymous_16)
FNF:16
FNH:16
FNDA:1,(anonymous_1)
FNDA:10487,(anonymous_2)
FNDA:10445,(anonymous_3)
FNDA:2119,(anonymous_4)
FNDA:2069,(anonymous_5)
FNDA:6,(anonymous_6)
FNDA:2,(anonymous_7)
FNDA:2,(anonymous_8)
FNDA:2,(anonymous_9)
FNDA:20,(anonymous_10)
FNDA:18,(anonymous_11)
FNDA:57,(anonymous_12)
FNDA:3,(anonymous_13)
FNDA:6,(anonymous_14)
FNDA:6,(anonymous_15)
FNDA:2,(anonymous_16)
DA:1,1
DA:7,1
DA:14,1
DA:16,1
DA:21,1
DA:26,1
DA:27,10487
DA:29,8375
DA:31,2112
DA:36,1
DA:37,10445
DA:40,10445
DA:43,1
DA:44,2119
DA:47,2119
DA:50,1
DA:51,2069
DA:56,1
DA:57,6
DA:58,6
DA:59,6
DA:60,6
DA:61,6
DA:64,1
DA:65,2
DA:66,2
DA:69,1
DA:70,2
DA:71,2
DA:74,2
DA:79,1
DA:80,2
DA:84,1
DA:85,20
DA:86,39
DA:87,1
DA:91,19
DA:94,1
DA:95,18
DA:98,1
DA:99,57
DA:101,54
DA:104,57
DA:107,1
DA:109,3
DA:110,3
DA:111,3
DA:114,1
DA:117,6
DA:118,6
DA:119,6
DA:121,6
DA:124,1
DA:125,6
DA:126,0
DA:130,1
DA:131,2
DA:137,1
LF:58
LH:57
BRDA:1,1,0,1
BRDA:1,1,1,0
BRDA:27,2,0,8375
BRDA:27,2,1,2112
BRDA:66,3,0,2
BRDA:66,3,1,2
BRDA:70,4,0,2
BRDA:70,4,1,0
BRDA:86,5,0,1
BRDA:86,5,1,38
BRDA:99,6,0,54
BRDA:99,6,1,3
BRDA:125,7,0,0
BRDA:125,7,1,6
BRF:14
BRH:11
end_of_record
TN:
SF:./assets/_js/components/logger.js
FN:7,(anonymous_1)
FN:38,proxy
FN:39,(anonymous_3)
FN:47,make
FN:48,(anonymous_5)
FN:69,(anonymous_6)
FN:77,(anonymous_7)
FNF:7
FNH:5
FNDA:1,(anonymous_1)
FNDA:5,proxy
FNDA:0,(anonymous_3)
FNDA:2,make
FNDA:12834,(anonymous_5)
FNDA:1,(anonymous_6)
FNDA:0,(anonymous_7)
DA:1,1
DA:7,1
DA:11,1
DA:12,1
DA:13,1
DA:20,1
DA:21,1
DA:23,1
DA:24,0
DA:30,1
DA:32,1
DA:33,5
DA:34,0
DA:38,1
DA:39,5
DA:40,0
DA:41,0
DA:43,0
DA:47,1
DA:48,2
DA:49,12834
DA:50,12834
DA:53,0
DA:54,0
DA:57,0
DA:61,1
DA:62,1
DA:63,1
DA:64,1
DA:65,1
DA:66,1
DA:67,1
DA:69,1
DA:70,1
DA:71,1
DA:72,1
DA:77,1
DA:78,0
DA:82,1
DA:83,1
DA:85,0
DA:88,1
LF:42
LH:32
BRDA:1,1,0,1
BRDA:1,1,1,0
BRDA:23,2,0,0
BRDA:23,2,1,1
BRDA:33,3,0,0
BRDA:33,3,1,5
BRDA:40,4,0,0
BRDA:40,4,1,0
BRDA:40,5,0,0
BRDA:40,5,1,0
BRDA:49,6,0,12834
BRDA:49,6,1,0
BRDA:53,7,0,0
BRDA:53,7,1,0
BRDA:83,8,0,1
BRDA:83,8,1,1
BRF:16
BRH:6
end_of_record
TN:
SF:./assets/_js/components/modal.js
FN:11,(anonymous_1)
FN:49,(anonymous_2)
FN:53,(anonymous_3)
FN:55,(anonymous_4)
FN:88,(anonymous_5)
FN:114,(anonymous_6)
FN:138,(anonymous_7)
FN:142,(anonymous_8)
FN:148,(anonymous_9)
FN:153,(anonymous_10)
FN:157,(anonymous_11)
FN:161,(anonymous_12)
FNF:12
FNH:4
FNDA:1,(anonymous_1)
FNDA:7,(anonymous_2)
FNDA:0,(anonymous_3)
FNDA:0,(anonymous_4)
FNDA:0,(anonymous_5)
FNDA:10,(anonymous_6)
FNDA:0,(anonymous_7)
FNDA:0,(anonymous_8)
FNDA:1,(anonymous_9)
FNDA:0,(anonymous_10)
FNDA:0,(anonymous_11)
FNDA:0,(anonymous_12)
DA:1,1
DA:11,1
DA:18,1
DA:23,1
DA:24,1
DA:25,1
DA:26,1
DA:27,1
DA:28,1
DA:29,1
DA:31,1
DA:33,1
DA:49,1
DA:52,7
DA:53,7
DA:54,0
DA:56,0
DA:62,7
DA:63,7
DA:69,7
DA:70,7
DA:73,7
DA:76,7
DA:78,7
DA:82,7
DA:86,7
DA:88,7
DA:89,0
DA:90,0
DA:91,0
DA:97,7
DA:103,7
DA:104,0
DA:105,0
DA:107,0
DA:108,0
DA:114,1
DA:117,10
DA:119,10
DA:120,0
DA:121,0
DA:122,0
DA:126,10
DA:127,10
DA:130,10
DA:134,10
DA:138,1
DA:139,0
DA:142,1
DA:143,0
DA:144,0
DA:145,0
DA:148,1
DA:149,1
DA:150,1
DA:153,1
DA:155,0
DA:157,0
DA:158,0
DA:161,0
DA:162,0
DA:166,1
LF:62
LH:41
BRDA:1,1,0,1
BRDA:1,1,1,0
BRDA:52,2,0,7
BRDA:52,2,1,0
BRDA:62,3,0,7
BRDA:62,3,1,0
BRDA:69,4,0,7
BRDA:69,4,1,0
BRDA:89,5,0,0
BRDA:89,5,1,0
BRDA:89,6,0,0
BRDA:89,6,1,0
BRDA:103,7,0,0
BRDA:103,7,1,7
BRDA:107,8,0,0
BRDA:107,8,1,0
BRDA:119,9,0,0
BRDA:119,9,1,10
BRF:18
BRH:6
end_of_record
TN:
SF:./assets/_js/components/modalForm.js
FN:10,(anonymous_1)
FN:14,init
FN:16,transform
FN:50,unbind
FNF:4
FNH:2
FNDA:1,(anonymous_1)
FNDA:2,init
FNDA:0,transform
FNDA:0,unbind
DA:1,1
DA:10,1
DA:14,1
DA:16,2
DA:17,0
DA:24,0
DA:34,2
DA:38,2
DA:50,2
DA:51,0
LF:10
LH:7
BRDA:1,1,0,1
BRDA:1,1,1,0
BRF:2
BRH:1
end_of_record
TN:
SF:./assets/_js/components/modalLink.js
FN:17,(anonymous_1)
FN:21,init
FN:24,(anonymous_3)
FNF:3
FNH:1
FNDA:1,(anonymous_1)
FNDA:0,init
FNDA:0,(anonymous_3)
DA:1,1
DA:17,1
DA:21,1
DA:22,0
DA:24,0
DA:25,0
DA:29,0
DA:31,0
DA:33,0
LF:9
LH:3
BRDA:1,1,0,1
BRDA:1,1,1,0
BRF:2
BRH:1
end_of_record
TN:
SF:./assets/_js/components/modalResponse.js
FN:11,(anonymous_1)
FN:15,modaliseResponse
FN:16,(anonymous_3)
FNF:3
FNH:1
FNDA:1,(anonymous_1)
FNDA:0,modaliseResponse
FNDA:0,(anonymous_3)
DA:1,1
DA:11,1
DA:15,1
DA:16,0
DA:17,0
DA:18,0
DA:19,0
DA:25,0
LF:8
LH:3
BRDA:1,1,0,1
BRDA:1,1,1,0
BRDA:17,2,0,0
BRDA:17,2,1,0
BRDA:17,3,0,0
BRDA:17,3,1,0
BRF:6
BRH:1
end_of_record
TN:
SF:./assets/_js/components/multiFilter.js
FN:12,(anonymous_1)
FN:16,init
FN:20,(anonymous_3)
FN:35,setup
FN:38,(anonymous_5)
FN:47,(anonymous_6)
FN:57,renderOptGroup
FNF:7
FNH:7
FNDA:1,(anonymous_1)
FNDA:7,init
FNDA:63,(anonymous_3)
FNDA:52,setup
FNDA:63,(anonymous_5)
FNDA:63,(anonymous_6)
FNDA:63,renderOptGroup
DA:1,1
DA:12,1
DA:16,1
DA:18,7
DA:20,7
DA:21,63
DA:22,63
DA:24,63
DA:25,21
DA:29,63
DA:35,1
DA:37,52
DA:38,52
DA:39,63
DA:43,52
DA:47,52
DA:48,63
DA:53,52
DA:57,1
DA:58,63
DA:59,63
DA:61,63
DA:62,189
DA:63,189
DA:67,189
DA:68,18
DA:70,171
DA:72,189
DA:75,63
DA:78,7
DA:80,7
LF:31
LH:31
BRDA:1,1,0,1
BRDA:1,1,1,0
BRDA:24,2,0,21
BRDA:24,2,1,42
BRDA:43,3,0,52
BRDA:43,3,1,34
BRDA:67,4,0,18
BRDA:67,4,1,171
BRF:8
BRH:7
end_of_record
TN:
SF:./assets/_js/components/normaliseResponse.js
FN:11,(anonymous_1)
FN:15,init
FN:34,findTitle
FN:57,parse
FN:101,(anonymous_5)
FN:132,onResponse
FNF:6
FNH:6
FNDA:1,(anonymous_1)
FNDA:31,init
FNDA:8,findTitle
FNDA:14,parse
FNDA:7,(anonymous_5)
FNDA:19,onResponse
DA:1,1
DA:11,1
DA:15,1
DA:17,31
DA:18,31
DA:23,31
DA:24,1
DA:27,30
DA:28,30
DA:29,30
DA:30,30
DA:31,30
DA:32,30
DA:34,1
DA:35,8
DA:36,8
DA:40,8
DA:42,8
DA:44,8
DA:49,8
DA:50,0
DA:51,0
DA:54,8
DA:57,1
DA:58,14
DA:59,14
DA:60,14
DA:61,14
DA:64,14
DA:65,14
DA:66,14
DA:67,14
DA:69,0
DA:74,14
DA:83,14
DA:84,6
DA:85,6
DA:86,6
DA:87,0
DA:88,0
DA:91,8
DA:92,8
DA:95,14
DA:96,6
DA:97,6
DA:101,6
DA:102,7
DA:103,7
DA:104,7
DA:105,7
DA:109,6
DA:113,6
DA:114,6
DA:117,8
DA:121,14
DA:122,6
DA:123,6
DA:125,8
DA:128,14
DA:132,30
DA:136,19
DA:138,19
DA:139,14
DA:140,14
DA:145,19
DA:148,0
DA:150,0
DA:154,0
DA:155,0
DA:158,0
DA:159,0
DA:162,0
DA:163,0
DA:165,0
DA:169,0
DA:174,0
DA:178,19
DA:179,18
DA:180,18
DA:182,18
DA:183,0
DA:189,18
DA:190,0
DA:199,19
LF:84
LH:66
BRDA:1,1,0,1
BRDA:1,1,1,0
BRDA:17,2,0,31
BRDA:17,2,1,0
BRDA:23,3,0,1
BRDA:23,3,1,30
BRDA:28,4,0,30
BRDA:28,4,1,30
BRDA:29,5,0,30
BRDA:29,5,1,30
BRDA:30,6,0,30
BRDA:30,6,1,30
BRDA:31,7,0,30
BRDA:31,7,1,30
BRDA:32,8,0,0
BRDA:32,8,1,30
BRDA:42,9,0,8
BRDA:42,9,1,0
BRDA:49,10,0,0
BRDA:49,10,1,8
BRDA:83,11,0,6
BRDA:83,11,1,8
BRDA:86,12,0,0
BRDA:86,12,1,6
BRDA:95,13,0,6
BRDA:95,13,1,8
BRDA:103,14,0,7
BRDA:103,14,1,0
BRDA:121,15,0,6
BRDA:121,15,1,8
BRDA:138,16,0,14
BRDA:138,16,1,5
BRDA:145,17,0,0
BRDA:145,17,1,19
BRDA:145,18,0,19
BRDA:145,18,1,0
BRDA:158,19,0,0
BRDA:158,19,1,0
BRDA:178,20,0,18
BRDA:178,20,1,1
BRDA:182,21,0,0
BRDA:182,21,1,18
BRDA:189,22,0,0
BRDA:189,22,1,18
BRF:44
BRH:31
end_of_record
TN:
SF:./assets/_js/components/notices.js
FN:10,(anonymous_1)
FN:18,init
FN:20,addCloseButton
FN:26,remove
FN:30,fadeOut
FN:33,(anonymous_6)
FN:38,(anonymous_7)
FN:49,(anonymous_8)
FN:53,(anonymous_9)
FN:64,(anonymous_10)
FNF:10
FNH:10
FNDA:1,(anonymous_1)
FNDA:5,init
FNDA:9,addCloseButton
FNDA:9,remove
FNDA:4,fadeOut
FNDA:1,(anonymous_6)
FNDA:8,(anonymous_7)
FNDA:5,(anonymous_8)
FNDA:9,(anonymous_9)
FNDA:5,(anonymous_10)
DA:1,1
DA:10,1
DA:14,1
DA:15,1
DA:16,1
DA:18,1
DA:20,1
DA:21,9
DA:26,1
DA:27,9
DA:30,1
DA:31,4
DA:34,1
DA:38,5
DA:39,8
DA:41,8
DA:42,2
DA:45,6
DA:49,5
DA:53,5
DA:54,9
DA:55,9
DA:57,0
DA:64,5
DA:65,5
DA:66,4
LF:26
LH:25
BRDA:1,1,0,1
BRDA:1,1,1,0
BRDA:41,2,0,2
BRDA:41,2,1,6
BRDA:54,3,0,9
BRDA:54,3,1,0
BRDA:65,4,0,4
BRDA:65,4,1,1
BRF:8
BRH:6
end_of_record
TN:
SF:./assets/_js/components/postcodeSearch.js
FN:7,(anonymous_1)
FN:13,init
FN:49,isClean
FN:71,inProgress
FN:75,hasSearchField
FN:79,formatUKPostcode
FN:96,getRootSelector
FN:121,handleInput
FN:122,(anonymous_9)
FN:146,(anonymous_10)
FN:161,setup
FN:162,(anonymous_12)
FN:185,(anonymous_13)
FN:191,(anonymous_14)
FN:200,(anonymous_15)
FN:211,(anonymous_16)
FNF:16
FNH:14
FNDA:1,(anonymous_1)
FNDA:12,init
FNDA:6,isClean
FNDA:6,inProgress
FNDA:9,hasSearchField
FNDA:1,formatUKPostcode
FNDA:1,getRootSelector
FNDA:3,handleInput
FNDA:3,(anonymous_9)
FNDA:1,(anonymous_10)
FNDA:9,setup
FNDA:9,(anonymous_12)
FNDA:3,(anonymous_13)
FNDA:0,(anonymous_14)
FNDA:0,(anonymous_15)
FNDA:13,(anonymous_16)
DA:1,1
DA:7,1
DA:13,1
DA:14,12
DA:18,12
DA:31,12
DA:39,12
DA:41,12
DA:42,12
DA:43,12
DA:44,12
DA:46,12
DA:49,1
DA:50,6
DA:52,6
DA:53,42
DA:54,42
DA:55,30
DA:58,12
DA:59,0
DA:64,6
DA:71,1
DA:72,6
DA:75,1
DA:76,9
DA:79,1
DA:80,1
DA:82,1
DA:84,1
DA:85,0
DA:87,1
DA:88,1
DA:89,1
DA:96,1
DA:97,1
DA:98,1
DA:100,1
DA:101,3
DA:105,3
DA:106,0
DA:107,0
DA:108,0
DA:109,0
DA:113,1
DA:114,0
DA:116,1
DA:121,1
DA:122,3
DA:123,3
DA:130,3
DA:132,3
DA:133,3
DA:134,3
DA:135,3
DA:138,3
DA:140,3
DA:141,1
DA:144,3
DA:147,1
DA:148,0
DA:161,1
DA:162,9
DA:163,9
DA:164,3
DA:169,6
DA:172,6
DA:175,0
DA:182,12
DA:185,12
DA:186,3
DA:187,3
DA:191,12
DA:193,0
DA:195,0
DA:200,12
DA:201,0
DA:207,0
DA:211,12
DA:212,13
DA:214,13
DA:217,13
DA:218,13
DA:219,13
DA:222,13
DA:225,13
LF:85
LH:72
BRDA:1,1,0,1
BRDA:1,1,1,0
BRDA:18,2,0,12
BRDA:18,2,1,12
BRDA:54,3,0,30
BRDA:54,3,1,12
BRDA:58,4,0,0
BRDA:58,4,1,12
BRDA:84,5,0,0
BRDA:84,5,1,1
BRDA:105,6,0,0
BRDA:105,6,1,3
BRDA:107,7,0,0
BRDA:107,7,1,0
BRDA:113,8,0,0
BRDA:113,8,1,1
BRDA:140,9,0,1
BRDA:140,9,1,2
BRDA:163,10,0,3
BRDA:163,10,1,6
BRDA:169,11,0,6
BRDA:169,11,1,0
BRDA:169,12,0,6
BRDA:169,12,1,6
BRDA:193,13,0,0
BRDA:193,13,1,0
BRF:26
BRH:16
end_of_record
TN:
SF:./assets/_js/components/preloader.js
FN:7,(anonymous_1)
FN:20,modalPreloader
FN:29,tablePreloader
FN:38,inlinePreloader
FN:46,(anonymous_5)
FN:70,(anonymous_6)
FNF:6
FNH:6
FNDA:1,(anonymous_1)
FNDA:1,modalPreloader
FNDA:1,tablePreloader
FNDA:1,inlinePreloader
FNDA:4,(anonymous_5)
FNDA:1,(anonymous_6)
DA:1,1
DA:7,1
DA:11,1
DA:17,1
DA:18,1
DA:20,1
DA:21,1
DA:26,1
DA:29,1
DA:30,1
DA:35,1
DA:38,1
DA:39,1
DA:46,1
DA:49,4
DA:50,1
DA:53,3
DA:55,0
DA:56,0
DA:58,1
DA:59,1
DA:61,1
DA:62,1
DA:64,1
DA:65,1
DA:70,1
DA:71,1
DA:74,1
LF:28
LH:26
BRDA:1,1,0,1
BRDA:1,1,1,0
BRDA:49,2,0,1
BRDA:49,2,1,3
BRDA:53,3,0,0
BRDA:53,3,1,1
BRDA:53,3,2,1
BRDA:53,3,3,1
BRF:8
BRH:6
end_of_record
TN:
SF:./assets/_js/components/queryString.js
FN:7,(anonymous_1)
FN:13,(anonymous_2)
FNF:2
FNH:2
FNDA:1,(anonymous_1)
FNDA:6,(anonymous_2)
DA:1,1
DA:7,1
DA:11,1
DA:13,1
DA:14,6
DA:15,6
DA:17,6
DA:18,4
DA:21,2
DA:23,2
DA:24,5
DA:27,5
DA:28,2
DA:30,5
DA:33,2
DA:36,1
LF:16
LH:16
BRDA:1,1,0,1
BRDA:1,1,1,0
BRDA:17,2,0,4
BRDA:17,2,1,2
BRDA:27,3,0,2
BRDA:27,3,1,3
BRF:6
BRH:5
end_of_record
TN:
SF:./assets/_js/components/ready.js
FN:7,(anonymous_1)
FN:13,isCached
FN:23,addCache
FN:27,init
FNF:4
FNH:4
FNDA:1,(anonymous_1)
FNDA:3,isCached
FNDA:1,addCache
FNDA:4,init
DA:1,1
DA:7,1
DA:11,1
DA:13,1
DA:14,3
DA:15,3
DA:16,2
DA:17,2
DA:20,1
DA:23,1
DA:24,1
DA:27,1
DA:28,4
DA:29,1
DA:32,3
DA:33,2
DA:36,1
DA:37,1
LF:18
LH:18
BRDA:1,1,0,1
BRDA:1,1,1,0
BRDA:16,2,0,2
BRDA:16,2,1,0
BRDA:28,3,0,1
BRDA:28,3,1,3
BRDA:32,4,0,2
BRDA:32,4,1,1
BRF:8
BRH:6
end_of_record
TN:
SF:./assets/_js/components/responseFilter.js
FN:7,(anonymous_1)
FN:11,init
FN:17,(anonymous_3)
FNF:3
FNH:3
FNDA:1,(anonymous_1)
FNDA:15,init
FNDA:6,(anonymous_3)
DA:1,1
DA:7,1
DA:11,1
DA:13,15
DA:14,1
DA:17,14
DA:18,6
DA:20,6
DA:29,4
DA:34,4
DA:35,3
DA:39,6
DA:40,6
LF:13
LH:13
BRDA:1,1,0,1
BRDA:1,1,1,0
BRDA:13,2,0,1
BRDA:13,2,1,14
BRDA:20,3,0,4
BRDA:20,3,1,2
BRDA:34,4,0,3
BRDA:34,4,1,1
BRF:8
BRH:7
end_of_record
TN:
SF:./assets/_js/components/searchFilter.js
FN:12,(anonymous_1)
FN:16,init
FN:29,makeExpandable
FN:43,(anonymous_4)
FN:61,revert
FN:69,viewport
FN:80,(anonymous_7)
FN:82,(anonymous_8)
FNF:8
FNH:4
FNDA:1,(anonymous_1)
FNDA:11,init
FNDA:11,makeExpandable
FNDA:6,(anonymous_4)
FNDA:0,revert
FNDA:0,viewport
FNDA:0,(anonymous_7)
FNDA:0,(anonymous_8)
DA:1,1
DA:12,1
DA:16,1
DA:18,11
DA:26,11
DA:27,11
DA:29,1
DA:31,11
DA:33,11
DA:38,11
DA:43,11
DA:45,6
DA:47,6
DA:48,3
DA:49,3
DA:51,3
DA:52,3
DA:55,6
DA:61,1
DA:62,0
DA:63,0
DA:64,0
DA:65,0
DA:69,1
DA:70,0
DA:71,0
DA:72,0
DA:73,0
DA:75,0
DA:78,11
DA:79,0
DA:80,0
DA:81,0
DA:82,0
DA:83,0
DA:84,0
DA:85,0
DA:88,0
DA:93,11
LF:39
LH:22
BRDA:1,1,0,1
BRDA:1,1,1,0
BRDA:47,2,0,3
BRDA:47,2,1,3
BRDA:71,3,0,0
BRDA:71,3,1,0
BRDA:73,4,0,0
BRDA:73,4,1,0
BRDA:78,5,0,0
BRDA:78,5,1,11
BRDA:84,6,0,0
BRDA:84,6,1,0
BRF:12
BRH:4
end_of_record
TN:
SF:./assets/_js/components/selectBox.js
FN:10,(anonymous_1)
FN:14,init
FN:22,setup
FN:32,select
FN:36,deselect
FN:40,(anonymous_6)
FN:48,(anonymous_7)
FNF:7
FNH:7
FNDA:1,(anonymous_1)
FNDA:7,init
FNDA:7,setup
FNDA:29,select
FNDA:16,deselect
FNDA:9,(anonymous_6)
FNDA:27,(anonymous_7)
DA:1,1
DA:10,1
DA:14,1
DA:16,7
DA:17,7
DA:19,7
DA:20,7
DA:22,1
DA:23,7
DA:27,7
DA:32,1
DA:33,29
DA:36,1
DA:37,16
DA:40,7
DA:42,9
DA:44,9
DA:45,9
DA:48,7
DA:49,27
DA:50,20
DA:52,7
DA:56,7
DA:58,7
LF:24
LH:24
BRDA:1,1,0,1
BRDA:1,1,1,0
BRDA:49,2,0,20
BRDA:49,2,1,7
BRF:4
BRH:3
end_of_record
TN:
SF:./assets/_js/components/splitScreen.js
FN:9,(anonymous_1)
FN:13,init
FN:27,splitHashFragment
FN:37,checkStore
FN:46,isValidOrientation
FN:53,getDefaultOrientation
FN:71,getOrientationPreference
FN:78,setOrientationPreference
FN:85,close
FN:98,(anonymous_10)
FN:108,updateHashFragment
FN:114,setOrientation
FN:127,toggleVisible
FN:135,setUp
FN:150,(anonymous_15)
FN:163,toggledOrientation
FN:168,toggledVisibility
FN:173,closeSplitScreen
FNF:18
FNH:1
FNDA:1,(anonymous_1)
FNDA:0,init
FNDA:0,splitHashFragment
FNDA:0,checkStore
FNDA:0,isValidOrientation
FNDA:0,getDefaultOrientation
FNDA:0,getOrientationPreference
FNDA:0,setOrientationPreference
FNDA:0,close
FNDA:0,(anonymous_10)
FNDA:0,updateHashFragment
FNDA:0,setOrientation
FNDA:0,toggleVisible
FNDA:0,setUp
FNDA:0,(anonymous_15)
FNDA:0,toggledOrientation
FNDA:0,toggledVisibility
FNDA:0,closeSplitScreen
DA:1,1
DA:9,1
DA:13,1
DA:15,0
DA:16,0
DA:17,0
DA:18,0
DA:19,0
DA:20,0
DA:21,0
DA:22,0
DA:23,0
DA:27,1
DA:28,0
DA:30,0
DA:31,0
DA:32,0
DA:33,0
DA:37,1
DA:38,0
DA:39,0
DA:40,0
DA:42,0
DA:46,1
DA:47,0
DA:53,1
DA:55,0
DA:57,0
DA:58,0
DA:61,0
DA:63,0
DA:64,0
DA:67,0
DA:71,1
DA:72,0
DA:73,0
DA:78,1
DA:79,0
DA:80,0
DA:85,1
DA:87,0
DA:91,0
DA:92,0
DA:95,0
DA:96,0
DA:98,0
DA:99,0
DA:100,0
DA:104,0
DA:108,1
DA:109,0
DA:110,0
DA:114,1
DA:115,0
DA:117,0
DA:119,0
DA:120,0
DA:121,0
DA:123,0
DA:127,1
DA:128,0
DA:129,0
DA:130,0
DA:131,0
DA:132,0
DA:135,1
DA:136,0
DA:139,0
DA:140,0
DA:142,0
DA:144,0
DA:145,0
DA:146,0
DA:147,0
DA:150,0
DA:151,0
DA:154,0
DA:157,0
DA:158,0
DA:163,0
DA:164,0
DA:165,0
DA:168,0
DA:169,0
DA:170,0
DA:173,0
DA:174,0
DA:175,0
DA:178,0
LF:89
LH:14
BRDA:1,1,0,1
BRDA:1,1,1,0
BRDA:32,2,0,0
BRDA:32,2,1,0
BRDA:33,3,0,0
BRDA:33,3,1,0
BRDA:57,4,0,0
BRDA:57,4,1,0
BRDA:63,5,0,0
BRDA:63,5,1,0
BRDA:72,6,0,0
BRDA:72,6,1,0
BRDA:79,7,0,0
BRDA:79,7,1,0
BRDA:99,8,0,0
BRDA:99,8,1,0
BRDA:109,9,0,0
BRDA:109,9,1,0
BRDA:144,10,0,0
BRDA:144,10,1,0
BRDA:157,11,0,0
BRDA:157,11,1,0
BRDA:165,12,0,0
BRDA:165,12,1,0
BRF:24
BRH:1
end_of_record
TN:
SF:./assets/_js/components/submitForm.js
FN:17,(anonymous_1)
FN:21,submit
FN:25,(anonymous_3)
FN:46,complete
FNF:4
FNH:2
FNDA:1,(anonymous_1)
FNDA:2,submit
FNDA:0,(anonymous_3)
FNDA:0,complete
DA:1,1
DA:17,1
DA:21,1
DA:23,2
DA:24,2
DA:25,2
DA:28,2
DA:32,2
DA:34,2
DA:35,2
DA:36,2
DA:38,2
DA:39,2
DA:40,2
DA:46,1
DA:48,0
DA:49,0
DA:52,0
DA:53,0
DA:57,2
DA:58,2
DA:59,0
DA:63,0
DA:66,2
DA:67,0
DA:68,2
DA:69,0
DA:72,2
DA:73,0
DA:76,2
LF:30
LH:21
BRDA:1,1,0,1
BRDA:1,1,1,0
BRDA:25,2,0,2
BRDA:25,2,1,1
BRDA:28,3,0,0
BRDA:28,3,1,2
BRDA:38,4,0,2
BRDA:38,4,1,0
BRDA:48,5,0,0
BRDA:48,5,1,0
BRDA:52,6,0,0
BRDA:52,6,1,0
BRDA:58,7,0,0
BRDA:58,7,1,2
BRDA:66,8,0,0
BRDA:66,8,1,2
BRDA:68,9,0,0
BRDA:68,9,1,2
BRDA:72,10,0,0
BRDA:72,10,1,2
BRF:20
BRH:9
end_of_record
TN:
SF:./assets/_js/components/tableCheckAll.js
FN:10,(anonymous_1)
FN:14,init
FN:22,(anonymous_3)
FNF:3
FNH:3
FNDA:1,(anonymous_1)
FNDA:18,init
FNDA:32,(anonymous_3)
DA:1,1
DA:10,1
DA:14,1
DA:16,18
DA:20,18
DA:22,18
DA:24,32
DA:25,32
DA:27,32
DA:31,32
DA:32,32
DA:34,0
LF:12
LH:11
BRDA:1,1,0,1
BRDA:1,1,1,0
BRDA:31,2,0,32
BRDA:31,2,1,0
BRF:4
BRH:2
end_of_record
TN:
SF:./assets/_js/components/tableRows.js
FN:10,(anonymous_1)
FN:14,init
FN:21,getActions
FN:27,checkForSingleAction
FN:42,(anonymous_5)
FN:44,(anonymous_6)
FN:51,(anonymous_7)
FN:56,(anonymous_8)
FN:61,highlightRow
FN:69,unHighlightRow
FN:77,toggleRow
FN:102,(anonymous_12)
FN:121,(anonymous_13)
FN:159,(anonymous_14)
FNF:14
FNH:8
FNDA:1,(anonymous_1)
FNDA:4,init
FNDA:8,getActions
FNDA:6,checkForSingleAction
FNDA:0,(anonymous_5)
FNDA:0,(anonymous_6)
FNDA:0,(anonymous_7)
FNDA:2,(anonymous_8)
FNDA:1,highlightRow
FNDA:0,unHighlightRow
FNDA:1,toggleRow
FNDA:0,(anonymous_12)
FNDA:0,(anonymous_13)
FNDA:4,(anonymous_14)
DA:1,1
DA:10,1
DA:14,1
DA:16,4
DA:17,4
DA:18,4
DA:21,1
DA:22,8
DA:27,1
DA:28,6
DA:29,6
DA:35,4
DA:37,4
DA:38,4
DA:42,4
DA:43,0
DA:44,0
DA:45,0
DA:47,0
DA:49,0
DA:52,0
DA:56,4
DA:58,2
DA:59,2
DA:61,1
DA:62,1
DA:64,1
DA:66,1
DA:69,1
DA:70,0
DA:72,0
DA:74,0
DA:77,1
DA:78,1
DA:79,1
DA:80,0
DA:82,1
DA:86,2
DA:87,0
DA:91,2
DA:92,1
DA:96,2
DA:99,1
DA:102,0
DA:103,0
DA:107,0
DA:110,0
DA:111,0
DA:112,0
DA:114,0
DA:115,0
DA:118,0
DA:119,0
DA:121,0
DA:122,0
DA:123,0
DA:125,0
DA:129,0
DA:132,1
DA:135,1
DA:137,0
DA:138,0
DA:139,0
DA:145,2
DA:146,1
DA:151,1
DA:152,0
DA:153,0
DA:159,4
DA:162,4
DA:163,3
DA:167,1
DA:168,1
DA:169,0
DA:170,0
LF:75
LH:42
BRDA:1,1,0,1
BRDA:1,1,1,0
BRDA:28,2,0,6
BRDA:28,2,1,0
BRDA:43,3,0,0
BRDA:43,3,1,0
BRDA:62,4,0,1
BRDA:62,4,1,0
BRDA:70,5,0,0
BRDA:70,5,1,0
BRDA:78,6,0,1
BRDA:78,6,1,1
BRDA:79,7,0,0
BRDA:79,7,1,1
BRDA:86,8,0,0
BRDA:86,8,1,2
BRDA:91,9,0,1
BRDA:91,9,1,1
BRDA:91,10,0,2
BRDA:91,10,1,1
BRDA:96,11,0,1
BRDA:96,11,1,1
BRDA:99,12,0,0
BRDA:99,12,1,1
BRDA:99,13,0,1
BRDA:99,13,1,0
BRDA:110,14,0,0
BRDA:110,14,1,0
BRDA:111,15,0,0
BRDA:111,15,1,0
BRDA:122,16,0,0
BRDA:122,16,1,0
BRDA:135,17,0,0
BRDA:135,17,1,1
BRDA:135,18,0,1
BRDA:135,18,1,0
BRDA:145,19,0,1
BRDA:145,19,1,1
BRDA:151,20,0,0
BRDA:151,20,1,1
BRDA:151,21,0,1
BRDA:151,21,1,1
BRDA:151,21,2,0
BRDA:162,22,0,3
BRDA:162,22,1,1
BRDA:167,23,0,1
BRDA:167,23,1,0
BRDA:169,24,0,0
BRDA:169,24,1,0
BRF:49
BRH:25
end_of_record
TN:
SF:./assets/_js/components/tableSorter.js
FN:7,(anonymous_1)
FN:11,init
FN:21,clickHandler
FN:27,(anonymous_4)
FN:36,(anonymous_5)
FNF:5
FNH:5
FNDA:1,(anonymous_1)
FNDA:4,init
FNDA:3,clickHandler
FNDA:1,(anonymous_4)
FNDA:9,(anonymous_5)
DA:1,1
DA:7,1
DA:11,1
DA:12,4
DA:13,4
DA:14,4
DA:16,4
DA:21,4
DA:22,3
DA:24,3
DA:28,1
DA:32,3
DA:36,3
DA:37,9
DA:38,0
LF:15
LH:14
BRDA:1,1,0,1
BRDA:1,1,1,0
BRDA:37,2,0,0
BRDA:37,2,1,9
BRF:4
BRH:2
end_of_record
TN:
SF:./assets/_js/components/textareaPlaceholder.js
FN:13,(anonymous_1)
FN:17,init
FN:19,(anonymous_3)
FN:20,(anonymous_4)
FNF:4
FNH:4
FNDA:1,(anonymous_1)
FNDA:2,init
FNDA:2,(anonymous_3)
FNDA:2,(anonymous_4)
DA:1,1
DA:13,1
DA:17,1
DA:19,2
DA:20,2
DA:22,2
DA:24,2
LF:7
LH:7
BRDA:1,1,0,1
BRDA:1,1,1,0
BRDA:22,2,0,2
BRDA:22,2,1,0
BRF:4
BRH:2
end_of_record
TN:
SF:./assets/_js/components/toggleElement.js
FN:13,(anonymous_1)
FN:17,init
FN:26,hide
FN:31,(anonymous_4)
FN:41,(anonymous_5)
FNF:5
FNH:5
FNDA:1,(anonymous_1)
FNDA:7,init
FNDA:3,hide
FNDA:3,(anonymous_4)
FNDA:7,(anonymous_5)
DA:1,1
DA:13,1
DA:17,1
DA:19,7
DA:20,3
DA:23,4
DA:24,4
DA:26,1
DA:27,3
DA:28,3
DA:31,4
DA:32,3
DA:33,3
DA:34,1
DA:36,2
DA:37,2
DA:41,4
DA:42,7
DA:43,2
LF:19
LH:19
BRDA:1,1,0,1
BRDA:1,1,1,0
BRDA:19,2,0,3
BRDA:19,2,1,4
BRDA:19,3,0,7
BRDA:19,3,1,6
BRDA:19,3,2,5
BRDA:33,4,0,1
BRDA:33,4,1,2
BRDA:42,5,0,2
BRDA:42,5,1,5
BRF:11
BRH:10
end_of_record
TN:
SF:./assets/_js/components/tooltip.js
FN:12,(anonymous_1)
FN:16,init
FN:21,(anonymous_3)
FN:26,(anonymous_4)
FN:27,(anonymous_5)
FNF:5
FNH:5
FNDA:1,(anonymous_1)
FNDA:4,init
FNDA:4,(anonymous_3)
FNDA:4,(anonymous_4)
FNDA:2,(anonymous_5)
DA:1,1
DA:12,1
DA:16,1
DA:19,4
DA:21,4
DA:23,4
DA:25,4
DA:26,4
DA:27,2
LF:9
LH:9
BRDA:1,1,0,1
BRDA:1,1,1,0
BRF:2
BRH:1
end_of_record
TN:
SF:./assets/_js/components/transform.js
FN:7,(anonymous_1)
FN:11,init
FNF:2
FNH:1
FNDA:1,(anonymous_1)
FNDA:0,init
DA:1,1
DA:7,1
DA:11,1
DA:12,0
DA:14,0
DA:15,0
DA:18,0
DA:19,0
DA:20,0
DA:21,0
DA:22,0
LF:11
LH:3
BRDA:1,1,0,1
BRDA:1,1,1,0
BRDA:14,2,0,0
BRDA:14,2,1,0
BRDA:20,3,0,0
BRDA:20,3,1,0
BRF:6
BRH:1
end_of_record
TN:
SF:./assets/_js/components/url.js
FN:9,(anonymous_1)
FN:13,hasTrailingSlash
FN:20,(anonymous_3)
FN:32,(anonymous_4)
FN:36,(anonymous_5)
FNF:5
FNH:3
FNDA:1,(anonymous_1)
FNDA:8,hasTrailingSlash
FNDA:4,(anonymous_3)
FNDA:0,(anonymous_4)
FNDA:0,(anonymous_5)
DA:1,1
DA:9,1
DA:13,1
DA:14,8
DA:16,8
DA:19,1
DA:21,4
DA:22,1
DA:25,4
DA:26,1
DA:29,4
DA:33,0
DA:37,0
DA:41,1
LF:14
LH:12
BRDA:1,1,0,1
BRDA:1,1,1,0
BRDA:21,2,0,1
BRDA:21,2,1,3
BRDA:25,3,0,1
BRDA:25,3,1,3
BRF:6
BRH:5
end_of_record
